Log file open, 09/02/21 09:56:36
LogWindows: Failed to load 'aqProf.dll' (GetLastError=126)
LogWindows: File 'aqProf.dll' does not exist
LogWindows: Failed to load 'VtuneApi.dll' (GetLastError=126)
LogWindows: File 'VtuneApi.dll' does not exist
LogWindows: Failed to load 'VtuneApi32e.dll' (GetLastError=126)
LogWindows: File 'VtuneApi32e.dll' does not exist
LogConsoleResponse: Display: Failed to find resolution value strings in scalability ini. Falling back to default.
LogConsoleResponse: Display: Failed to find resolution value strings in scalability ini. Falling back to default.
LogInit: Display: Running engine for game: TOUDI
LogPlatformFile: Not using cached read wrapper
LogTaskGraph: Started task graph with 5 named threads and 20 total threads with 3 sets of task threads.
LogStats: Stats thread started at 0.447101
LogICUInternationalization: ICU TimeZone Detection - Raw Offset: +1:00, Platform Override: ''
LogInit: Display: Loading text-based GConfig....
LogPluginManager: Mounting plugin MeshPainting
LogPluginManager: Mounting plugin XGEController
LogPluginManager: Mounting plugin Paper2D
LogPluginManager: Mounting plugin LiveLink
LogPluginManager: Mounting plugin AISupport
LogPluginManager: Mounting plugin EnvironmentQueryEditor
LogPluginManager: Mounting plugin LightPropagationVolume
LogPluginManager: Mounting plugin OodleData
LogPluginManager: Mounting plugin OodleNetwork
LogPluginManager: Mounting plugin CameraShakePreviewer
LogPluginManager: Mounting plugin AnimationSharing
LogPluginManager: Mounting plugin CodeLiteSourceCodeAccess
LogPluginManager: Mounting plugin CLionSourceCodeAccess
LogPluginManager: Mounting plugin GitSourceControl
LogPluginManager: Mounting plugin KDevelopSourceCodeAccess
LogPluginManager: Mounting plugin NullSourceCodeAccess
LogPluginManager: Mounting plugin PerforceSourceControl
LogPluginManager: Mounting plugin PluginUtils
LogPluginManager: Mounting plugin PixWinPlugin
LogPluginManager: Mounting plugin PlasticSourceControl
LogPluginManager: Mounting plugin PropertyAccessNode
LogPluginManager: Mounting plugin GameplayCameras
LogPluginManager: Mounting plugin AssetManagerEditor
LogPluginManager: Mounting plugin RiderSourceCodeAccess
LogPluginManager: Mounting plugin SubversionSourceControl
LogPluginManager: Mounting plugin CryptoKeys
LogPluginManager: Mounting plugin TextureFormatOodle
LogPluginManager: Mounting plugin CurveEditorTools
LogPluginManager: Mounting plugin UObjectPlugin
LogPluginManager: Mounting plugin VisualStudioSourceCodeAccess
LogPluginManager: Mounting plugin VisualStudioCodeSourceCodeAccess
LogPluginManager: Mounting plugin XCodeSourceCodeAccess
LogPluginManager: Mounting plugin DataValidation
LogPluginManager: Mounting plugin FacialAnimation
LogPluginManager: Mounting plugin GameplayTagsEditor
LogPluginManager: Mounting plugin GeometryMode
LogPluginManager: Mounting plugin MacGraphicsSwitching
LogPluginManager: Mounting plugin MaterialAnalyzer
LogPluginManager: Mounting plugin MobileLauncherProfileWizard
LogPluginManager: Mounting plugin PluginBrowser
LogPluginManager: Mounting plugin DatasmithContent
LogPluginManager: Mounting plugin SpeedTreeImporter
LogPluginManager: Mounting plugin VariantManagerContent
LogPluginManager: Mounting plugin Niagara
LogPluginManager: Mounting plugin AlembicImporter
LogPluginManager: Mounting plugin AutomationUtils
LogPluginManager: Mounting plugin BackChannel
LogPluginManager: Mounting plugin LuminPlatformFeatures
LogPluginManager: Mounting plugin ChaosCloth
LogPluginManager: Mounting plugin MagicLeap
LogPluginManager: Mounting plugin ChaosClothEditor
LogPluginManager: Mounting plugin ChaosEditor
LogPluginManager: Mounting plugin ChaosNiagara
LogPluginManager: Mounting plugin ChaosSolverPlugin
LogPluginManager: Mounting plugin MagicLeapLightEstimation
LogPluginManager: Mounting plugin MagicLeapMedia
LogPluginManager: Mounting plugin AndroidMedia
LogPluginManager: Mounting plugin AvfMedia
LogPluginManager: Mounting plugin CharacterAI
LogPluginManager: Mounting plugin ImgMedia
LogPluginManager: Mounting plugin MagicLeapPassableWorld
LogPluginManager: Mounting plugin MLSDK
LogPluginManager: Mounting plugin MediaCompositing
LogPluginManager: Mounting plugin MediaPlayerEditor
LogPluginManager: Mounting plugin WebMMedia
LogPluginManager: Mounting plugin WmfMedia
LogPluginManager: Mounting plugin GeometryCache
LogPluginManager: Mounting plugin GeometryCollectionPlugin
LogPluginManager: Mounting plugin GeometryProcessing
LogPluginManager: Mounting plugin MotoSynth
LogPluginManager: Mounting plugin OpenImageDenoise
LogPluginManager: Mounting plugin PlanarCut
LogPluginManager: Mounting plugin PlatformCrypto
LogPluginManager: Mounting plugin ProxyLODPlugin
LogPluginManager: Mounting plugin PythonScriptPlugin
LogPluginManager: Mounting plugin SkeletalReduction
LogPluginManager: Mounting plugin UdpMessaging
LogPluginManager: Mounting plugin TcpMessaging
LogPluginManager: Mounting plugin ActorSequence
LogPluginManager: Mounting plugin LevelSequenceEditor
LogPluginManager: Mounting plugin MatineeToLevelSequence
LogPluginManager: Mounting plugin TemplateSequence
LogPluginManager: Mounting plugin LauncherChunkInstaller
LogPluginManager: Mounting plugin OnlineSubsystem
LogPluginManager: Mounting plugin OnlineSubsystemNull
LogPluginManager: Mounting plugin OnlineSubsystemUtils
LogPluginManager: Mounting plugin ActorLayerUtilities
LogPluginManager: Mounting plugin AndroidDeviceProfileSelector
LogPluginManager: Mounting plugin AndroidMoviePlayer
LogPluginManager: Mounting plugin AndroidPermission
LogPluginManager: Mounting plugin AppleImageUtils
LogPluginManager: Mounting plugin AppleMoviePlayer
LogPluginManager: Mounting plugin ArchVisCharacter
LogPluginManager: Mounting plugin AudioSynesthesia
LogPluginManager: Mounting plugin AudioCapture
LogPluginManager: Mounting plugin CableComponent
LogPluginManager: Mounting plugin ChunkDownloader
LogPluginManager: Mounting plugin CustomMeshComponent
LogPluginManager: Mounting plugin EditableMesh
LogPluginManager: Mounting plugin ExampleDeviceProfileSelector
LogPluginManager: Mounting plugin GoogleCloudMessaging
LogPluginManager: Mounting plugin GooglePAD
LogPluginManager: Mounting plugin IOSDeviceProfileSelector
LogPluginManager: Mounting plugin LinuxDeviceProfileSelector
LogPluginManager: Mounting plugin LocationServicesBPLibrary
LogPluginManager: Mounting plugin MobilePatchingUtils
LogPluginManager: Mounting plugin OpenXR
LogPluginManager: Mounting plugin OpenXREyeTracker
LogPluginManager: Mounting plugin OpenXRHandTracking
LogPluginManager: Mounting plugin PhysXVehicles
LogPluginManager: Mounting plugin ScreenshotTools
LogPluginManager: Mounting plugin Takes
LogPluginManager: Mounting plugin PostSplashScreen
LogPluginManager: Mounting plugin ProceduralMeshComponent
LogPluginManager: Mounting plugin AssetTags
LogPluginManager: Mounting plugin SignificanceManager
LogPluginManager: Mounting plugin PropertyAccessEditor
LogPluginManager: Mounting plugin RuntimePhysXCooking
LogPluginManager: Mounting plugin SoundFields
LogPluginManager: Mounting plugin Synthesis
LogPluginManager: Mounting plugin WebMMoviePlayer
LogPluginManager: Mounting plugin WindowsMoviePlayer
LogPluginManager: Mounting plugin ContentBrowserAssetDataSource
LogPluginManager: Mounting plugin ContentBrowserFileDataSource
LogPluginManager: Mounting plugin ContentBrowserClassDataSource
LogPluginManager: Mounting plugin OnlineSubsystemGooglePlay
LogPluginManager: Mounting plugin OnlineSubsystemIOS
PixWinPlugin: PIX capture plugin failed to initialize! Check that the process is launched from PIX.
LogInit: Using libcurl 7.55.1-DEV
LogInit:  - built for x86_64-pc-win32
LogInit:  - supports SSL with OpenSSL/1.1.1
LogInit:  - supports HTTP deflate (compression) using libz 1.2.8
LogInit:  - other features:
LogInit:      CURL_VERSION_SSL
LogInit:      CURL_VERSION_LIBZ
LogInit:      CURL_VERSION_IPV6
LogInit:      CURL_VERSION_ASYNCHDNS
LogInit:      CURL_VERSION_LARGEFILE
LogInit:      CURL_VERSION_IDN
LogInit:  CurlRequestOptions (configurable via config and command line):
LogInit:  - bVerifyPeer = true  - Libcurl will verify peer certificate
LogInit:  - bUseHttpProxy = false  - Libcurl will NOT use HTTP proxy
LogInit:  - bDontReuseConnections = false  - Libcurl will reuse connections
LogInit:  - MaxHostConnections = 16  - Libcurl will limit the number of connections to a host
LogInit:  - LocalHostAddr = Default
LogInit:  - BufferSize = 65536
LogOnline: OSS: Creating online subsystem instance for: NULL
LogInit: WinSock: version 1.1 (2.2), MaxSocks=32767, MaxUdp=65467
LogOnline: OSS: TryLoadSubsystemAndSetDefault: Loaded subsystem for module [NULL]
LogInit: Build: ++UE4+Release-4.27-CL-17155196
LogInit: Engine Version: 4.27.0-17155196+++UE4+Release-4.27
LogInit: Compatible Engine Version: 4.27.0-17155196+++UE4+Release-4.27
LogInit: Net CL: 17155196
LogInit: OS: Windows 10 (Release 2009) (), CPU: Intel(R) Core(TM) i5-9600K CPU @ 3.70GHz, GPU: NVIDIA GeForce RTX 2060 SUPER
LogInit: Compiled (64-bit): Aug 13 2021 06:13:13
LogInit: Compiled with Visual C++: 19.24.28315.00
LogInit: Build Configuration: Development
LogInit: Branch Name: ++UE4+Release-4.27
LogInit: Command Line: 
LogInit: Base Directory: E:/UnrealEngine/UE_4.27/Engine/Binaries/Win64/
LogInit: Allocator: TBB
LogInit: Installed Engine Build: 1
LogDevObjectVersion: Number of dev versions registered: 29
LogDevObjectVersion:   Dev-Blueprints (B0D832E4-1F89-4F0D-ACCF-7EB736FD4AA2): 10
LogDevObjectVersion:   Dev-Build (E1C64328-A22C-4D53-A36C-8E866417BD8C): 0
LogDevObjectVersion:   Dev-Core (375EC13C-06E4-48FB-B500-84F0262A717E): 4
LogDevObjectVersion:   Dev-Editor (E4B068ED-F494-42E9-A231-DA0B2E46BB41): 40
LogDevObjectVersion:   Dev-Framework (CFFC743F-43B0-4480-9391-14DF171D2073): 37
LogDevObjectVersion:   Dev-Mobile (B02B49B5-BB20-44E9-A304-32B752E40360): 3
LogDevObjectVersion:   Dev-Networking (A4E4105C-59A1-49B5-A7C5-40C4547EDFEE): 0
LogDevObjectVersion:   Dev-Online (39C831C9-5AE6-47DC-9A44-9C173E1C8E7C): 0
LogDevObjectVersion:   Dev-Physics (78F01B33-EBEA-4F98-B9B4-84EACCB95AA2): 14
LogDevObjectVersion:   Dev-Platform (6631380F-2D4D-43E0-8009-CF276956A95A): 0
LogDevObjectVersion:   Dev-Rendering (12F88B9F-8875-4AFC-A67C-D90C383ABD29): 45
LogDevObjectVersion:   Dev-Sequencer (7B5AE74C-D270-4C10-A958-57980B212A5A): 13
LogDevObjectVersion:   Dev-VR (D7296918-1DD6-4BDD-9DE2-64A83CC13884): 3
LogDevObjectVersion:   Dev-LoadTimes (C2A15278-BFE7-4AFE-6C17-90FF531DF755): 1
LogDevObjectVersion:   Private-Geometry (6EACA3D4-40EC-4CC1-B786-8BED09428FC5): 3
LogDevObjectVersion:   Dev-AnimPhys (29E575DD-E0A3-4627-9D10-D276232CDCEA): 17
LogDevObjectVersion:   Dev-Anim (AF43A65D-7FD3-4947-9873-3E8ED9C1BB05): 15
LogDevObjectVersion:   Dev-ReflectionCapture (6B266CEC-1EC7-4B8F-A30B-E4D90942FC07): 1
LogDevObjectVersion:   Dev-Automation (0DF73D61-A23F-47EA-B727-89E90C41499A): 1
LogDevObjectVersion:   FortniteMain (601D1886-AC64-4F84-AA16-D3DE0DEAC7D6): 47
LogDevObjectVersion:   FortniteRelease (E7086368-6B23-4C58-8439-1B7016265E91): 1
LogDevObjectVersion:   Dev-Enterprise (9DFFBCD6-494F-0158-E221-12823C92A888): 10
LogDevObjectVersion:   Dev-Niagara (F2AED0AC-9AFE-416F-8664-AA7FFA26D6FC): 1
LogDevObjectVersion:   Dev-Destruction (174F1F0B-B4C6-45A5-B13F-2EE8D0FB917D): 10
LogDevObjectVersion:   Dev-Physics-Ext (35F94A83-E258-406C-A318-09F59610247C): 41
LogDevObjectVersion:   Dev-PhysicsMaterial-Chaos (B68FC16E-8B1B-42E2-B453-215C058844FE): 1
LogDevObjectVersion:   Dev-CineCamera (B2E18506-4273-CFC2-A54E-F4BB758BBA07): 1
LogDevObjectVersion:   Dev-VirtualProduction (64F58936-FD1B-42BA-BA96-7289D5D0FA4E): 1
LogDevObjectVersion:   Dev-MediaFramework (6F0ED827-A609-4895-9C91-998D90180EA4): 2
LogInit: Presizing for max 25165824 objects, including 0 objects not considered by GC, pre-allocating 0 bytes for permanent pool.
LogConfig: Applying CVar settings from Section [/Script/Engine.StreamingSettings] File [C:/Users/theol/Desktop/SWAT2D_WIP/UnrealProject/Saved/Config/Windows/Engine.ini]
LogConfig: Setting CVar [[s.MinBulkDataSizeForAsyncLoading:131072]]
LogConfig: Setting CVar [[s.AsyncLoadingThreadEnabled:0]]
LogConfig: Setting CVar [[s.EventDrivenLoaderEnabled:1]]
LogConfig: Setting CVar [[s.WarnIfTimeLimitExceeded:0]]
LogConfig: Setting CVar [[s.TimeLimitExceededMultiplier:1.5]]
LogConfig: Setting CVar [[s.TimeLimitExceededMinTime:0.005]]
LogConfig: Setting CVar [[s.UseBackgroundLevelStreaming:1]]
LogConfig: Setting CVar [[s.PriorityAsyncLoadingExtraTime:15.0]]
LogConfig: Setting CVar [[s.LevelStreamingActorsUpdateTimeLimit:5.0]]
LogConfig: Setting CVar [[s.PriorityLevelStreamingActorsUpdateExtraTime:5.0]]
LogConfig: Setting CVar [[s.LevelStreamingComponentsRegistrationGranularity:10]]
LogConfig: Setting CVar [[s.UnregisterComponentsTimeLimit:1.0]]
LogConfig: Setting CVar [[s.LevelStreamingComponentsUnregistrationGranularity:5]]
LogConfig: Setting CVar [[s.FlushStreamingOnExit:1]]
LogInit: Object subsystem initialized
LogConfig: Setting CVar [[con.DebugEarlyDefault:1]]
LogConfig: Setting CVar [[r.setres:1280x720]]
[2021.09.02-07.56.36:976][  0]LogConfig: Setting CVar [[r.VSync:0]]
[2021.09.02-07.56.36:976][  0]LogConfig: Setting CVar [[r.RHICmdBypass:0]]
[2021.09.02-07.56.36:976][  0]LogConfig: Applying CVar settings from Section [/Script/Engine.RendererSettings] File [C:/Users/theol/Desktop/SWAT2D_WIP/UnrealProject/Saved/Config/Windows/Engine.ini]
[2021.09.02-07.56.36:976][  0]LogConfig: Setting CVar [[r.GPUCrashDebugging:0]]
[2021.09.02-07.56.36:976][  0]LogConfig: Setting CVar [[r.MobileHDR:0]]
[2021.09.02-07.56.36:976][  0]LogConfig: Applying CVar settings from Section [/Script/Engine.RendererOverrideSettings] File [C:/Users/theol/Desktop/SWAT2D_WIP/UnrealProject/Saved/Config/Windows/Engine.ini]
[2021.09.02-07.56.36:976][  0]LogConfig: Applying CVar settings from Section [/Script/Engine.StreamingSettings] File [C:/Users/theol/Desktop/SWAT2D_WIP/UnrealProject/Saved/Config/Windows/Engine.ini]
[2021.09.02-07.56.36:976][  0]LogConfig: Setting CVar [[s.MinBulkDataSizeForAsyncLoading:131072]]
[2021.09.02-07.56.36:976][  0]LogConfig: Setting CVar [[s.AsyncLoadingThreadEnabled:0]]
[2021.09.02-07.56.36:976][  0]LogConfig: Setting CVar [[s.EventDrivenLoaderEnabled:1]]
[2021.09.02-07.56.36:976][  0]LogConfig: Setting CVar [[s.WarnIfTimeLimitExceeded:0]]
[2021.09.02-07.56.36:976][  0]LogConfig: Setting CVar [[s.TimeLimitExceededMultiplier:1.5]]
[2021.09.02-07.56.36:976][  0]LogConfig: Setting CVar [[s.TimeLimitExceededMinTime:0.005]]
[2021.09.02-07.56.36:976][  0]LogConfig: Setting CVar [[s.UseBackgroundLevelStreaming:1]]
[2021.09.02-07.56.36:976][  0]LogConfig: Setting CVar [[s.PriorityAsyncLoadingExtraTime:15.0]]
[2021.09.02-07.56.36:976][  0]LogConfig: Setting CVar [[s.LevelStreamingActorsUpdateTimeLimit:5.0]]
[2021.09.02-07.56.36:976][  0]LogConfig: Setting CVar [[s.PriorityLevelStreamingActorsUpdateExtraTime:5.0]]
[2021.09.02-07.56.36:976][  0]LogConfig: Setting CVar [[s.LevelStreamingComponentsRegistrationGranularity:10]]
[2021.09.02-07.56.36:976][  0]LogConfig: Setting CVar [[s.UnregisterComponentsTimeLimit:1.0]]
[2021.09.02-07.56.36:976][  0]LogConfig: Setting CVar [[s.LevelStreamingComponentsUnregistrationGranularity:5]]
[2021.09.02-07.56.36:976][  0]LogConfig: Setting CVar [[s.FlushStreamingOnExit:1]]
[2021.09.02-07.56.36:976][  0]LogConfig: Applying CVar settings from Section [/Script/Engine.GarbageCollectionSettings] File [C:/Users/theol/Desktop/SWAT2D_WIP/UnrealProject/Saved/Config/Windows/Engine.ini]
[2021.09.02-07.56.36:976][  0]LogConfig: Setting CVar [[gc.MaxObjectsNotConsideredByGC:1]]
[2021.09.02-07.56.36:976][  0]LogConfig: Setting CVar [[gc.SizeOfPermanentObjectPool:0]]
[2021.09.02-07.56.36:976][  0]LogConfig: Setting CVar [[gc.FlushStreamingOnGC:0]]
[2021.09.02-07.56.36:976][  0]LogConfig: Setting CVar [[gc.NumRetriesBeforeForcingGC:10]]
[2021.09.02-07.56.36:976][  0]LogConfig: Setting CVar [[gc.AllowParallelGC:1]]
[2021.09.02-07.56.36:976][  0]LogConfig: Setting CVar [[gc.TimeBetweenPurgingPendingKillObjects:61.1]]
[2021.09.02-07.56.36:976][  0]LogConfig: Setting CVar [[gc.MaxObjectsInEditor:25165824]]
[2021.09.02-07.56.36:976][  0]LogConfig: Setting CVar [[gc.IncrementalBeginDestroyEnabled:1]]
[2021.09.02-07.56.36:976][  0]LogConfig: Setting CVar [[gc.CreateGCClusters:1]]
[2021.09.02-07.56.36:976][  0]LogConfig: Setting CVar [[gc.MinGCClusterSize:5]]
[2021.09.02-07.56.36:976][  0]LogConfig: Setting CVar [[gc.ActorClusteringEnabled:0]]
[2021.09.02-07.56.36:976][  0]LogConfig: Setting CVar [[gc.BlueprintClusteringEnabled:0]]
[2021.09.02-07.56.36:976][  0]LogConfig: Setting CVar [[gc.UseDisregardForGCOnDedicatedServers:0]]
[2021.09.02-07.56.36:976][  0]LogConfig: Setting CVar [[gc.MultithreadedDestructionEnabled:1]]
[2021.09.02-07.56.36:976][  0]LogConfig: Applying CVar settings from Section [/Script/Engine.NetworkSettings] File [C:/Users/theol/Desktop/SWAT2D_WIP/UnrealProject/Saved/Config/Windows/Engine.ini]
[2021.09.02-07.56.36:976][  0]LogConfig: Applying CVar settings from Section [/Script/UnrealEd.CookerSettings] File [C:/Users/theol/Desktop/SWAT2D_WIP/UnrealProject/Saved/Config/Windows/Engine.ini]
[2021.09.02-07.56.36:995][  0]LogConfig: Applying CVar settings from Section [ViewDistanceQuality@3] File [C:/Users/theol/Desktop/SWAT2D_WIP/UnrealProject/Saved/Config/Windows/Scalability.ini]
[2021.09.02-07.56.36:995][  0]LogConfig: Setting CVar [[r.SkeletalMeshLODBias:0]]
[2021.09.02-07.56.36:995][  0]LogConfig: Setting CVar [[r.ViewDistanceScale:1.0]]
[2021.09.02-07.56.36:995][  0]LogConfig: Applying CVar settings from Section [AntiAliasingQuality@3] File [C:/Users/theol/Desktop/SWAT2D_WIP/UnrealProject/Saved/Config/Windows/Scalability.ini]
[2021.09.02-07.56.36:995][  0]LogConfig: Setting CVar [[r.PostProcessAAQuality:4]]
[2021.09.02-07.56.36:995][  0]LogConfig: Applying CVar settings from Section [ShadowQuality@3] File [C:/Users/theol/Desktop/SWAT2D_WIP/UnrealProject/Saved/Config/Windows/Scalability.ini]
[2021.09.02-07.56.36:995][  0]LogConfig: Setting CVar [[r.LightFunctionQuality:1]]
[2021.09.02-07.56.36:995][  0]LogConfig: Setting CVar [[r.ShadowQuality:5]]
[2021.09.02-07.56.36:995][  0]LogConfig: Setting CVar [[r.Shadow.CSM.MaxCascades:10]]
[2021.09.02-07.56.36:995][  0]LogConfig: Setting CVar [[r.Shadow.MaxResolution:2048]]
[2021.09.02-07.56.36:995][  0]LogConfig: Setting CVar [[r.Shadow.MaxCSMResolution:2048]]
[2021.09.02-07.56.36:995][  0]LogConfig: Setting CVar [[r.Shadow.RadiusThreshold:0.01]]
[2021.09.02-07.56.36:995][  0]LogConfig: Setting CVar [[r.Shadow.DistanceScale:1.0]]
[2021.09.02-07.56.36:995][  0]LogConfig: Setting CVar [[r.Shadow.CSM.TransitionScale:1.0]]
[2021.09.02-07.56.36:995][  0]LogConfig: Setting CVar [[r.Shadow.PreShadowResolutionFactor:1.0]]
[2021.09.02-07.56.36:995][  0]LogConfig: Setting CVar [[r.DistanceFieldShadowing:1]]
[2021.09.02-07.56.36:995][  0]LogConfig: Setting CVar [[r.DistanceFieldAO:1]]
[2021.09.02-07.56.36:995][  0]LogConfig: Setting CVar [[r.AOQuality:2]]
[2021.09.02-07.56.36:995][  0]LogConfig: Setting CVar [[r.VolumetricFog:1]]
[2021.09.02-07.56.36:995][  0]LogConfig: Setting CVar [[r.VolumetricFog.GridPixelSize:8]]
[2021.09.02-07.56.36:995][  0]LogConfig: Setting CVar [[r.VolumetricFog.GridSizeZ:128]]
[2021.09.02-07.56.36:995][  0]LogConfig: Setting CVar [[r.VolumetricFog.HistoryMissSupersampleCount:4]]
[2021.09.02-07.56.36:995][  0]LogConfig: Setting CVar [[r.LightMaxDrawDistanceScale:1]]
[2021.09.02-07.56.36:995][  0]LogConfig: Setting CVar [[r.CapsuleShadows:1]]
[2021.09.02-07.56.36:995][  0]LogConfig: Applying CVar settings from Section [PostProcessQuality@3] File [C:/Users/theol/Desktop/SWAT2D_WIP/UnrealProject/Saved/Config/Windows/Scalability.ini]
[2021.09.02-07.56.36:995][  0]LogConfig: Setting CVar [[r.MotionBlurQuality:4]]
[2021.09.02-07.56.36:995][  0]LogConfig: Setting CVar [[r.AmbientOcclusionMipLevelFactor:0.4]]
[2021.09.02-07.56.36:995][  0]LogConfig: Setting CVar [[r.AmbientOcclusionMaxQuality:100]]
[2021.09.02-07.56.36:995][  0]LogConfig: Setting CVar [[r.AmbientOcclusionLevels:-1]]
[2021.09.02-07.56.36:995][  0]LogConfig: Setting CVar [[r.AmbientOcclusionRadiusScale:1.0]]
[2021.09.02-07.56.36:995][  0]LogConfig: Setting CVar [[r.DepthOfFieldQuality:2]]
[2021.09.02-07.56.36:995][  0]LogConfig: Setting CVar [[r.RenderTargetPoolMin:400]]
[2021.09.02-07.56.36:995][  0]LogConfig: Setting CVar [[r.LensFlareQuality:2]]
[2021.09.02-07.56.36:995][  0]LogConfig: Setting CVar [[r.SceneColorFringeQuality:1]]
[2021.09.02-07.56.36:995][  0]LogConfig: Setting CVar [[r.EyeAdaptationQuality:2]]
[2021.09.02-07.56.36:995][  0]LogConfig: Setting CVar [[r.BloomQuality:5]]
[2021.09.02-07.56.36:995][  0]LogConfig: Setting CVar [[r.FastBlurThreshold:100]]
[2021.09.02-07.56.36:995][  0]LogConfig: Setting CVar [[r.Upscale.Quality:3]]
[2021.09.02-07.56.36:995][  0]LogConfig: Setting CVar [[r.Tonemapper.GrainQuantization:1]]
[2021.09.02-07.56.36:995][  0]LogConfig: Setting CVar [[r.LightShaftQuality:1]]
[2021.09.02-07.56.36:995][  0]LogConfig: Setting CVar [[r.Filter.SizeScale:1]]
[2021.09.02-07.56.36:995][  0]LogConfig: Setting CVar [[r.Tonemapper.Quality:5]]
[2021.09.02-07.56.36:995][  0]LogConfig: Setting CVar [[r.DOF.Gather.AccumulatorQuality:1        ; higher gathering accumulator quality]]
[2021.09.02-07.56.36:995][  0]LogConfig: Setting CVar [[r.DOF.Gather.PostfilterMethod:1          ; Median3x3 postfilering method]]
[2021.09.02-07.56.36:995][  0]LogConfig: Setting CVar [[r.DOF.Gather.EnableBokehSettings:0       ; no bokeh simulation when gathering]]
[2021.09.02-07.56.36:995][  0]LogConfig: Setting CVar [[r.DOF.Gather.RingCount:4                 ; medium number of samples when gathering]]
[2021.09.02-07.56.36:995][  0]LogConfig: Setting CVar [[r.DOF.Scatter.ForegroundCompositing:1    ; additive foreground scattering]]
[2021.09.02-07.56.36:995][  0]LogConfig: Setting CVar [[r.DOF.Scatter.BackgroundCompositing:2    ; additive background scattering]]
[2021.09.02-07.56.36:995][  0]LogConfig: Setting CVar [[r.DOF.Scatter.EnableBokehSettings:1      ; bokeh simulation when scattering]]
[2021.09.02-07.56.36:995][  0]LogConfig: Setting CVar [[r.DOF.Scatter.MaxSpriteRatio:0.1         ; only a maximum of 10% of scattered bokeh]]
[2021.09.02-07.56.36:995][  0]LogConfig: Setting CVar [[r.DOF.Recombine.Quality:1                ; cheap slight out of focus]]
[2021.09.02-07.56.36:995][  0]LogConfig: Setting CVar [[r.DOF.Recombine.EnableBokehSettings:0    ; no bokeh simulation on slight out of focus]]
[2021.09.02-07.56.36:995][  0]LogConfig: Setting CVar [[r.DOF.TemporalAAQuality:1                ; more stable temporal accumulation]]
[2021.09.02-07.56.36:995][  0]LogConfig: Setting CVar [[r.DOF.Kernel.MaxForegroundRadius:0.025]]
[2021.09.02-07.56.36:995][  0]LogConfig: Setting CVar [[r.DOF.Kernel.MaxBackgroundRadius:0.025]]
[2021.09.02-07.56.36:995][  0]LogConfig: Applying CVar settings from Section [TextureQuality@3] File [C:/Users/theol/Desktop/SWAT2D_WIP/UnrealProject/Saved/Config/Windows/Scalability.ini]
[2021.09.02-07.56.36:995][  0]LogConfig: Setting CVar [[r.Streaming.MipBias:0]]
[2021.09.02-07.56.36:995][  0]LogConfig: Setting CVar [[r.Streaming.AmortizeCPUToGPUCopy:0]]
[2021.09.02-07.56.36:995][  0]LogConfig: Setting CVar [[r.Streaming.MaxNumTexturesToStreamPerFrame:0]]
[2021.09.02-07.56.36:995][  0]LogConfig: Setting CVar [[r.Streaming.Boost:1]]
[2021.09.02-07.56.36:995][  0]LogConfig: Setting CVar [[r.MaxAnisotropy:8]]
[2021.09.02-07.56.36:995][  0]LogConfig: Setting CVar [[r.VT.MaxAnisotropy:8]]
[2021.09.02-07.56.36:995][  0]LogConfig: Setting CVar [[r.Streaming.LimitPoolSizeToVRAM:0]]
[2021.09.02-07.56.36:995][  0]LogConfig: Setting CVar [[r.Streaming.PoolSize:1000]]
[2021.09.02-07.56.36:995][  0]LogConfig: Setting CVar [[r.Streaming.MaxEffectiveScreenSize:0]]
[2021.09.02-07.56.36:995][  0]LogConfig: Applying CVar settings from Section [EffectsQuality@3] File [C:/Users/theol/Desktop/SWAT2D_WIP/UnrealProject/Saved/Config/Windows/Scalability.ini]
[2021.09.02-07.56.36:995][  0]LogConfig: Setting CVar [[r.TranslucencyLightingVolumeDim:64]]
[2021.09.02-07.56.36:995][  0]LogConfig: Setting CVar [[r.RefractionQuality:2]]
[2021.09.02-07.56.36:995][  0]LogConfig: Setting CVar [[r.SSR.Quality:3]]
[2021.09.02-07.56.36:995][  0]LogConfig: Setting CVar [[r.SSR.HalfResSceneColor:0]]
[2021.09.02-07.56.36:995][  0]LogConfig: Setting CVar [[r.SceneColorFormat:4]]
[2021.09.02-07.56.36:995][  0]LogConfig: Setting CVar [[r.DetailMode:2]]
[2021.09.02-07.56.36:995][  0]LogConfig: Setting CVar [[r.TranslucencyVolumeBlur:1]]
[2021.09.02-07.56.36:995][  0]LogConfig: Setting CVar [[r.MaterialQualityLevel:1 ; High quality]]
[2021.09.02-07.56.36:995][  0]LogConfig: Setting CVar [[r.AnisotropicMaterials:1]]
[2021.09.02-07.56.36:995][  0]LogConfig: Setting CVar [[r.SSS.Scale:1]]
[2021.09.02-07.56.36:995][  0]LogConfig: Setting CVar [[r.SSS.SampleSet:2]]
[2021.09.02-07.56.36:995][  0]LogConfig: Setting CVar [[r.SSS.Quality:1]]
[2021.09.02-07.56.36:995][  0]LogConfig: Setting CVar [[r.SSS.HalfRes:0]]
[2021.09.02-07.56.36:995][  0]LogConfig: Setting CVar [[r.SSGI.Quality:3]]
[2021.09.02-07.56.36:995][  0]LogConfig: Setting CVar [[r.EmitterSpawnRateScale:1.0]]
[2021.09.02-07.56.36:995][  0]LogConfig: Setting CVar [[r.ParticleLightQuality:2]]
[2021.09.02-07.56.36:995][  0]LogConfig: Setting CVar [[r.SkyAtmosphere.AerialPerspectiveLUT.FastApplyOnOpaque:1 ; Always have FastSkyLUT 1 in this case to avoid wrong sky]]
[2021.09.02-07.56.36:995][  0]LogConfig: Setting CVar [[r.SkyAtmosphere.AerialPerspectiveLUT.SampleCountMaxPerSlice:4]]
[2021.09.02-07.56.36:995][  0]LogConfig: Setting CVar [[r.SkyAtmosphere.AerialPerspectiveLUT.DepthResolution:16.0]]
[2021.09.02-07.56.36:995][  0]LogConfig: Setting CVar [[r.SkyAtmosphere.FastSkyLUT:1]]
[2021.09.02-07.56.36:995][  0]LogConfig: Setting CVar [[r.SkyAtmosphere.FastSkyLUT.SampleCountMin:4.0]]
[2021.09.02-07.56.36:995][  0]LogConfig: Setting CVar [[r.SkyAtmosphere.FastSkyLUT.SampleCountMax:128.0]]
[2021.09.02-07.56.36:995][  0]LogConfig: Setting CVar [[r.SkyAtmosphere.SampleCountMin:4.0]]
[2021.09.02-07.56.36:995][  0]LogConfig: Setting CVar [[r.SkyAtmosphere.SampleCountMax:128.0]]
[2021.09.02-07.56.36:995][  0]LogConfig: Setting CVar [[r.SkyAtmosphere.TransmittanceLUT.UseSmallFormat:0]]
[2021.09.02-07.56.36:995][  0]LogConfig: Setting CVar [[r.SkyAtmosphere.TransmittanceLUT.SampleCount:10.0]]
[2021.09.02-07.56.36:995][  0]LogConfig: Setting CVar [[r.SkyAtmosphere.MultiScatteringLUT.SampleCount:15.0]]
[2021.09.02-07.56.36:995][  0]LogConfig: Setting CVar [[r.SkyLight.RealTimeReflectionCapture:1]]
[2021.09.02-07.56.36:995][  0]LogConfig: Applying CVar settings from Section [FoliageQuality@3] File [C:/Users/theol/Desktop/SWAT2D_WIP/UnrealProject/Saved/Config/Windows/Scalability.ini]
[2021.09.02-07.56.36:995][  0]LogConfig: Setting CVar [[foliage.DensityScale:1.0]]
[2021.09.02-07.56.36:995][  0]LogConfig: Setting CVar [[grass.DensityScale:1.0]]
[2021.09.02-07.56.36:995][  0]LogConfig: Applying CVar settings from Section [ShadingQuality@3] File [C:/Users/theol/Desktop/SWAT2D_WIP/UnrealProject/Saved/Config/Windows/Scalability.ini]
[2021.09.02-07.56.36:995][  0]LogConfig: Setting CVar [[r.HairStrands.SkyLighting.IntegrationType:2]]
[2021.09.02-07.56.36:996][  0]LogConfig: Setting CVar [[r.HairStrands.SkyAO.SampleCount:4]]
[2021.09.02-07.56.36:996][  0]LogConfig: Setting CVar [[r.HairStrands.Visibility.MSAA.SamplePerPixel:4]]
[2021.09.02-07.56.36:996][  0]LogInit: Selected Device Profile: [Windows]
[2021.09.02-07.56.36:996][  0]LogInit: Applying CVar settings loaded from the selected device profile: [Windows]
[2021.09.02-07.56.36:996][  0]LogHAL: Display: Platform has ~ 32 GB [34299166720 / 34359738368 / 32], which maps to Largest [LargestMinGB=32, LargerMinGB=12, DefaultMinGB=8, SmallerMinGB=6, SmallestMinGB=0)
[2021.09.02-07.56.36:996][  0]LogInit: Going up to parent DeviceProfile []
[2021.09.02-07.56.36:996][  0]LogConfig: Applying CVar settings from Section [ViewDistanceQuality@3] File [C:/Users/theol/Desktop/SWAT2D_WIP/UnrealProject/Saved/Config/Windows/Scalability.ini]
[2021.09.02-07.56.36:996][  0]LogConfig: Setting CVar [[r.SkeletalMeshLODBias:0]]
[2021.09.02-07.56.36:996][  0]LogConfig: Setting CVar [[r.ViewDistanceScale:1.0]]
[2021.09.02-07.56.36:996][  0]LogConfig: Applying CVar settings from Section [AntiAliasingQuality@3] File [C:/Users/theol/Desktop/SWAT2D_WIP/UnrealProject/Saved/Config/Windows/Scalability.ini]
[2021.09.02-07.56.36:996][  0]LogConfig: Setting CVar [[r.PostProcessAAQuality:4]]
[2021.09.02-07.56.36:996][  0]LogConfig: Applying CVar settings from Section [ShadowQuality@3] File [C:/Users/theol/Desktop/SWAT2D_WIP/UnrealProject/Saved/Config/Windows/Scalability.ini]
[2021.09.02-07.56.36:996][  0]LogConfig: Setting CVar [[r.LightFunctionQuality:1]]
[2021.09.02-07.56.36:996][  0]LogConfig: Setting CVar [[r.ShadowQuality:5]]
[2021.09.02-07.56.36:996][  0]LogConfig: Setting CVar [[r.Shadow.CSM.MaxCascades:10]]
[2021.09.02-07.56.36:996][  0]LogConfig: Setting CVar [[r.Shadow.MaxResolution:2048]]
[2021.09.02-07.56.36:996][  0]LogConfig: Setting CVar [[r.Shadow.MaxCSMResolution:2048]]
[2021.09.02-07.56.36:996][  0]LogConfig: Setting CVar [[r.Shadow.RadiusThreshold:0.01]]
[2021.09.02-07.56.36:996][  0]LogConfig: Setting CVar [[r.Shadow.DistanceScale:1.0]]
[2021.09.02-07.56.36:996][  0]LogConfig: Setting CVar [[r.Shadow.CSM.TransitionScale:1.0]]
[2021.09.02-07.56.36:996][  0]LogConfig: Setting CVar [[r.Shadow.PreShadowResolutionFactor:1.0]]
[2021.09.02-07.56.36:996][  0]LogConfig: Setting CVar [[r.DistanceFieldShadowing:1]]
[2021.09.02-07.56.36:996][  0]LogConfig: Setting CVar [[r.DistanceFieldAO:1]]
[2021.09.02-07.56.36:996][  0]LogConfig: Setting CVar [[r.AOQuality:2]]
[2021.09.02-07.56.36:996][  0]LogConfig: Setting CVar [[r.VolumetricFog:1]]
[2021.09.02-07.56.36:996][  0]LogConfig: Setting CVar [[r.VolumetricFog.GridPixelSize:8]]
[2021.09.02-07.56.36:996][  0]LogConfig: Setting CVar [[r.VolumetricFog.GridSizeZ:128]]
[2021.09.02-07.56.36:996][  0]LogConfig: Setting CVar [[r.VolumetricFog.HistoryMissSupersampleCount:4]]
[2021.09.02-07.56.36:996][  0]LogConfig: Setting CVar [[r.LightMaxDrawDistanceScale:1]]
[2021.09.02-07.56.36:996][  0]LogConfig: Setting CVar [[r.CapsuleShadows:1]]
[2021.09.02-07.56.36:996][  0]LogConfig: Applying CVar settings from Section [PostProcessQuality@3] File [C:/Users/theol/Desktop/SWAT2D_WIP/UnrealProject/Saved/Config/Windows/Scalability.ini]
[2021.09.02-07.56.36:996][  0]LogConfig: Setting CVar [[r.MotionBlurQuality:4]]
[2021.09.02-07.56.36:996][  0]LogConfig: Setting CVar [[r.AmbientOcclusionMipLevelFactor:0.4]]
[2021.09.02-07.56.36:996][  0]LogConfig: Setting CVar [[r.AmbientOcclusionMaxQuality:100]]
[2021.09.02-07.56.36:996][  0]LogConfig: Setting CVar [[r.AmbientOcclusionLevels:-1]]
[2021.09.02-07.56.36:996][  0]LogConfig: Setting CVar [[r.AmbientOcclusionRadiusScale:1.0]]
[2021.09.02-07.56.36:996][  0]LogConfig: Setting CVar [[r.DepthOfFieldQuality:2]]
[2021.09.02-07.56.36:996][  0]LogConfig: Setting CVar [[r.RenderTargetPoolMin:400]]
[2021.09.02-07.56.36:996][  0]LogConfig: Setting CVar [[r.LensFlareQuality:2]]
[2021.09.02-07.56.36:996][  0]LogConfig: Setting CVar [[r.SceneColorFringeQuality:1]]
[2021.09.02-07.56.36:996][  0]LogConfig: Setting CVar [[r.EyeAdaptationQuality:2]]
[2021.09.02-07.56.36:996][  0]LogConfig: Setting CVar [[r.BloomQuality:5]]
[2021.09.02-07.56.36:996][  0]LogConfig: Setting CVar [[r.FastBlurThreshold:100]]
[2021.09.02-07.56.36:996][  0]LogConfig: Setting CVar [[r.Upscale.Quality:3]]
[2021.09.02-07.56.36:996][  0]LogConfig: Setting CVar [[r.Tonemapper.GrainQuantization:1]]
[2021.09.02-07.56.36:996][  0]LogConfig: Setting CVar [[r.LightShaftQuality:1]]
[2021.09.02-07.56.36:996][  0]LogConfig: Setting CVar [[r.Filter.SizeScale:1]]
[2021.09.02-07.56.36:996][  0]LogConfig: Setting CVar [[r.Tonemapper.Quality:5]]
[2021.09.02-07.56.36:996][  0]LogConfig: Setting CVar [[r.DOF.Gather.AccumulatorQuality:1        ; higher gathering accumulator quality]]
[2021.09.02-07.56.36:996][  0]LogConfig: Setting CVar [[r.DOF.Gather.PostfilterMethod:1          ; Median3x3 postfilering method]]
[2021.09.02-07.56.36:996][  0]LogConfig: Setting CVar [[r.DOF.Gather.EnableBokehSettings:0       ; no bokeh simulation when gathering]]
[2021.09.02-07.56.36:996][  0]LogConfig: Setting CVar [[r.DOF.Gather.RingCount:4                 ; medium number of samples when gathering]]
[2021.09.02-07.56.36:996][  0]LogConfig: Setting CVar [[r.DOF.Scatter.ForegroundCompositing:1    ; additive foreground scattering]]
[2021.09.02-07.56.36:996][  0]LogConfig: Setting CVar [[r.DOF.Scatter.BackgroundCompositing:2    ; additive background scattering]]
[2021.09.02-07.56.36:996][  0]LogConfig: Setting CVar [[r.DOF.Scatter.EnableBokehSettings:1      ; bokeh simulation when scattering]]
[2021.09.02-07.56.36:996][  0]LogConfig: Setting CVar [[r.DOF.Scatter.MaxSpriteRatio:0.1         ; only a maximum of 10% of scattered bokeh]]
[2021.09.02-07.56.36:996][  0]LogConfig: Setting CVar [[r.DOF.Recombine.Quality:1                ; cheap slight out of focus]]
[2021.09.02-07.56.36:996][  0]LogConfig: Setting CVar [[r.DOF.Recombine.EnableBokehSettings:0    ; no bokeh simulation on slight out of focus]]
[2021.09.02-07.56.36:996][  0]LogConfig: Setting CVar [[r.DOF.TemporalAAQuality:1                ; more stable temporal accumulation]]
[2021.09.02-07.56.36:996][  0]LogConfig: Setting CVar [[r.DOF.Kernel.MaxForegroundRadius:0.025]]
[2021.09.02-07.56.36:996][  0]LogConfig: Setting CVar [[r.DOF.Kernel.MaxBackgroundRadius:0.025]]
[2021.09.02-07.56.36:996][  0]LogConfig: Applying CVar settings from Section [TextureQuality@3] File [C:/Users/theol/Desktop/SWAT2D_WIP/UnrealProject/Saved/Config/Windows/Scalability.ini]
[2021.09.02-07.56.36:996][  0]LogConfig: Setting CVar [[r.Streaming.MipBias:0]]
[2021.09.02-07.56.36:996][  0]LogConfig: Setting CVar [[r.Streaming.AmortizeCPUToGPUCopy:0]]
[2021.09.02-07.56.36:996][  0]LogConfig: Setting CVar [[r.Streaming.MaxNumTexturesToStreamPerFrame:0]]
[2021.09.02-07.56.36:996][  0]LogConfig: Setting CVar [[r.Streaming.Boost:1]]
[2021.09.02-07.56.36:996][  0]LogConfig: Setting CVar [[r.MaxAnisotropy:8]]
[2021.09.02-07.56.36:996][  0]LogConfig: Setting CVar [[r.VT.MaxAnisotropy:8]]
[2021.09.02-07.56.36:996][  0]LogConfig: Setting CVar [[r.Streaming.LimitPoolSizeToVRAM:0]]
[2021.09.02-07.56.36:996][  0]LogConfig: Setting CVar [[r.Streaming.PoolSize:1000]]
[2021.09.02-07.56.36:996][  0]LogConfig: Setting CVar [[r.Streaming.MaxEffectiveScreenSize:0]]
[2021.09.02-07.56.36:996][  0]LogConfig: Applying CVar settings from Section [EffectsQuality@3] File [C:/Users/theol/Desktop/SWAT2D_WIP/UnrealProject/Saved/Config/Windows/Scalability.ini]
[2021.09.02-07.56.36:996][  0]LogConfig: Setting CVar [[r.TranslucencyLightingVolumeDim:64]]
[2021.09.02-07.56.36:996][  0]LogConfig: Setting CVar [[r.RefractionQuality:2]]
[2021.09.02-07.56.36:996][  0]LogConfig: Setting CVar [[r.SSR.Quality:3]]
[2021.09.02-07.56.36:996][  0]LogConfig: Setting CVar [[r.SSR.HalfResSceneColor:0]]
[2021.09.02-07.56.36:996][  0]LogConfig: Setting CVar [[r.SceneColorFormat:4]]
[2021.09.02-07.56.36:996][  0]LogConfig: Setting CVar [[r.DetailMode:2]]
[2021.09.02-07.56.36:996][  0]LogConfig: Setting CVar [[r.TranslucencyVolumeBlur:1]]
[2021.09.02-07.56.36:996][  0]LogConfig: Setting CVar [[r.MaterialQualityLevel:1 ; High quality]]
[2021.09.02-07.56.36:996][  0]LogConfig: Setting CVar [[r.AnisotropicMaterials:1]]
[2021.09.02-07.56.36:996][  0]LogConfig: Setting CVar [[r.SSS.Scale:1]]
[2021.09.02-07.56.36:996][  0]LogConfig: Setting CVar [[r.SSS.SampleSet:2]]
[2021.09.02-07.56.36:996][  0]LogConfig: Setting CVar [[r.SSS.Quality:1]]
[2021.09.02-07.56.36:996][  0]LogConfig: Setting CVar [[r.SSS.HalfRes:0]]
[2021.09.02-07.56.36:996][  0]LogConfig: Setting CVar [[r.SSGI.Quality:3]]
[2021.09.02-07.56.36:996][  0]LogConfig: Setting CVar [[r.EmitterSpawnRateScale:1.0]]
[2021.09.02-07.56.36:996][  0]LogConfig: Setting CVar [[r.ParticleLightQuality:2]]
[2021.09.02-07.56.36:996][  0]LogConfig: Setting CVar [[r.SkyAtmosphere.AerialPerspectiveLUT.FastApplyOnOpaque:1 ; Always have FastSkyLUT 1 in this case to avoid wrong sky]]
[2021.09.02-07.56.36:996][  0]LogConfig: Setting CVar [[r.SkyAtmosphere.AerialPerspectiveLUT.SampleCountMaxPerSlice:4]]
[2021.09.02-07.56.36:996][  0]LogConfig: Setting CVar [[r.SkyAtmosphere.AerialPerspectiveLUT.DepthResolution:16.0]]
[2021.09.02-07.56.36:996][  0]LogConfig: Setting CVar [[r.SkyAtmosphere.FastSkyLUT:1]]
[2021.09.02-07.56.36:996][  0]LogConfig: Setting CVar [[r.SkyAtmosphere.FastSkyLUT.SampleCountMin:4.0]]
[2021.09.02-07.56.36:996][  0]LogConfig: Setting CVar [[r.SkyAtmosphere.FastSkyLUT.SampleCountMax:128.0]]
[2021.09.02-07.56.36:996][  0]LogConfig: Setting CVar [[r.SkyAtmosphere.SampleCountMin:4.0]]
[2021.09.02-07.56.36:996][  0]LogConfig: Setting CVar [[r.SkyAtmosphere.SampleCountMax:128.0]]
[2021.09.02-07.56.36:996][  0]LogConfig: Setting CVar [[r.SkyAtmosphere.TransmittanceLUT.UseSmallFormat:0]]
[2021.09.02-07.56.36:996][  0]LogConfig: Setting CVar [[r.SkyAtmosphere.TransmittanceLUT.SampleCount:10.0]]
[2021.09.02-07.56.36:996][  0]LogConfig: Setting CVar [[r.SkyAtmosphere.MultiScatteringLUT.SampleCount:15.0]]
[2021.09.02-07.56.36:996][  0]LogConfig: Setting CVar [[r.SkyLight.RealTimeReflectionCapture:1]]
[2021.09.02-07.56.36:997][  0]LogConfig: Applying CVar settings from Section [FoliageQuality@3] File [C:/Users/theol/Desktop/SWAT2D_WIP/UnrealProject/Saved/Config/Windows/Scalability.ini]
[2021.09.02-07.56.36:997][  0]LogConfig: Setting CVar [[foliage.DensityScale:1.0]]
[2021.09.02-07.56.36:997][  0]LogConfig: Setting CVar [[grass.DensityScale:1.0]]
[2021.09.02-07.56.36:997][  0]LogConfig: Applying CVar settings from Section [ShadingQuality@3] File [C:/Users/theol/Desktop/SWAT2D_WIP/UnrealProject/Saved/Config/Windows/Scalability.ini]
[2021.09.02-07.56.36:997][  0]LogConfig: Setting CVar [[r.HairStrands.SkyLighting.IntegrationType:2]]
[2021.09.02-07.56.36:997][  0]LogConfig: Setting CVar [[r.HairStrands.SkyAO.SampleCount:4]]
[2021.09.02-07.56.36:997][  0]LogConfig: Setting CVar [[r.HairStrands.Visibility.MSAA.SamplePerPixel:4]]
[2021.09.02-07.56.36:997][  0]LogConfig: Applying CVar settings from Section [Startup] File [../../../Engine/Config/ConsoleVariables.ini]
[2021.09.02-07.56.36:997][  0]LogConfig: Setting CVar [[net.UseAdaptiveNetUpdateFrequency:0]]
[2021.09.02-07.56.36:997][  0]LogConfig: Setting CVar [[p.chaos.AllowCreatePhysxBodies:1]]
[2021.09.02-07.56.36:997][  0]LogConfig: Setting CVar [[fx.SkipVectorVMBackendOptimizations:1]]
[2021.09.02-07.56.36:997][  0]LogConfig: Applying CVar settings from Section [ConsoleVariables] File [C:/Users/theol/Desktop/SWAT2D_WIP/UnrealProject/Saved/Config/Windows/Engine.ini]
[2021.09.02-07.56.36:997][  0]LogConfig: Applying CVar settings from Section [ConsoleVariables] File [C:/Users/theol/Desktop/SWAT2D_WIP/UnrealProject/Saved/Config/Windows/Editor.ini]
[2021.09.02-07.56.36:997][  0]LogInit: Computer: GRENNEHPC
[2021.09.02-07.56.36:997][  0]LogInit: User: theol
[2021.09.02-07.56.36:997][  0]LogInit: CPU Page size=4096, Cores=6
[2021.09.02-07.56.36:997][  0]LogInit: High frequency timer resolution =10.000000 MHz
[2021.09.02-07.56.36:997][  0]LogMemory: Memory total: Physical=31.9GB (32GB approx)
[2021.09.02-07.56.36:997][  0]LogMemory: Platform Memory Stats for Windows
[2021.09.02-07.56.36:997][  0]LogMemory: Process Physical Memory: 139.59 MB used, 139.59 MB peak
[2021.09.02-07.56.36:997][  0]LogMemory: Process Virtual Memory: 125.48 MB used, 125.48 MB peak
[2021.09.02-07.56.36:997][  0]LogMemory: Physical Memory: 9280.18 MB used,  23430.05 MB free, 32710.23 MB total
[2021.09.02-07.56.36:997][  0]LogMemory: Virtual Memory: 134193936.00 MB used,  23794.25 MB free, 134217728.00 MB total
[2021.09.02-07.56.37:002][  0]LogWindows: WindowsPlatformFeatures enabled
[2021.09.02-07.56.37:038][  0]LogInit: Physics initialised using underlying interface: PhysX
[2021.09.02-07.56.37:038][  0]LogInit: Using OS detected language (fr-FR).
[2021.09.02-07.56.37:038][  0]LogInit: Using OS detected locale (fr-FR).
[2021.09.02-07.56.37:040][  0]LogTextLocalizationManager: No specific localization for 'fr-FR' exists, so the 'fr' localization will be used.
[2021.09.02-07.56.37:040][  0]LogTextLocalizationResource: LocRes '../../../Engine/Content/Localization/Editor/fr/Editor.locres' could not be opened for reading!
[2021.09.02-07.56.37:040][  0]LogTextLocalizationResource: LocRes '../../../Engine/Content/Localization/EditorTutorials/fr/EditorTutorials.locres' could not be opened for reading!
[2021.09.02-07.56.37:040][  0]LogTextLocalizationResource: LocRes '../../../Engine/Content/Localization/Keywords/fr/Keywords.locres' could not be opened for reading!
[2021.09.02-07.56.37:041][  0]LogTextLocalizationResource: LocRes '../../../Engine/Content/Localization/Category/fr/Category.locres' could not be opened for reading!
[2021.09.02-07.56.37:041][  0]LogTextLocalizationResource: LocRes '../../../Engine/Content/Localization/ToolTips/fr/ToolTips.locres' could not be opened for reading!
[2021.09.02-07.56.37:041][  0]LogTextLocalizationResource: LocRes '../../../Engine/Content/Localization/PropertyNames/fr/PropertyNames.locres' could not be opened for reading!
[2021.09.02-07.56.37:041][  0]LogTextLocalizationResource: LocRes '../../../Engine/Content/Localization/Engine/fr/Engine.locres' could not be opened for reading!
[2021.09.02-07.56.37:041][  0]LogInit: Setting process to per monitor DPI aware
[2021.09.02-07.56.37:053][  0]LogWindowsTextInputMethodSystem: Display: IME system deactivated.
[2021.09.02-07.56.37:071][  0]LogSlate: New Slate User Created.  User Index 0, Is Virtual User: 0
[2021.09.02-07.56.37:071][  0]LogSlate: Slate User Registered.  User Index 0, Is Virtual User: 0
[2021.09.02-07.56.37:173][  0]LogD3D11RHI: Loaded GFSDK_Aftermath_Lib.x64.dll
[2021.09.02-07.56.37:188][  0]LogHMD: Optional extension XR_VARJO_quad_views is not available
[2021.09.02-07.56.37:188][  0]LogHMD: Warning: Required extension XR_EXT_eye_gaze_interaction is not available
[2021.09.02-07.56.37:188][  0]LogHMD: Could not enable all required OpenXR extensions for OpenXREyeTracker on current system. This plugin will be loaded but ignored, but will be enabled on a target platform that supports the required extension.
[2021.09.02-07.56.38:582][  0]LogD3D11RHI: D3D11 min allowed feature level: 11_0
[2021.09.02-07.56.38:582][  0]LogD3D11RHI: D3D11 max allowed feature level: 11_0
[2021.09.02-07.56.38:582][  0]LogD3D11RHI: D3D11 adapters:
[2021.09.02-07.56.38:674][  0]LogD3D11RHI:    0. 'NVIDIA GeForce RTX 2060 SUPER' (Feature Level 11_0)
[2021.09.02-07.56.38:674][  0]LogD3D11RHI:       8031/0/16355 MB DedicatedVideo/DedicatedSystem/SharedSystem, Outputs:3, VendorId:0x10de
[2021.09.02-07.56.38:676][  0]LogD3D11RHI:    1. 'Microsoft Basic Render Driver' (Feature Level 11_0)
[2021.09.02-07.56.38:676][  0]LogD3D11RHI:       0/0/16355 MB DedicatedVideo/DedicatedSystem/SharedSystem, Outputs:0, VendorId:0x1414
[2021.09.02-07.56.38:676][  0]LogD3D11RHI: Chosen D3D11 Adapter: 0
[2021.09.02-07.56.38:682][  0]LogD3D11RHI: Creating new Direct3DDevice
[2021.09.02-07.56.38:682][  0]LogD3D11RHI:     GPU DeviceId: 0x1f06 (for the marketing name, search the web for "GPU Device Id")
[2021.09.02-07.56.38:682][  0]LogWindows: EnumDisplayDevices:
[2021.09.02-07.56.38:682][  0]LogWindows:    0. 'NVIDIA GeForce RTX 2060 SUPER' (P:0 D:1)
[2021.09.02-07.56.38:682][  0]LogWindows:    1. 'NVIDIA GeForce RTX 2060 SUPER' (P:1 D:1)
[2021.09.02-07.56.38:682][  0]LogWindows:    2. 'NVIDIA GeForce RTX 2060 SUPER' (P:0 D:1)
[2021.09.02-07.56.38:683][  0]LogWindows:    3. 'NVIDIA GeForce RTX 2060 SUPER' (P:0 D:0)
[2021.09.02-07.56.38:683][  0]LogWindows: DebugString: FoundDriverCount:4 
[2021.09.02-07.56.38:683][  0]LogD3D11RHI:     Adapter Name: NVIDIA GeForce RTX 2060 SUPER
[2021.09.02-07.56.38:683][  0]LogD3D11RHI:   Driver Version: 466.63 (internal:27.21.14.6663, unified:466.63)
[2021.09.02-07.56.38:683][  0]LogD3D11RHI:      Driver Date: 5-27-2021
[2021.09.02-07.56.38:683][  0]LogRHI: Texture pool is 5621 MB (70% of 8031 MB)
[2021.09.02-07.56.38:754][  0]LogD3D11RHI: RHI has support for 64 bit atomics
[2021.09.02-07.56.38:754][  0]LogD3D11RHI: Async texture creation enabled
[2021.09.02-07.56.38:754][  0]LogD3D11RHI: Array index from any shader is supported
[2021.09.02-07.56.38:781][  0]LogD3D11RHI: GPU Timing Frequency: 1000.000000 (Debug: 2 2)
[2021.09.02-07.56.38:814][  0]LogRHI: GeForceNow SDK initialized: 1
[2021.09.02-07.56.39:098][  0]LogTargetPlatformManager: Display: Loaded TargetPlatform 'AllDesktop'
[2021.09.02-07.56.39:119][  0]LogTargetPlatformManager: Display: Loaded TargetPlatform 'Android'
[2021.09.02-07.56.39:119][  0]LogTargetPlatformManager: Display: Loaded TargetPlatform 'Android_ASTC'
[2021.09.02-07.56.39:119][  0]LogTargetPlatformManager: Display: Loaded TargetPlatform 'Android_DXT'
[2021.09.02-07.56.39:119][  0]LogTargetPlatformManager: Display: Loaded TargetPlatform 'Android_ETC2'
[2021.09.02-07.56.39:119][  0]LogTargetPlatformManager: Display: Loaded TargetPlatform 'AndroidClient'
[2021.09.02-07.56.39:119][  0]LogTargetPlatformManager: Display: Loaded TargetPlatform 'Android_ASTCClient'
[2021.09.02-07.56.39:119][  0]LogTargetPlatformManager: Display: Loaded TargetPlatform 'Android_DXTClient'
[2021.09.02-07.56.39:119][  0]LogTargetPlatformManager: Display: Loaded TargetPlatform 'Android_ETC2Client'
[2021.09.02-07.56.39:119][  0]LogTargetPlatformManager: Display: Loaded TargetPlatform 'Android_Multi'
[2021.09.02-07.56.39:119][  0]LogTargetPlatformManager: Display: Loaded TargetPlatform 'Android_MultiClient'
[2021.09.02-07.56.39:135][  0]LogTargetPlatformManager: Display: Loaded TargetPlatform 'IOSClient'
[2021.09.02-07.56.39:135][  0]LogTargetPlatformManager: Display: Loaded TargetPlatform 'IOS'
[2021.09.02-07.56.39:142][  0]LogTargetPlatformManager: Display: Loaded TargetPlatform 'Linux'
[2021.09.02-07.56.39:146][  0]LogTargetPlatformManager: Display: Loaded TargetPlatform 'LinuxNoEditor'
[2021.09.02-07.56.39:150][  0]LogTargetPlatformManager: Display: Loaded TargetPlatform 'LinuxClient'
[2021.09.02-07.56.39:154][  0]LogTargetPlatformManager: Display: Loaded TargetPlatform 'LinuxServer'
[2021.09.02-07.56.39:161][  0]LogTargetPlatformManager: Display: Loaded TargetPlatform 'LinuxAArch64NoEditor'
[2021.09.02-07.56.39:165][  0]LogTargetPlatformManager: Display: Loaded TargetPlatform 'LinuxAArch64Client'
[2021.09.02-07.56.39:170][  0]LogTargetPlatformManager: Display: Loaded TargetPlatform 'LinuxAArch64Server'
[2021.09.02-07.56.39:190][  0]LogTargetPlatformManager: Display: Loaded TargetPlatform 'Lumin'
[2021.09.02-07.56.39:190][  0]LogTargetPlatformManager: Display: Loaded TargetPlatform 'LuminClient'
[2021.09.02-07.56.39:197][  0]LogTargetPlatformManager: Display: Loaded TargetPlatform 'MacNoEditor'
[2021.09.02-07.56.39:202][  0]LogTargetPlatformManager: Display: Loaded TargetPlatform 'Mac'
[2021.09.02-07.56.39:206][  0]LogTargetPlatformManager: Display: Loaded TargetPlatform 'MacClient'
[2021.09.02-07.56.39:210][  0]LogTargetPlatformManager: Display: Loaded TargetPlatform 'MacServer'
[2021.09.02-07.56.39:219][  0]LogTargetPlatformManager: Display: Loaded TargetPlatform 'TVOSClient'
[2021.09.02-07.56.39:219][  0]LogTargetPlatformManager: Display: Loaded TargetPlatform 'TVOS'
[2021.09.02-07.56.39:226][  0]LogTargetPlatformManager: Display: Loaded TargetPlatform 'WindowsNoEditor'
[2021.09.02-07.56.39:230][  0]LogTargetPlatformManager: Display: Loaded TargetPlatform 'Windows'
[2021.09.02-07.56.39:235][  0]LogTargetPlatformManager: Display: Loaded TargetPlatform 'WindowsClient'
[2021.09.02-07.56.39:239][  0]LogTargetPlatformManager: Display: Loaded TargetPlatform 'WindowsServer'
[2021.09.02-07.56.39:239][  0]LogTargetPlatformManager: Display: Building Assets For Windows
[2021.09.02-07.56.39:245][  0]LogAudioDebug: Display: Lib vorbis DLL was dynamically loaded.
[2021.09.02-07.56.39:271][  0]LogTextureFormatOodle: Display: Oodle Texture 2.9.0 init RDO Off
[2021.09.02-07.56.39:299][  0]LogRendererCore: Ray tracing is disabled. Reason: r.RayTracing=0.
[2021.09.02-07.56.39:299][  0]LogShaderCompilers: Guid format shader working directory is -1 characters bigger than the processId version (C:/Users/theol/Desktop/SWAT2D_WIP/UnrealProject/Intermediate/Shaders/WorkingDirectory/7480/).
[2021.09.02-07.56.39:299][  0]LogShaderCompilers: Cleaned the shader compiler working directory 'C:/Users/theol/AppData/Local/Temp/UnrealShaderWorkingDir/B69B6B96485EAC5C07E9EFB72D56DD2D/'.
[2021.09.02-07.56.39:300][  0]LogXGEController: Cannot use XGE Controller as Incredibuild is not installed on this machine.
[2021.09.02-07.56.39:300][  0]LogShaderCompilers: Cannot use XGE Shader Compiler as Incredibuild is not installed on this machine.
[2021.09.02-07.56.39:300][  0]LogShaderCompilers: Display: Using Local Shader Compiler.
[2021.09.02-07.56.39:942][  0]LogDerivedDataCache: Display: Max Cache Size: 512 MB
[2021.09.02-07.56.39:991][  0]LogDerivedDataCache: Loaded boot cache 0.05s 91MB C:/Users/theol/AppData/Local/UnrealEngine/4.27/DerivedDataCache/Boot.ddc.
[2021.09.02-07.56.39:991][  0]LogDerivedDataCache: Display: Loaded Boot cache: C:/Users/theol/AppData/Local/UnrealEngine/4.27/DerivedDataCache/Boot.ddc
[2021.09.02-07.56.39:991][  0]LogDerivedDataCache: FDerivedDataBackendGraph:  Pak pak cache file C:/Users/theol/Desktop/SWAT2D_WIP/UnrealProject/DerivedDataCache/DDC.ddp not found, will not use a pak cache.
[2021.09.02-07.56.39:991][  0]LogDerivedDataCache: Unable to find inner node Pak for hierarchical cache Hierarchy.
[2021.09.02-07.56.39:991][  0]LogDerivedDataCache: FDerivedDataBackendGraph:  CompressedPak pak cache file C:/Users/theol/Desktop/SWAT2D_WIP/UnrealProject/DerivedDataCache/Compressed.ddp not found, will not use a pak cache.
[2021.09.02-07.56.39:991][  0]LogDerivedDataCache: Unable to find inner node CompressedPak for hierarchical cache Hierarchy.
[2021.09.02-07.56.40:005][  0]LogDerivedDataCache: Display: Pak cache opened for reading ../../../Engine/DerivedDataCache/Compressed.ddp.
[2021.09.02-07.56.40:005][  0]LogDerivedDataCache: FDerivedDataBackendGraph:  EnterprisePak pak cache file ../../../Enterprise/DerivedDataCache/Compressed.ddp not found, will not use a pak cache.
[2021.09.02-07.56.40:005][  0]LogDerivedDataCache: Unable to find inner node EnterprisePak for hierarchical cache Hierarchy.
[2021.09.02-07.56.40:012][  0]LogDerivedDataCache: Speed tests for C:/Users/theol/AppData/Local/UnrealEngine/Common/DerivedDataCache took 0.01 seconds
[2021.09.02-07.56.40:012][  0]LogDerivedDataCache: Display: Performance to C:/Users/theol/AppData/Local/UnrealEngine/Common/DerivedDataCache: Latency=0.02ms. RandomReadSpeed=1756.78MBs, RandomWriteSpeed=171.68MBs. Assigned SpeedClass 'Local'
[2021.09.02-07.56.40:012][  0]LogDerivedDataCache: Using Local data cache path C:/Users/theol/AppData/Local/UnrealEngine/Common/DerivedDataCache: Writable
[2021.09.02-07.56.40:012][  0]LogDerivedDataCache: Shared data cache path not found in *engine.ini, will not use an Shared cache.
[2021.09.02-07.56.40:012][  0]LogDerivedDataCache: Unable to find inner node Shared for hierarchical cache Hierarchy.
[2021.09.02-07.56.40:055][  0]LogSlate: Using FreeType 2.10.0
[2021.09.02-07.56.40:055][  0]LogSlate: SlateFontServices - WITH_FREETYPE: 1, WITH_HARFBUZZ: 1
[2021.09.02-07.56.40:074][  0]LogAssetRegistry: FAssetRegistry took 0.0022 seconds to start up
[2021.09.02-07.56.40:279][  0]LogInit: Selected Device Profile: [Windows]
[2021.09.02-07.56.40:279][  0]LogInit: Active device profile: [000001D7F4D1F400][000001D7F420D640 49] Windows
[2021.09.02-07.56.40:279][  0]LogInit: Profiles: [000001D7F4D1F400][000001D7F420D640 49] Windows, [000001D7F4CE8E00][000001D7F40A77C0 49] WindowsNoEditor, [000001D7F4D1CE00][000001D7E5A3B940 49] WindowsServer, [000001D7F4CEAA00][000001D7E5A3FAC0 49] WindowsClient, [000001D7F4D1E900][000001D7E5A420C0 49] IOS, [000001D7F4CEBD00][000001D7E719C240 49] iPadAir, [000001D7F4D1FB00][000001D7E71A03C0 49] iPadAir2, [000001D7F4C8F700][000001D7F40A2640 49] IPadPro, [000001D7F4C8F800][000001D7E71A4680 49] iPadAir3, [000001D7F4D1C700][000001D7E71A87C0 49] iPadAir4, [000001D7F4C8D300][000001D7E71AC900 49] iPadMini2, [000001D7F4D1F100][000001D7E71B4A80 49] iPadMini3, [000001D7F4C8E400][000001D7E71B8C00 49] iPadMini4, [000001D7F4D1E100][000001D7E71BCD80 49] iPadMini5, [000001D7F4CE3000][000001D7E71C5040 49] iPhone6, [000001D7F4CE3100][000001D7E71C1080 49] iPodTouch6, [000001D7F4C8C600][000001D7F0DBB340 49] iPhone7, [000001D7F4C8C500][000001D7E71C9380 49] iPodTouch7, [000001D7F4CE1200][000001D7F0DBF500 49] iPhone5S, [000001D7F4C8D200][000001D7F0DC3680 49] iPhone6Plus, [000001D7F4CE2500][000001D7F0DC7800 49] iPhone6S, [000001D7F4C8E900][000001D7F0DCB980 49] iPhone6SPlus, [000001D7F4CE3D00][000001D7F0DCFB00 49] iPhone7Plus, [000001D7F4C8F300][000001D7F0DD2100 49] iPhoneSE, [000001D7F4CE1500][000001D7F0DD6280 49] iPhone8, [000001D7F4C8DB00][000001D7F0DDA400 49] iPhone8Plus, [000001D7F4CE1C00][000001D7F0DDE580 49] iPhoneX, [000001D7F4C8DC00][000001D7F0DE2700 49] iPhoneXS, [000001D7F4CE2000][000001D7E71B0840 49] iPhoneXSMax, [000001D7F4C8C300][000001D7F0DE6980 49] iPhoneXR, [000001D7F4CE1F00][000001D7F0DEAAC0 49] iPhone11, [000001D7F4C8E200][000001D7F0DF2C40 49] iPhone11Pro, [000001D7F4CE1300][000001D7F0DF6DC0 49] iPhone11ProMax, [000001D7F4C8D500][000001D7F0DFAF40 49] iPhoneSE2, [000001D7F4CE0C00][000001D7F0DFF0C0 49] iPhone12Mini, [000001D7F4C8F000][000001D7F0E03240 49] iPhone12, [000001D7F4CE3300][000001D7F0E073C0 49] iPhone12Pro, [000001D7F4C8E600][000001D7F0E0B540 49] iPhone12ProMax, [000001D7F4CE0800][000001D7F0E0F6C0 49] iPadPro105, [000001D7F4C8FC00][000001D7F0E13840 49] iPadPro129, [000001D7F4CE0F00][000001D7F0E179C0 49] iPadPro97, [000001D7F4C8ED00][000001D7F0E1BB40 49] iPadPro2_129, [000001D7F4CE3F00][000001D7F0E1E140 49] iPad5, [000001D7F4C8D800][000001D7F0E222C0 49] iPad6, [000001D7F4CE3B00][000001D7F0E26440 49] iPad7, [000001D7F4C8F500][000001D7F0E2A5C0 49] iPad8, [000001D7F4CE2700][000001D7F0E2E740 49] iPadPro11, [000001D7F4C8FA00][000001D7F0E328C0 49] iPadPro2_11, [000001D7F4CE3700][000001D7F0DEEA00 49] iPadPro3_129, [000001D7F4C8FF00][000001D7F0E36B40 49] iPadPro4_129, [000001D7F4CE0A00][000001D7F0E3AC80 49] AppleTV, [000001D7F4C8EF00][000001D7F0E3EDC0 49] AppleTV4K, [000001D7F4CE1100][000001D7E6BB0F40 49] TVOS, [000001D7F4C8CB00][000001D7E6BB50C0 49] Mac, [000001D7F4CE8600][000001D7E6BB9240 49] MacClient, [000001D7F4D64D00][000001D7E6BBD3C0 49] MacNoEditor, [000001D7F4CEB100][000001D7E6BC1540 49] MacServer, [000001D7F4D65000][000001D7E6BC56C0 49] Linux, [000001D7F4CEB800][000001D7E6BC9840 49] LinuxAArch64, [000001D7F4D65100][000001D7E6BCD9C0 49] LinuxNoEditor, [000001D7F4CEA200][000001D7E6BD1B40 49] LinuxAArch64NoEditor, [000001D7F4D65B00][000001D7E6BD4140 49] LinuxClient, [000001D7F4CEAB00][000001D7E6BD82C0 49] LinuxAArch64Client, [000001D7F4D64800][000001D7E6BDC440 49] LinuxServer, [000001D7F4CEB000][000001D7E6BE05C0 49] LinuxAArch64Server, [000001D7F4D65D00][000001D7E6BE4740 49] Android, [000001D7F4CE8300][000001D7E6BE88C0 49] Android_Low, [000001D7F4D64700][000001D7E6BECA40 49] Android_Mid, [000001D7F4CE9200][000001D7F0E42B80 49] Android_High, [000001D7F4D66B00][000001D7E6BF0CC0 49] Android_Default, [000001D7F4CEB300][000001D7E6BF4E00 49] Android_Adreno4xx, [000001D7F4D64600][000001D7E6BF8F40 49] Android_Adreno5xx_Low, [000001D7F4CEBF00][000001D7E6C010C0 49] Android_Adreno5xx, [000001D7F4D65A00][000001D7E6C05240 49] Android_Adreno6xx, [000001D7F4CEA600][000001D7E6C093C0 49] Android_Adreno6xx_Vulkan, [000001D7F4D65600][000001D7E6C0D540 49] Android_Mali_T6xx, [000001D7F4C8DA00][000001D7E6C116C0 49] Android_Mali_T7xx, [000001D7F4CE1700][000001D7E6C15840 49] Android_Mali_T8xx, [000001D7F4C8F400][000001D7E6C199C0 49] Android_Mali_G71, [000001D7F4CE3E00][000001D7E6C1DB40 49] Android_Mali_G72, [000001D7F4C8E700][000001D7E6C20140 49] Android_Mali_G72_Vulkan, [000001D7F4CE1600][000001D7E6C242C0 49] Android_Mali_G76, [000001D7F4C8EB00][000001D7E6C28440 49] Android_Mali_G76_Vulkan, [000001D7F4CE0700][000001D7E6C2C5C0 49] Android_Mali_G77, [000001D7F4D65300][000001D7E6C30740 49] Android_Mali_G77_Vulkan, [000001D7F4CE2A00][000001D7E6C348C0 49] Android_Mali_G78, [000001D7F4D66500][000001D7E6C38A40 49] Android_Mali_G78_Vulkan, [000001D7F4CE2D00][000001D7E6C3CBC0 49] Android_Mali_G710, [000001D7F4D65700][000001D7E6C40D40 49] Android_Mali_G710_Vulkan, [000001D7F4CE2C00][000001D7E6BFCE80 49] Android_Vulkan_SM5, [000001D7F4D65900][000001D7E6C44FC0 49] Android_PowerVR_G6xxx, [000001D7F4CE0200][000001D7E6C49100 49] Android_PowerVR_GT7xxx, [000001D7F4D64C00][000001D7E6C51280 49] Android_PowerVR_GE8xxx, [000001D7F4CE1000][000001D7F1705400 49] Android_PowerVR_GM9xxx, [000001D7F4D64B00][000001D7F1709580 49] Android_PowerVR_GM9xxx_Vulkan, [000001D7F4CE0B00][000001D7F170D700 49] Android_TegraK1, [000001D7F4D65800][000001D7F1711880 49] Android_Unknown_Vulkan, [000001D7F4CE2F00][000001D7F1715A00 49] Lumin, [000001D7F4D66800][000001D7F1719B80 49] Lumin_Desktop, [000001D7F4CE3900][000001D7F171C180 49] HoloLens, 
[2021.09.02-07.56.40:392][  0]LogMeshReduction: Using QuadricMeshReduction for automatic static mesh reduction
[2021.09.02-07.56.40:392][  0]LogMeshReduction: Using SimplygonMeshReduction for automatic skeletal mesh reduction
[2021.09.02-07.56.40:392][  0]LogMeshReduction: Using ProxyLODMeshReduction for automatic mesh merging
[2021.09.02-07.56.40:392][  0]LogMeshReduction: No distributed automatic mesh merging module available
[2021.09.02-07.56.40:392][  0]LogMeshMerging: No distributed automatic mesh merging module available
[2021.09.02-07.56.40:408][  0]LogNetVersion: TOUDI 1.0.0, NetCL: 17155196, EngineNetVer: 17, GameNetVer: 0 (Checksum: 4284786375)
[2021.09.02-07.56.40:737][  0]LogTexture: Default maximum texture size for cubemaps generated from long-lat sources has been changed from 512 to unlimited. In order to preserve old behaiour for '/Engine/MapTemplates/Sky/DaylightAmbientCubemap.DaylightAmbientCubemap', its maximum texture size has been explicitly set to 512.
[2021.09.02-07.56.40:787][  0]LogUObjectArray: 17011 objects as part of root set at end of initial load.
[2021.09.02-07.56.40:787][  0]LogUObjectAllocator: 4256960 out of 0 bytes used by permanent object pool.
[2021.09.02-07.56.40:787][  0]LogUObjectArray: CloseDisregardForGC: 0/0 objects in disregard for GC pool
[2021.09.02-07.56.41:025][  0]LogNiagaraDebuggerClient: Niagara Debugger Client Initialized | Session: 010B348344370B4A63B8629E037049E2 | Instance: 3874E1F647BBD1DDA6E939A9131328ED (GRENNEHPC-7480).
[2021.09.02-07.56.41:135][  0]LogStreaming: Warning: Failed to read file '../../../Engine/Content/Editor/Slate/Niagara/MenuSeparator.png' error.
[2021.09.02-07.56.41:135][  0]LogSlate: Could not find file for Slate resource: ../../../Engine/Content/Editor/Slate/Niagara/MenuSeparator.png
[2021.09.02-07.56.41:135][  0]LogStreaming: Warning: Failed to read file '../../../Engine/Content/Editor/Slate/Niagara/Common/Selector.png' error.
[2021.09.02-07.56.41:135][  0]LogSlate: Could not find file for Slate resource: ../../../Engine/Content/Editor/Slate/Niagara/Common/Selector.png
[2021.09.02-07.56.41:135][  0]LogStreaming: Warning: Failed to read file '../../../Engine/Content/Editor/Slate/Niagara/Common/Selection.png' error.
[2021.09.02-07.56.41:135][  0]LogSlate: Could not find file for Slate resource: ../../../Engine/Content/Editor/Slate/Niagara/Common/Selection.png
[2021.09.02-07.56.41:135][  0]LogImageWrapper: Warning: PNG Warning: Duplicate iCCP chunk
[2021.09.02-07.56.41:135][  0]LogStreaming: Warning: Failed to read file '../../../Engine/Content/Editor/Slate/Niagara/Common/DropZoneIndicator_Above.png' error.
[2021.09.02-07.56.41:135][  0]LogSlate: Could not find file for Slate resource: ../../../Engine/Content/Editor/Slate/Niagara/Common/DropZoneIndicator_Above.png
[2021.09.02-07.56.41:135][  0]LogStreaming: Warning: Failed to read file '../../../Engine/Content/Editor/Slate/Niagara/Common/DropZoneIndicator_Onto.png' error.
[2021.09.02-07.56.41:135][  0]LogSlate: Could not find file for Slate resource: ../../../Engine/Content/Editor/Slate/Niagara/Common/DropZoneIndicator_Onto.png
[2021.09.02-07.56.41:135][  0]LogStreaming: Warning: Failed to read file '../../../Engine/Content/Editor/Slate/Niagara/Common/DropZoneIndicator_Below.png' error.
[2021.09.02-07.56.41:135][  0]LogSlate: Could not find file for Slate resource: ../../../Engine/Content/Editor/Slate/Niagara/Common/DropZoneIndicator_Below.png
[2021.09.02-07.56.41:135][  0]LogStreaming: Warning: Failed to read file '../../../Engine/Content/Editor/Slate/Niagara/Common/RoundedSelection_16x.png' error.
[2021.09.02-07.56.41:135][  0]LogSlate: Could not find file for Slate resource: ../../../Engine/Content/Editor/Slate/Niagara/Common/RoundedSelection_16x.png
[2021.09.02-07.56.41:135][  0]LogStreaming: Warning: Failed to read file '../../../Engine/Content/Editor/Slate/Niagara/Common/FlatButton.png' error.
[2021.09.02-07.56.41:135][  0]LogSlate: Could not find file for Slate resource: ../../../Engine/Content/Editor/Slate/Niagara/Common/FlatButton.png
[2021.09.02-07.56.41:135][  0]LogImageWrapper: Warning: PNG Warning: Duplicate iCCP chunk
[2021.09.02-07.56.41:135][  0]LogPython: Using Python 3.7.7
[2021.09.02-07.56.41:589][  0]LogUdpMessaging: Initializing bridge on interface 0.0.0.0:0 to multicast group 230.0.0.1:6666.
[2021.09.02-07.56.41:595][  0]LogTcpMessaging: Initializing TcpMessaging bridge
[2021.09.02-07.56.41:724][  0]SourceControl: Source control is disabled
[2021.09.02-07.56.41:724][  0]SourceControl: Source control is disabled
[2021.09.02-07.56.41:726][  0]SourceControl: Source control is disabled
[2021.09.02-07.56.41:731][  0]SourceControl: Source control is disabled
[2021.09.02-07.56.41:747][  0]SourceControl: Source control is disabled
[2021.09.02-07.56.41:763][  0]LogUProjectInfo: Found projects:
[2021.09.02-07.56.41:968][  0]LogOpenImageDenoise: OIDN starting up
[2021.09.02-07.56.41:980][  0]LogAndroidPermission: UAndroidPermissionCallbackProxy::GetInstance
[2021.09.02-07.56.41:998][  0]LogAudioCaptureCore: Display: No Audio Capture implementations found. Audio input will be silent.
[2021.09.02-07.56.41:998][  0]LogAudioCaptureCore: Display: No Audio Capture implementations found. Audio input will be silent.
[2021.09.02-07.56.42:118][  0]LogCollectionManager: Loaded 0 collections in 0.000536 seconds
[2021.09.02-07.56.42:173][  0]LogFileCache: Scanning file cache for directory 'C:/Users/theol/Desktop/SWAT2D_WIP/UnrealProject/Saved/Collections/' took 0.00s
[2021.09.02-07.56.42:173][  0]LogFileCache: Scanning file cache for directory 'C:/Users/theol/Desktop/SWAT2D_WIP/UnrealProject/Content/Developers/theol/Collections/' took 0.00s
[2021.09.02-07.56.42:173][  0]LogFileCache: Scanning file cache for directory 'C:/Users/theol/Desktop/SWAT2D_WIP/UnrealProject/Content/Collections/' took 0.00s
[2021.09.02-07.56.42:173][  0]LogEngine: Initializing Engine...
[2021.09.02-07.56.42:175][  0]LogStats: UGameplayTagsManager::InitializeManager -  0.000 s
[2021.09.02-07.56.42:283][  0]LogInit: Initializing FReadOnlyCVARCache
[2021.09.02-07.56.42:291][  0]LogAIModule: Creating AISystem for world Untitled
[2021.09.02-07.56.42:301][  0]LogAudio: Display: Initializing Audio Device Manager...
[2021.09.02-07.56.42:305][  0]LogAudio: Display: Loading Default Audio Settings Objects...
[2021.09.02-07.56.42:306][  0]LogAudio: Display: No default SoundConcurrencyObject specified (or failed to load).
[2021.09.02-07.56.42:306][  0]LogAudio: Display: Audio Device Manager Initialized
[2021.09.02-07.56.42:306][  0]LogAudio: Display: Creating Audio Device:                 Id: 1, Scope: Shared, Realtime: True
[2021.09.02-07.56.42:306][  0]LogAudioMixer: Display: Audio Mixer Platform Settings:
[2021.09.02-07.56.42:306][  0]LogAudioMixer: Display: 	Sample Rate:						  48000
[2021.09.02-07.56.42:306][  0]LogAudioMixer: Display: 	Callback Buffer Frame Size Requested: 1024
[2021.09.02-07.56.42:306][  0]LogAudioMixer: Display: 	Callback Buffer Frame Size To Use:	  1024
[2021.09.02-07.56.42:306][  0]LogAudioMixer: Display: 	Number of buffers to queue:			  2
[2021.09.02-07.56.42:306][  0]LogAudioMixer: Display: 	Max Channels (voices):				  32
[2021.09.02-07.56.42:306][  0]LogAudioMixer: Display: 	Number of Async Source Workers:		  0
[2021.09.02-07.56.42:306][  0]LogAudio: Display: AudioDevice MaxSources: 32
[2021.09.02-07.56.42:307][  0]LogAudio: Display: Audio Spatialization Plugin: None (built-in).
[2021.09.02-07.56.42:307][  0]LogAudio: Display: Audio Reverb Plugin: None (built-in).
[2021.09.02-07.56.42:307][  0]LogAudio: Display: Audio Occlusion Plugin: None (built-in).
[2021.09.02-07.56.42:307][  0]LogAudioMixer: Display: Initializing audio mixer.
[2021.09.02-07.56.42:322][  0]LogAudioMixer: Display: 0: FrontLeft
[2021.09.02-07.56.42:322][  0]LogAudioMixer: Display: 1: FrontRight
[2021.09.02-07.56.42:343][  0]LogAudioMixer: Display: Using Audio Device Haut-parleurs (Realtek(R) Audio)
[2021.09.02-07.56.42:345][  0]LogAudioMixer: Display: Initializing Sound Submixes...
[2021.09.02-07.56.42:347][  0]LogAudioMixer: Display: Creating Master Submix 'MasterSubmixDefault'
[2021.09.02-07.56.42:347][  0]LogAudioMixer: Display: Creating Master Submix 'MasterReverbSubmixDefault'
[2021.09.02-07.56.42:347][  0]LogAudioMixer: Display: Creating Master Submix 'MasterEQSubmixDefault'
[2021.09.02-07.56.42:347][  0]LogAudioMixer: FMixerPlatformXAudio2::StartAudioStream() called
[2021.09.02-07.56.42:347][  0]LogAudioMixer: Display: Output buffers initialized: Frames=1024, Channels=2, Samples=2048
[2021.09.02-07.56.42:348][  0]LogAudioMixer: Display: Starting AudioMixerPlatformInterface::RunInternal()
[2021.09.02-07.56.42:348][  0]LogAudioMixer: Display: FMixerPlatformXAudio2::SubmitBuffer() called for the first time
[2021.09.02-07.56.42:348][  0]LogInit: FAudioDevice initialized.
[2021.09.02-07.56.42:348][  0]LogAudio: Display: Audio Device (ID: 1) registered with world 'Untitled'.
[2021.09.02-07.56.42:348][  0]LogNetVersion: Set ProjectVersion to 1.0.0.0. Version Checksum will be recalculated on next use.
[2021.09.02-07.56.42:420][  0]LogDerivedDataCache: Saved boot cache 0.07s 91MB C:/Users/theol/AppData/Local/UnrealEngine/4.27/DerivedDataCache/Boot.ddc.
[2021.09.02-07.56.42:421][  0]LogInit: Texture streaming: Enabled
[2021.09.02-07.56.42:431][  0]LogAnalytics: Display: [UEEditor.Rocket.Release] APIServer = https://datarouter.ol.epicgames.com/. AppVersion = 4.27.0-17155196+++UE4+Release-4.27
[2021.09.02-07.56.42:434][  0]LogEngineSessionManager: EngineSessionManager initialized
[2021.09.02-07.56.42:434][  0]LogEditorSessionSummary: Verbose: Initializing EditorSessionSummaryWriter for editor session tracking
[2021.09.02-07.56.42:435][  0]LogEditorSessionSummary: EditorSessionSummaryWriter initialized
[2021.09.02-07.56.42:458][  0]LogInit: Transaction tracking system initialized
[2021.09.02-07.56.42:476][  0]BlueprintLog: New page: Editor Load
[2021.09.02-07.56.42:527][  0]LocalizationService: Localization service is disabled
[2021.09.02-07.56.42:547][  0]TimingProfiler: Initialize
[2021.09.02-07.56.42:547][  0]TimingProfiler: OnSessionChanged
[2021.09.02-07.56.42:547][  0]LoadingProfiler: Initialize
[2021.09.02-07.56.42:547][  0]LoadingProfiler: OnSessionChanged
[2021.09.02-07.56.42:547][  0]NetworkingProfiler: Initialize
[2021.09.02-07.56.42:547][  0]NetworkingProfiler: OnSessionChanged
[2021.09.02-07.56.42:547][  0]MemoryProfiler: Initialize
[2021.09.02-07.56.42:547][  0]MemoryProfiler: OnSessionChanged
[2021.09.02-07.56.42:663][  0]LogCook: Display: CookSettings for Memory: MemoryMaxUsedVirtual 0MiB, MemoryMaxUsedPhysical 16384MiB, MemoryMinFreeVirtual 0MiB, MemoryMinFreePhysical 1024MiB
[2021.09.02-07.56.42:663][  0]LogCook: Display: Mobile HDR setting 0
[2021.09.02-07.56.42:703][  0]LogFileCache: Scanning file cache for directory 'C:/Users/theol/Desktop/SWAT2D_WIP/UnrealProject/Content/' took 0.01s
[2021.09.02-07.56.42:827][  0]LogInit: Display: Engine is initialized. Leaving FEngineLoop::Init()
[2021.09.02-07.56.42:829][  0]SourceControl: Source control is disabled
[2021.09.02-07.56.42:829][  0]LogUnrealEdMisc: Loading editor; pre map load, took 6.949
[2021.09.02-07.56.42:830][  0]Cmd: MAP LOAD FILE="C:/Users/theol/Desktop/SWAT2D_WIP/UnrealProject/Content/2DSideScrollerBP/Maps/2DSideScrollerExampleMap.umap" TEMPLATE=0 SHOWPROGRESS=1 FEATURELEVEL=3
[2021.09.02-07.56.42:830][  0]LogEditorServer: Warning: Can't find file 'C:/Users/theol/Desktop/SWAT2D_WIP/UnrealProject/Content/2DSideScrollerBP/Maps/2DSideScrollerExampleMap.umap'
[2021.09.02-07.56.42:830][  0]Cmd: MAP CHECKDEP NOCLEARLOG
[2021.09.02-07.56.42:830][  0]MapCheck: Map check complete: 0 Error(s), 0 Warning(s), took 0,123ms to complete.
[2021.09.02-07.56.42:830][  0]LogFileHelpers: Loading map '2DSideScrollerExampleMap' took 0.000
[2021.09.02-07.56.42:831][  0]LogUnrealEdMisc: Total Editor Startup Time, took 6.951
[2021.09.02-07.56.42:962][  0]LogSlate: Updating window title bar state: overlay mode, drag disabled, window buttons hidden, title bar hidden
[2021.09.02-07.56.42:968][  0]LogSlate: Updating window title bar state: overlay mode, drag disabled, window buttons hidden, title bar hidden
[2021.09.02-07.56.42:973][  0]LogSlate: Updating window title bar state: overlay mode, drag disabled, window buttons hidden, title bar hidden
[2021.09.02-07.56.42:979][  0]LogSlate: Updating window title bar state: overlay mode, drag disabled, window buttons hidden, title bar hidden
[2021.09.02-07.56.42:991][  0]LogNativeClassHierarchy: Verbose: Native class hierarchy populated in 0.0084 seconds. Added 3801 classes and 910 folders.
[2021.09.02-07.56.42:992][  0]LogNativeClassHierarchy: Verbose: Native class hierarchy updated for 'WidgetCarousel' in 0.0002 seconds. Added 0 classes and 0 folders.
[2021.09.02-07.56.42:993][  0]LogPakFile: PakFile PrimaryIndexSize=187
[2021.09.02-07.56.42:993][  0]LogPakFile: PakFile PathHashIndexSize=101
[2021.09.02-07.56.42:993][  0]LogPakFile: PakFile FullDirectoryIndexSize=148
[2021.09.02-07.56.42:994][  0]LogShaderLibrary: Display: ShaderCodeLibraryPakFileMountedCallback: PakFile 'E:/UnrealEngine/UE_4.27/FeaturePacks/FP_FirstPerson.upack' (chunk index -1, root 'root:/') mounted
[2021.09.02-07.56.42:994][  0]LogShaderLibrary: Display: ShaderCodeLibraryPakFileMountedCallback: pending pak file info (ChunkID:-1 Root:root:/ File:E:/UnrealEngine/UE_4.27/FeaturePacks/FP_FirstPerson.upack)
[2021.09.02-07.56.42:994][  0]LogPakFile: OnPakFileMounted2Time == 0.000047
[2021.09.02-07.56.42:994][  0]LogPakFile: PakFile PrimaryIndexSize=189
[2021.09.02-07.56.42:994][  0]LogPakFile: PakFile PathHashIndexSize=101
[2021.09.02-07.56.42:994][  0]LogPakFile: PakFile FullDirectoryIndexSize=152
[2021.09.02-07.56.42:994][  0]LogShaderLibrary: Display: ShaderCodeLibraryPakFileMountedCallback: PakFile 'E:/UnrealEngine/UE_4.27/FeaturePacks/FP_FirstPersonBP.upack' (chunk index -1, root 'root:/') mounted
[2021.09.02-07.56.42:994][  0]LogShaderLibrary: Display: ShaderCodeLibraryPakFileMountedCallback: pending pak file info (ChunkID:-1 Root:root:/ File:E:/UnrealEngine/UE_4.27/FeaturePacks/FP_FirstPersonBP.upack)
[2021.09.02-07.56.42:994][  0]LogPakFile: OnPakFileMounted2Time == 0.000031
[2021.09.02-07.56.42:994][  0]LogPakFile: PakFile PrimaryIndexSize=191
[2021.09.02-07.56.42:994][  0]LogPakFile: PakFile PathHashIndexSize=101
[2021.09.02-07.56.42:994][  0]LogPakFile: PakFile FullDirectoryIndexSize=160
[2021.09.02-07.56.42:994][  0]LogShaderLibrary: Display: ShaderCodeLibraryPakFileMountedCallback: PakFile 'E:/UnrealEngine/UE_4.27/FeaturePacks/MobileStarterContent.upack' (chunk index -1, root 'root:/') mounted
[2021.09.02-07.56.42:994][  0]LogShaderLibrary: Display: ShaderCodeLibraryPakFileMountedCallback: pending pak file info (ChunkID:-1 Root:root:/ File:E:/UnrealEngine/UE_4.27/FeaturePacks/MobileStarterContent.upack)
[2021.09.02-07.56.42:995][  0]LogPakFile: OnPakFileMounted2Time == 0.000027
[2021.09.02-07.56.42:995][  0]LogPakFile: PakFile PrimaryIndexSize=185
[2021.09.02-07.56.42:995][  0]LogPakFile: PakFile PathHashIndexSize=101
[2021.09.02-07.56.42:995][  0]LogPakFile: PakFile FullDirectoryIndexSize=148
[2021.09.02-07.56.42:995][  0]LogShaderLibrary: Display: ShaderCodeLibraryPakFileMountedCallback: PakFile 'E:/UnrealEngine/UE_4.27/FeaturePacks/StarterContent.upack' (chunk index -1, root 'root:/') mounted
[2021.09.02-07.56.42:995][  0]LogShaderLibrary: Display: ShaderCodeLibraryPakFileMountedCallback: pending pak file info (ChunkID:-1 Root:root:/ File:E:/UnrealEngine/UE_4.27/FeaturePacks/StarterContent.upack)
[2021.09.02-07.56.42:995][  0]LogPakFile: OnPakFileMounted2Time == 0.000031
[2021.09.02-07.56.42:995][  0]LogPakFile: PakFile PrimaryIndexSize=190
[2021.09.02-07.56.42:995][  0]LogPakFile: PakFile PathHashIndexSize=101
[2021.09.02-07.56.42:995][  0]LogPakFile: PakFile FullDirectoryIndexSize=154
[2021.09.02-07.56.42:995][  0]LogShaderLibrary: Display: ShaderCodeLibraryPakFileMountedCallback: PakFile 'E:/UnrealEngine/UE_4.27/FeaturePacks/TP_2DSideScroller.upack' (chunk index -1, root 'root:/') mounted
[2021.09.02-07.56.42:995][  0]LogShaderLibrary: Display: ShaderCodeLibraryPakFileMountedCallback: pending pak file info (ChunkID:-1 Root:root:/ File:E:/UnrealEngine/UE_4.27/FeaturePacks/TP_2DSideScroller.upack)
[2021.09.02-07.56.42:995][  0]LogPakFile: OnPakFileMounted2Time == 0.000030
[2021.09.02-07.56.42:996][  0]LogPakFile: PakFile PrimaryIndexSize=192
[2021.09.02-07.56.42:996][  0]LogPakFile: PakFile PathHashIndexSize=101
[2021.09.02-07.56.42:996][  0]LogPakFile: PakFile FullDirectoryIndexSize=158
[2021.09.02-07.56.42:996][  0]LogShaderLibrary: Display: ShaderCodeLibraryPakFileMountedCallback: PakFile 'E:/UnrealEngine/UE_4.27/FeaturePacks/TP_2DSideScrollerBP.upack' (chunk index -1, root 'root:/') mounted
[2021.09.02-07.56.42:996][  0]LogShaderLibrary: Display: ShaderCodeLibraryPakFileMountedCallback: pending pak file info (ChunkID:-1 Root:root:/ File:E:/UnrealEngine/UE_4.27/FeaturePacks/TP_2DSideScrollerBP.upack)
[2021.09.02-07.56.42:996][  0]LogPakFile: OnPakFileMounted2Time == 0.000028
[2021.09.02-07.56.42:996][  0]LogPakFile: PakFile PrimaryIndexSize=182
[2021.09.02-07.56.42:996][  0]LogPakFile: PakFile PathHashIndexSize=101
[2021.09.02-07.56.42:996][  0]LogPakFile: PakFile FullDirectoryIndexSize=138
[2021.09.02-07.56.42:996][  0]LogShaderLibrary: Display: ShaderCodeLibraryPakFileMountedCallback: PakFile 'E:/UnrealEngine/UE_4.27/FeaturePacks/TP_Flying.upack' (chunk index -1, root 'root:/') mounted
[2021.09.02-07.56.42:996][  0]LogShaderLibrary: Display: ShaderCodeLibraryPakFileMountedCallback: pending pak file info (ChunkID:-1 Root:root:/ File:E:/UnrealEngine/UE_4.27/FeaturePacks/TP_Flying.upack)
[2021.09.02-07.56.42:996][  0]LogPakFile: OnPakFileMounted2Time == 0.000027
[2021.09.02-07.56.42:997][  0]LogPakFile: PakFile PrimaryIndexSize=184
[2021.09.02-07.56.42:997][  0]LogPakFile: PakFile PathHashIndexSize=101
[2021.09.02-07.56.42:997][  0]LogPakFile: PakFile FullDirectoryIndexSize=142
[2021.09.02-07.56.42:997][  0]LogShaderLibrary: Display: ShaderCodeLibraryPakFileMountedCallback: PakFile 'E:/UnrealEngine/UE_4.27/FeaturePacks/TP_FlyingBP.upack' (chunk index -1, root 'root:/') mounted
[2021.09.02-07.56.42:997][  0]LogShaderLibrary: Display: ShaderCodeLibraryPakFileMountedCallback: pending pak file info (ChunkID:-1 Root:root:/ File:E:/UnrealEngine/UE_4.27/FeaturePacks/TP_FlyingBP.upack)
[2021.09.02-07.56.42:997][  0]LogPakFile: OnPakFileMounted2Time == 0.000027
[2021.09.02-07.56.42:997][  0]LogPakFile: PakFile PrimaryIndexSize=188
[2021.09.02-07.56.42:997][  0]LogPakFile: PakFile PathHashIndexSize=101
[2021.09.02-07.56.42:997][  0]LogPakFile: PakFile FullDirectoryIndexSize=150
[2021.09.02-07.56.42:997][  0]LogShaderLibrary: Display: ShaderCodeLibraryPakFileMountedCallback: PakFile 'E:/UnrealEngine/UE_4.27/FeaturePacks/TP_HandheldARBP.upack' (chunk index -1, root 'root:/') mounted
[2021.09.02-07.56.42:997][  0]LogShaderLibrary: Display: ShaderCodeLibraryPakFileMountedCallback: pending pak file info (ChunkID:-1 Root:root:/ File:E:/UnrealEngine/UE_4.27/FeaturePacks/TP_HandheldARBP.upack)
[2021.09.02-07.56.42:997][  0]LogPakFile: OnPakFileMounted2Time == 0.000033
[2021.09.02-07.56.42:997][  0]LogPakFile: PakFile PrimaryIndexSize=182
[2021.09.02-07.56.42:998][  0]LogPakFile: PakFile PathHashIndexSize=101
[2021.09.02-07.56.42:998][  0]LogPakFile: PakFile FullDirectoryIndexSize=138
[2021.09.02-07.56.42:998][  0]LogShaderLibrary: Display: ShaderCodeLibraryPakFileMountedCallback: PakFile 'E:/UnrealEngine/UE_4.27/FeaturePacks/TP_Puzzle.upack' (chunk index -1, root 'root:/') mounted
[2021.09.02-07.56.42:998][  0]LogShaderLibrary: Display: ShaderCodeLibraryPakFileMountedCallback: pending pak file info (ChunkID:-1 Root:root:/ File:E:/UnrealEngine/UE_4.27/FeaturePacks/TP_Puzzle.upack)
[2021.09.02-07.56.42:998][  0]LogPakFile: OnPakFileMounted2Time == 0.000027
[2021.09.02-07.56.42:998][  0]LogPakFile: PakFile PrimaryIndexSize=184
[2021.09.02-07.56.42:998][  0]LogPakFile: PakFile PathHashIndexSize=101
[2021.09.02-07.56.42:998][  0]LogPakFile: PakFile FullDirectoryIndexSize=142
[2021.09.02-07.56.42:998][  0]LogShaderLibrary: Display: ShaderCodeLibraryPakFileMountedCallback: PakFile 'E:/UnrealEngine/UE_4.27/FeaturePacks/TP_PuzzleBP.upack' (chunk index -1, root 'root:/') mounted
[2021.09.02-07.56.42:998][  0]LogShaderLibrary: Display: ShaderCodeLibraryPakFileMountedCallback: pending pak file info (ChunkID:-1 Root:root:/ File:E:/UnrealEngine/UE_4.27/FeaturePacks/TP_PuzzleBP.upack)
[2021.09.02-07.56.42:998][  0]LogPakFile: OnPakFileMounted2Time == 0.000027
[2021.09.02-07.56.42:998][  0]LogPakFile: PakFile PrimaryIndexSize=183
[2021.09.02-07.56.42:998][  0]LogPakFile: PakFile PathHashIndexSize=101
[2021.09.02-07.56.42:998][  0]LogPakFile: PakFile FullDirectoryIndexSize=140
[2021.09.02-07.56.42:998][  0]LogShaderLibrary: Display: ShaderCodeLibraryPakFileMountedCallback: PakFile 'E:/UnrealEngine/UE_4.27/FeaturePacks/TP_Rolling.upack' (chunk index -1, root 'root:/') mounted
[2021.09.02-07.56.42:998][  0]LogShaderLibrary: Display: ShaderCodeLibraryPakFileMountedCallback: pending pak file info (ChunkID:-1 Root:root:/ File:E:/UnrealEngine/UE_4.27/FeaturePacks/TP_Rolling.upack)
[2021.09.02-07.56.42:998][  0]LogPakFile: OnPakFileMounted2Time == 0.000026
[2021.09.02-07.56.42:999][  0]LogPakFile: PakFile PrimaryIndexSize=185
[2021.09.02-07.56.42:999][  0]LogPakFile: PakFile PathHashIndexSize=101
[2021.09.02-07.56.42:999][  0]LogPakFile: PakFile FullDirectoryIndexSize=144
[2021.09.02-07.56.42:999][  0]LogShaderLibrary: Display: ShaderCodeLibraryPakFileMountedCallback: PakFile 'E:/UnrealEngine/UE_4.27/FeaturePacks/TP_RollingBP.upack' (chunk index -1, root 'root:/') mounted
[2021.09.02-07.56.42:999][  0]LogShaderLibrary: Display: ShaderCodeLibraryPakFileMountedCallback: pending pak file info (ChunkID:-1 Root:root:/ File:E:/UnrealEngine/UE_4.27/FeaturePacks/TP_RollingBP.upack)
[2021.09.02-07.56.42:999][  0]LogPakFile: OnPakFileMounted2Time == 0.000027
[2021.09.02-07.56.42:999][  0]LogPakFile: PakFile PrimaryIndexSize=188
[2021.09.02-07.56.42:999][  0]LogPakFile: PakFile PathHashIndexSize=101
[2021.09.02-07.56.42:999][  0]LogPakFile: PakFile FullDirectoryIndexSize=150
[2021.09.02-07.56.42:999][  0]LogShaderLibrary: Display: ShaderCodeLibraryPakFileMountedCallback: PakFile 'E:/UnrealEngine/UE_4.27/FeaturePacks/TP_SideScroller.upack' (chunk index -1, root 'root:/') mounted
[2021.09.02-07.56.42:999][  0]LogShaderLibrary: Display: ShaderCodeLibraryPakFileMountedCallback: pending pak file info (ChunkID:-1 Root:root:/ File:E:/UnrealEngine/UE_4.27/FeaturePacks/TP_SideScroller.upack)
[2021.09.02-07.56.42:999][  0]LogPakFile: OnPakFileMounted2Time == 0.000029
[2021.09.02-07.56.43:000][  0]LogPakFile: PakFile PrimaryIndexSize=190
[2021.09.02-07.56.43:000][  0]LogPakFile: PakFile PathHashIndexSize=101
[2021.09.02-07.56.43:000][  0]LogPakFile: PakFile FullDirectoryIndexSize=154
[2021.09.02-07.56.43:000][  0]LogShaderLibrary: Display: ShaderCodeLibraryPakFileMountedCallback: PakFile 'E:/UnrealEngine/UE_4.27/FeaturePacks/TP_SideScrollerBP.upack' (chunk index -1, root 'root:/') mounted
[2021.09.02-07.56.43:000][  0]LogShaderLibrary: Display: ShaderCodeLibraryPakFileMountedCallback: pending pak file info (ChunkID:-1 Root:root:/ File:E:/UnrealEngine/UE_4.27/FeaturePacks/TP_SideScrollerBP.upack)
[2021.09.02-07.56.43:000][  0]LogPakFile: OnPakFileMounted2Time == 0.000035
[2021.09.02-07.56.43:000][  0]LogPakFile: PakFile PrimaryIndexSize=187
[2021.09.02-07.56.43:000][  0]LogPakFile: PakFile PathHashIndexSize=101
[2021.09.02-07.56.43:000][  0]LogPakFile: PakFile FullDirectoryIndexSize=148
[2021.09.02-07.56.43:000][  0]LogShaderLibrary: Display: ShaderCodeLibraryPakFileMountedCallback: PakFile 'E:/UnrealEngine/UE_4.27/FeaturePacks/TP_ThirdPerson.upack' (chunk index -1, root 'root:/') mounted
[2021.09.02-07.56.43:001][  0]LogShaderLibrary: Display: ShaderCodeLibraryPakFileMountedCallback: pending pak file info (ChunkID:-1 Root:root:/ File:E:/UnrealEngine/UE_4.27/FeaturePacks/TP_ThirdPerson.upack)
[2021.09.02-07.56.43:001][  0]LogPakFile: OnPakFileMounted2Time == 0.000071
[2021.09.02-07.56.43:001][  0]LogPakFile: PakFile PrimaryIndexSize=189
[2021.09.02-07.56.43:001][  0]LogPakFile: PakFile PathHashIndexSize=101
[2021.09.02-07.56.43:001][  0]LogPakFile: PakFile FullDirectoryIndexSize=152
[2021.09.02-07.56.43:001][  0]LogShaderLibrary: Display: ShaderCodeLibraryPakFileMountedCallback: PakFile 'E:/UnrealEngine/UE_4.27/FeaturePacks/TP_ThirdPersonBP.upack' (chunk index -1, root 'root:/') mounted
[2021.09.02-07.56.43:001][  0]LogShaderLibrary: Display: ShaderCodeLibraryPakFileMountedCallback: pending pak file info (ChunkID:-1 Root:root:/ File:E:/UnrealEngine/UE_4.27/FeaturePacks/TP_ThirdPersonBP.upack)
[2021.09.02-07.56.43:001][  0]LogPakFile: OnPakFileMounted2Time == 0.000030
[2021.09.02-07.56.43:001][  0]LogPakFile: PakFile PrimaryIndexSize=183
[2021.09.02-07.56.43:001][  0]LogPakFile: PakFile PathHashIndexSize=101
[2021.09.02-07.56.43:001][  0]LogPakFile: PakFile FullDirectoryIndexSize=140
[2021.09.02-07.56.43:001][  0]LogShaderLibrary: Display: ShaderCodeLibraryPakFileMountedCallback: PakFile 'E:/UnrealEngine/UE_4.27/FeaturePacks/TP_TopDown.upack' (chunk index -1, root 'root:/') mounted
[2021.09.02-07.56.43:002][  0]LogShaderLibrary: Display: ShaderCodeLibraryPakFileMountedCallback: pending pak file info (ChunkID:-1 Root:root:/ File:E:/UnrealEngine/UE_4.27/FeaturePacks/TP_TopDown.upack)
[2021.09.02-07.56.43:002][  0]LogPakFile: OnPakFileMounted2Time == 0.000039
[2021.09.02-07.56.43:002][  0]LogPakFile: PakFile PrimaryIndexSize=185
[2021.09.02-07.56.43:002][  0]LogPakFile: PakFile PathHashIndexSize=101
[2021.09.02-07.56.43:002][  0]LogPakFile: PakFile FullDirectoryIndexSize=144
[2021.09.02-07.56.43:002][  0]LogShaderLibrary: Display: ShaderCodeLibraryPakFileMountedCallback: PakFile 'E:/UnrealEngine/UE_4.27/FeaturePacks/TP_TopDownBP.upack' (chunk index -1, root 'root:/') mounted
[2021.09.02-07.56.43:002][  0]LogShaderLibrary: Display: ShaderCodeLibraryPakFileMountedCallback: pending pak file info (ChunkID:-1 Root:root:/ File:E:/UnrealEngine/UE_4.27/FeaturePacks/TP_TopDownBP.upack)
[2021.09.02-07.56.43:002][  0]LogPakFile: OnPakFileMounted2Time == 0.000028
[2021.09.02-07.56.43:002][  0]LogPakFile: PakFile PrimaryIndexSize=185
[2021.09.02-07.56.43:002][  0]LogPakFile: PakFile PathHashIndexSize=101
[2021.09.02-07.56.43:002][  0]LogPakFile: PakFile FullDirectoryIndexSize=144
[2021.09.02-07.56.43:002][  0]LogShaderLibrary: Display: ShaderCodeLibraryPakFileMountedCallback: PakFile 'E:/UnrealEngine/UE_4.27/FeaturePacks/TP_TwinStick.upack' (chunk index -1, root 'root:/') mounted
[2021.09.02-07.56.43:002][  0]LogShaderLibrary: Display: ShaderCodeLibraryPakFileMountedCallback: pending pak file info (ChunkID:-1 Root:root:/ File:E:/UnrealEngine/UE_4.27/FeaturePacks/TP_TwinStick.upack)
[2021.09.02-07.56.43:002][  0]LogPakFile: OnPakFileMounted2Time == 0.000029
[2021.09.02-07.56.43:003][  0]LogPakFile: PakFile PrimaryIndexSize=187
[2021.09.02-07.56.43:003][  0]LogPakFile: PakFile PathHashIndexSize=101
[2021.09.02-07.56.43:003][  0]LogPakFile: PakFile FullDirectoryIndexSize=148
[2021.09.02-07.56.43:003][  0]LogShaderLibrary: Display: ShaderCodeLibraryPakFileMountedCallback: PakFile 'E:/UnrealEngine/UE_4.27/FeaturePacks/TP_TwinStickBP.upack' (chunk index -1, root 'root:/') mounted
[2021.09.02-07.56.43:003][  0]LogShaderLibrary: Display: ShaderCodeLibraryPakFileMountedCallback: pending pak file info (ChunkID:-1 Root:root:/ File:E:/UnrealEngine/UE_4.27/FeaturePacks/TP_TwinStickBP.upack)
[2021.09.02-07.56.43:003][  0]LogPakFile: OnPakFileMounted2Time == 0.000030
[2021.09.02-07.56.43:003][  0]LogPakFile: PakFile PrimaryIndexSize=183
[2021.09.02-07.56.43:003][  0]LogPakFile: PakFile PathHashIndexSize=101
[2021.09.02-07.56.43:003][  0]LogPakFile: PakFile FullDirectoryIndexSize=140
[2021.09.02-07.56.43:003][  0]LogShaderLibrary: Display: ShaderCodeLibraryPakFileMountedCallback: PakFile 'E:/UnrealEngine/UE_4.27/FeaturePacks/TP_Vehicle.upack' (chunk index -1, root 'root:/') mounted
[2021.09.02-07.56.43:003][  0]LogShaderLibrary: Display: ShaderCodeLibraryPakFileMountedCallback: pending pak file info (ChunkID:-1 Root:root:/ File:E:/UnrealEngine/UE_4.27/FeaturePacks/TP_Vehicle.upack)
[2021.09.02-07.56.43:003][  0]LogPakFile: OnPakFileMounted2Time == 0.000027
[2021.09.02-07.56.43:004][  0]LogPakFile: PakFile PrimaryIndexSize=186
[2021.09.02-07.56.43:004][  0]LogPakFile: PakFile PathHashIndexSize=101
[2021.09.02-07.56.43:004][  0]LogPakFile: PakFile FullDirectoryIndexSize=146
[2021.09.02-07.56.43:004][  0]LogShaderLibrary: Display: ShaderCodeLibraryPakFileMountedCallback: PakFile 'E:/UnrealEngine/UE_4.27/FeaturePacks/TP_VehicleAdv.upack' (chunk index -1, root 'root:/') mounted
[2021.09.02-07.56.43:004][  0]LogShaderLibrary: Display: ShaderCodeLibraryPakFileMountedCallback: pending pak file info (ChunkID:-1 Root:root:/ File:E:/UnrealEngine/UE_4.27/FeaturePacks/TP_VehicleAdv.upack)
[2021.09.02-07.56.43:004][  0]LogPakFile: OnPakFileMounted2Time == 0.000028
[2021.09.02-07.56.43:004][  0]LogPakFile: PakFile PrimaryIndexSize=188
[2021.09.02-07.56.43:004][  0]LogPakFile: PakFile PathHashIndexSize=101
[2021.09.02-07.56.43:004][  0]LogPakFile: PakFile FullDirectoryIndexSize=150
[2021.09.02-07.56.43:004][  0]LogShaderLibrary: Display: ShaderCodeLibraryPakFileMountedCallback: PakFile 'E:/UnrealEngine/UE_4.27/FeaturePacks/TP_VehicleAdvBP.upack' (chunk index -1, root 'root:/') mounted
[2021.09.02-07.56.43:004][  0]LogShaderLibrary: Display: ShaderCodeLibraryPakFileMountedCallback: pending pak file info (ChunkID:-1 Root:root:/ File:E:/UnrealEngine/UE_4.27/FeaturePacks/TP_VehicleAdvBP.upack)
[2021.09.02-07.56.43:004][  0]LogPakFile: OnPakFileMounted2Time == 0.000031
[2021.09.02-07.56.43:004][  0]LogPakFile: PakFile PrimaryIndexSize=185
[2021.09.02-07.56.43:004][  0]LogPakFile: PakFile PathHashIndexSize=101
[2021.09.02-07.56.43:005][  0]LogPakFile: PakFile FullDirectoryIndexSize=144
[2021.09.02-07.56.43:005][  0]LogShaderLibrary: Display: ShaderCodeLibraryPakFileMountedCallback: PakFile 'E:/UnrealEngine/UE_4.27/FeaturePacks/TP_VehicleBP.upack' (chunk index -1, root 'root:/') mounted
[2021.09.02-07.56.43:005][  0]LogShaderLibrary: Display: ShaderCodeLibraryPakFileMountedCallback: pending pak file info (ChunkID:-1 Root:root:/ File:E:/UnrealEngine/UE_4.27/FeaturePacks/TP_VehicleBP.upack)
[2021.09.02-07.56.43:005][  0]LogPakFile: OnPakFileMounted2Time == 0.000033
[2021.09.02-07.56.43:005][  0]LogPakFile: PakFile PrimaryIndexSize=192
[2021.09.02-07.56.43:005][  0]LogPakFile: PakFile PathHashIndexSize=101
[2021.09.02-07.56.43:005][  0]LogPakFile: PakFile FullDirectoryIndexSize=158
[2021.09.02-07.56.43:005][  0]LogShaderLibrary: Display: ShaderCodeLibraryPakFileMountedCallback: PakFile 'E:/UnrealEngine/UE_4.27/FeaturePacks/TP_VirtualRealityBP.upack' (chunk index -1, root 'root:/') mounted
[2021.09.02-07.56.43:005][  0]LogShaderLibrary: Display: ShaderCodeLibraryPakFileMountedCallback: pending pak file info (ChunkID:-1 Root:root:/ File:E:/UnrealEngine/UE_4.27/FeaturePacks/TP_VirtualRealityBP.upack)
[2021.09.02-07.56.43:005][  0]LogPakFile: OnPakFileMounted2Time == 0.000032
[2021.09.02-07.56.43:031][  0]LogNativeClassHierarchy: Verbose: Native class hierarchy updated for 'AddContentDialog' in 0.0002 seconds. Added 0 classes and 0 folders.
[2021.09.02-07.56.43:032][  0]LogNativeClassHierarchy: Verbose: Native class hierarchy updated for 'SceneOutliner' in 0.0002 seconds. Added 2 classes and 0 folders.
[2021.09.02-07.56.43:099][  0]LogSlate: Took 0.000156 seconds to synchronously load lazily loaded font '../../../Engine/Content/Slate/Fonts/Roboto-Regular.ttf' (155K)
[2021.09.02-07.56.43:100][  0]LogSlate: Took 0.000192 seconds to synchronously load lazily loaded font '../../../Engine/Content/Editor/Slate/Fonts/FontAwesome.ttf' (139K)
[2021.09.02-07.56.43:101][  0]LogSlate: Took 0.000126 seconds to synchronously load lazily loaded font '../../../Engine/Content/Slate/Fonts/Roboto-Bold.ttf' (160K)
[2021.09.02-07.56.43:187][  0]LogRenderer: Reallocating scene render targets to support 1208x572 Format 10 NumSamples 1 (Frame:1).
[2021.09.02-07.56.43:250][  0]LogNativeClassHierarchy: Verbose: Native class hierarchy updated for 'HierarchicalLODOutliner' in 0.0002 seconds. Added 0 classes and 0 folders.
[2021.09.02-07.56.43:250][  0]LogLoad: (Engine Initialization) Total time: 7.37 seconds
[2021.09.02-07.56.43:251][  0]LogLoad: (Engine Initialization) Total Blueprint compile time: 0.00 seconds
[2021.09.02-07.56.43:298][  0]LogAssetRegistry: Asset discovery search completed in 3.2257 seconds
[2021.09.02-07.56.43:303][  0]LogCollectionManager: Fixed up redirectors for 0 collections in 0.000003 seconds (updated 0 objects)
[2021.09.02-07.56.43:304][  0]LogContentStreaming: Texture pool size now 1000 MB
[2021.09.02-07.56.43:382][  5]LogSlate: Took 0.000099 seconds to synchronously load lazily loaded font '../../../Engine/Content/Slate/Fonts/Roboto-Light.ttf' (167K)
[2021.09.02-07.56.48:160][560]LogUObjectHash: Compacting FUObjectHashTables data took   0.63ms
[2021.09.02-07.56.48:165][560]LogSlate: Took 0.000107 seconds to synchronously load lazily loaded font '../../../Engine/Content/Slate/Fonts/Roboto-Light.ttf' (167K)
[2021.09.02-07.56.48:306][560]LogAssetEditorSubsystem: Opening Asset editor for World /Game/Dev_Level/Dev_Level.Dev_Level
[2021.09.02-07.56.48:306][560]Cmd: MAP LOAD FILE="C:/Users/theol/Desktop/SWAT2D_WIP/UnrealProject/Content/Dev_Level/Dev_Level.umap" TEMPLATE=0 SHOWPROGRESS=1 FEATURELEVEL=3
[2021.09.02-07.56.48:306][560]LightingResults: New page: Lighting Build
[2021.09.02-07.56.48:306][560]LogNativeClassHierarchy: Verbose: Native class hierarchy updated for 'StatsViewer' in 0.0002 seconds. Added 6 classes and 0 folders.
[2021.09.02-07.56.48:307][560]LoadErrors: New page: Loading map: Dev_Level.umap
[2021.09.02-07.56.48:327][560]LogWorld: UWorld::CleanupWorld for Untitled, bSessionEnded=true, bCleanupResources=true
[2021.09.02-07.56.48:327][560]LogSlate: InvalidateAllWidgets triggered.  All widgets were invalidated
[2021.09.02-07.56.48:327][560]MapCheck: New page: Map Check
[2021.09.02-07.56.48:327][560]LightingResults: New page: Lighting Build
[2021.09.02-07.56.48:332][560]LogAudio: Display: Audio Device unregistered from world 'None'.
[2021.09.02-07.56.48:335][560]LogUObjectHash: Compacting FUObjectHashTables data took   0.72ms
[2021.09.02-07.56.48:335][560]LogAudio: Display: Audio Device (ID: 1) registered with world 'Dev_Level'.
[2021.09.02-07.56.48:367][560]LogEditorServer: Finished looking for orphan Actors (0.000 secs)
[2021.09.02-07.56.48:367][560]LogAIModule: Creating AISystem for world Dev_Level
[2021.09.02-07.56.48:403][560]LogUObjectHash: Compacting FUObjectHashTables data took   0.54ms
[2021.09.02-07.56.48:419][560]Cmd: MAP CHECKDEP NOCLEARLOG
[2021.09.02-07.56.48:420][560]MapCheck: Map check complete: 0 Error(s), 0 Warning(s), took 0,167ms to complete.
[2021.09.02-07.56.48:420][560]LogFileHelpers: Loading map 'Dev_Level' took 0.114
[2021.09.02-07.56.48:439][560]LogFileCache: Retrieving MD5 hashes for directory 'C:/Users/theol/Desktop/SWAT2D_WIP/UnrealProject/Content/' took 5.18s
[2021.09.02-07.57.07:974][891]LogUObjectHash: Compacting FUObjectHashTables data took   0.56ms
[2021.09.02-07.57.13:765][891]LogSlate: Window 'Delete Assets' being destroyed
[2021.09.02-07.57.20:891][725]LogAssetEditorSubsystem: Opening Asset editor for Blueprint /Game/Blueprint/AllCharacter/BP_PlayerCharacter.BP_PlayerCharacter
[2021.09.02-07.57.21:101][725]LogNativeClassHierarchy: Verbose: Native class hierarchy updated for 'BlueprintGraph' in 0.0005 seconds. Added 126 classes and 0 folders.
[2021.09.02-07.57.21:935][725]LogSlate: Took 0.004431 seconds to synchronously load lazily loaded font '../../../Engine/Content/Slate/Fonts/Roboto-BoldCondensed.ttf' (158K)
[2021.09.02-07.57.22:121][727]LogSlate: Took 0.004944 seconds to synchronously load lazily loaded font '../../../Engine/Content/Slate/Fonts/Roboto-Italic.ttf' (157K)
[2021.09.02-07.57.24:572][946]LogSlate: Window 'BP_PlayerCharacter' being destroyed
[2021.09.02-07.57.53:198][ 76]LogRenderer: Reallocating scene render targets to support 1208x708 Format 10 NumSamples 1 (Frame:1).
[2021.09.02-07.57.56:097][402]LogWorld: UWorld::CleanupWorld for World_0, bSessionEnded=true, bCleanupResources=true
[2021.09.02-07.57.56:097][402]LogSlate: InvalidateAllWidgets triggered.  All widgets were invalidated
[2021.09.02-07.58.24:467][752]LogContentBrowser: Deferred new asset folder creation: NewFolder
[2021.09.02-07.58.24:490][752]LogContentBrowser: Creating deferred item: NewFolder
[2021.09.02-07.58.27:037][ 58]LogContentBrowser: Attempting asset rename: NewFolder -> HUD
[2021.09.02-07.58.27:037][ 58]LogContentBrowser: End creating deferred item NewFolder
[2021.09.02-07.59.03:949][574]LogSlate: Window 'Pick Parent Class' being destroyed
[2021.09.02-07.59.03:960][574]LogContentBrowser: Deferred new asset file creation: NewBlueprint
[2021.09.02-07.59.03:968][574]LogContentBrowser: Creating deferred item: NewBlueprint
[2021.09.02-07.59.13:638][735]LogContentBrowser: Attempting asset rename: NewBlueprint -> Crossair
[2021.09.02-07.59.13:646][735]LogContentBrowser: End creating deferred item NewBlueprint
[2021.09.02-07.59.15:024][899]LogAssetEditorSubsystem: Opening Asset editor for Blueprint /Game/Blueprint/HUD/Crossair.Crossair
[2021.09.02-07.59.29:340][516]LogSlate: Window 'Crossair' being destroyed
[2021.09.02-07.59.42:703][901]LogWorld: UWorld::CleanupWorld for World_1, bSessionEnded=true, bCleanupResources=true
[2021.09.02-07.59.42:703][901]LogSlate: InvalidateAllWidgets triggered.  All widgets were invalidated
[2021.09.02-07.59.45:617][238]LogUObjectHash: Compacting FUObjectHashTables data took   1.82ms
[2021.09.02-07.59.46:601][238]LogSlate: Window 'Delete Assets' being destroyed
[2021.09.02-07.59.46:659][238]LogUObjectHash: Compacting FUObjectHashTables data took   1.74ms
