Log file open, 09/02/21 09:42:54
LogWindows: Failed to load 'aqProf.dll' (GetLastError=126)
LogWindows: File 'aqProf.dll' does not exist
LogWindows: Failed to load 'VtuneApi.dll' (GetLastError=126)
LogWindows: File 'VtuneApi.dll' does not exist
LogWindows: Failed to load 'VtuneApi32e.dll' (GetLastError=126)
LogWindows: File 'VtuneApi32e.dll' does not exist
LogConsoleResponse: Display: Failed to find resolution value strings in scalability ini. Falling back to default.
LogConsoleResponse: Display: Failed to find resolution value strings in scalability ini. Falling back to default.
LogInit: Display: Running engine for game: TOUDI
LogPlatformFile: Not using cached read wrapper
LogTaskGraph: Started task graph with 5 named threads and 35 total threads with 3 sets of task threads.
LogStats: Stats thread started at 0.185753
LogICUInternationalization: ICU TimeZone Detection - Raw Offset: +1:00, Platform Override: ''
LogInit: Display: Loading text-based GConfig....
LogPluginManager: Mounting plugin MeshPainting
LogPluginManager: Mounting plugin XGEController
LogPluginManager: Mounting plugin Paper2D
LogPluginManager: Mounting plugin LiveLink
LogPluginManager: Mounting plugin AISupport
LogPluginManager: Mounting plugin EnvironmentQueryEditor
LogPluginManager: Mounting plugin CameraShakePreviewer
LogPluginManager: Mounting plugin GameplayCameras
LogPluginManager: Mounting plugin LightPropagationVolume
LogPluginManager: Mounting plugin AnimationSharing
LogPluginManager: Mounting plugin CLionSourceCodeAccess
LogPluginManager: Mounting plugin CodeLiteSourceCodeAccess
LogPluginManager: Mounting plugin KDevelopSourceCodeAccess
LogPluginManager: Mounting plugin NullSourceCodeAccess
LogPluginManager: Mounting plugin GitSourceControl
LogPluginManager: Mounting plugin PixWinPlugin
LogPluginManager: Mounting plugin PerforceSourceControl
LogPluginManager: Mounting plugin PluginUtils
LogPluginManager: Mounting plugin PlasticSourceControl
LogPluginManager: Mounting plugin PropertyAccessNode
LogPluginManager: Mounting plugin RiderSourceCodeAccess
LogPluginManager: Mounting plugin SubversionSourceControl
LogPluginManager: Mounting plugin TextureFormatOodle
LogPluginManager: Mounting plugin VisualStudioCodeSourceCodeAccess
LogPluginManager: Mounting plugin VisualStudioSourceCodeAccess
LogPluginManager: Mounting plugin AlembicImporter
LogPluginManager: Mounting plugin UObjectPlugin
LogPluginManager: Mounting plugin AutomationUtils
LogPluginManager: Mounting plugin XCodeSourceCodeAccess
LogPluginManager: Mounting plugin BackChannel
LogPluginManager: Mounting plugin ChaosClothEditor
LogPluginManager: Mounting plugin ChaosCloth
LogPluginManager: Mounting plugin DatasmithContent
LogPluginManager: Mounting plugin ChaosEditor
LogPluginManager: Mounting plugin ChaosNiagara
LogPluginManager: Mounting plugin ChaosSolverPlugin
LogPluginManager: Mounting plugin CharacterAI
LogPluginManager: Mounting plugin VariantManagerContent
LogPluginManager: Mounting plugin AssetManagerEditor
LogPluginManager: Mounting plugin CryptoKeys
LogPluginManager: Mounting plugin CurveEditorTools
LogPluginManager: Mounting plugin DataValidation
LogPluginManager: Mounting plugin MacGraphicsSwitching
LogPluginManager: Mounting plugin FacialAnimation
LogPluginManager: Mounting plugin Niagara
LogPluginManager: Mounting plugin MaterialAnalyzer
LogPluginManager: Mounting plugin GeometryMode
LogPluginManager: Mounting plugin GameplayTagsEditor
LogPluginManager: Mounting plugin MobileLauncherProfileWizard
LogPluginManager: Mounting plugin PluginBrowser
LogPluginManager: Mounting plugin SpeedTreeImporter
LogPluginManager: Mounting plugin GeometryCache
LogPluginManager: Mounting plugin GeometryCollectionPlugin
LogPluginManager: Mounting plugin GeometryProcessing
LogPluginManager: Mounting plugin OpenImageDenoise
LogPluginManager: Mounting plugin MotoSynth
LogPluginManager: Mounting plugin PlanarCut
LogPluginManager: Mounting plugin PythonScriptPlugin
LogPluginManager: Mounting plugin ProxyLODPlugin
LogPluginManager: Mounting plugin LuminPlatformFeatures
LogPluginManager: Mounting plugin PlatformCrypto
LogPluginManager: Mounting plugin MagicLeap
LogPluginManager: Mounting plugin MagicLeapLightEstimation
LogPluginManager: Mounting plugin MagicLeapMedia
LogPluginManager: Mounting plugin MagicLeapPassableWorld
LogPluginManager: Mounting plugin MLSDK
LogPluginManager: Mounting plugin SkeletalReduction
LogPluginManager: Mounting plugin OodleData
LogPluginManager: Mounting plugin OodleNetwork
LogPluginManager: Mounting plugin AndroidMedia
LogPluginManager: Mounting plugin AvfMedia
LogPluginManager: Mounting plugin MediaCompositing
LogPluginManager: Mounting plugin ImgMedia
LogPluginManager: Mounting plugin MediaPlayerEditor
LogPluginManager: Mounting plugin WmfMedia
LogPluginManager: Mounting plugin WebMMedia
LogPluginManager: Mounting plugin TcpMessaging
LogPluginManager: Mounting plugin UdpMessaging
LogPluginManager: Mounting plugin LevelSequenceEditor
LogPluginManager: Mounting plugin MatineeToLevelSequence
LogPluginManager: Mounting plugin TemplateSequence
LogPluginManager: Mounting plugin ActorSequence
LogPluginManager: Mounting plugin OnlineSubsystem
LogPluginManager: Mounting plugin OnlineSubsystemNull
LogPluginManager: Mounting plugin ActorLayerUtilities
LogPluginManager: Mounting plugin AndroidDeviceProfileSelector
LogPluginManager: Mounting plugin AndroidMoviePlayer
LogPluginManager: Mounting plugin OnlineSubsystemUtils
LogPluginManager: Mounting plugin AndroidPermission
LogPluginManager: Mounting plugin AppleMoviePlayer
LogPluginManager: Mounting plugin AppleImageUtils
LogPluginManager: Mounting plugin AssetTags
LogPluginManager: Mounting plugin AudioCapture
LogPluginManager: Mounting plugin ArchVisCharacter
LogPluginManager: Mounting plugin AudioSynesthesia
LogPluginManager: Mounting plugin ChunkDownloader
LogPluginManager: Mounting plugin CustomMeshComponent
LogPluginManager: Mounting plugin CableComponent
LogPluginManager: Mounting plugin ExampleDeviceProfileSelector
LogPluginManager: Mounting plugin EditableMesh
LogPluginManager: Mounting plugin ScreenshotTools
LogPluginManager: Mounting plugin GoogleCloudMessaging
LogPluginManager: Mounting plugin GooglePAD
LogPluginManager: Mounting plugin IOSDeviceProfileSelector
LogPluginManager: Mounting plugin LocationServicesBPLibrary
LogPluginManager: Mounting plugin MobilePatchingUtils
LogPluginManager: Mounting plugin OpenXR
LogPluginManager: Mounting plugin OpenXREyeTracker
LogPluginManager: Mounting plugin OpenXRHandTracking
LogPluginManager: Mounting plugin LinuxDeviceProfileSelector
LogPluginManager: Mounting plugin PhysXVehicles
LogPluginManager: Mounting plugin PostSplashScreen
LogPluginManager: Mounting plugin ProceduralMeshComponent
LogPluginManager: Mounting plugin PropertyAccessEditor
LogPluginManager: Mounting plugin SoundFields
LogPluginManager: Mounting plugin SignificanceManager
LogPluginManager: Mounting plugin RuntimePhysXCooking
LogPluginManager: Mounting plugin Synthesis
LogPluginManager: Mounting plugin LauncherChunkInstaller
LogPluginManager: Mounting plugin WebMMoviePlayer
LogPluginManager: Mounting plugin WindowsMoviePlayer
LogPluginManager: Mounting plugin Takes
LogPluginManager: Mounting plugin ContentBrowserAssetDataSource
LogPluginManager: Mounting plugin ContentBrowserFileDataSource
LogPluginManager: Mounting plugin ContentBrowserClassDataSource
LogPluginManager: Mounting plugin OnlineSubsystemGooglePlay
LogPluginManager: Mounting plugin OnlineSubsystemIOS
PixWinPlugin: PIX capture plugin failed to initialize! Check that the process is launched from PIX.
LogInit: Using libcurl 7.55.1-DEV
LogInit:  - built for x86_64-pc-win32
LogInit:  - supports SSL with OpenSSL/1.1.1
LogInit:  - supports HTTP deflate (compression) using libz 1.2.8
LogInit:  - other features:
LogInit:      CURL_VERSION_SSL
LogInit:      CURL_VERSION_LIBZ
LogInit:      CURL_VERSION_IPV6
LogInit:      CURL_VERSION_ASYNCHDNS
LogInit:      CURL_VERSION_LARGEFILE
LogInit:      CURL_VERSION_IDN
LogInit:  CurlRequestOptions (configurable via config and command line):
LogInit:  - bVerifyPeer = true  - Libcurl will verify peer certificate
LogInit:  - bUseHttpProxy = false  - Libcurl will NOT use HTTP proxy
LogInit:  - bDontReuseConnections = false  - Libcurl will reuse connections
LogInit:  - MaxHostConnections = 16  - Libcurl will limit the number of connections to a host
LogInit:  - LocalHostAddr = Default
LogInit:  - BufferSize = 65536
LogOnline: OSS: Creating online subsystem instance for: NULL
LogInit: WinSock: version 1.1 (2.2), MaxSocks=32767, MaxUdp=65467
LogOnline: OSS: TryLoadSubsystemAndSetDefault: Loaded subsystem for module [NULL]
LogInit: Build: ++UE4+Release-4.27-CL-17155196
LogInit: Engine Version: 4.27.0-17155196+++UE4+Release-4.27
LogInit: Compatible Engine Version: 4.27.0-17155196+++UE4+Release-4.27
LogInit: Net CL: 17155196
LogInit: OS: Windows 10 (Release 2009) (), CPU: 11th Gen Intel(R) Core(TM) i5-11400F @ 2.60GHz, GPU: Radeon RX 580 Series
LogInit: Compiled (64-bit): Aug 13 2021 06:13:13
LogInit: Compiled with Visual C++: 19.24.28315.00
LogInit: Build Configuration: Development
LogInit: Branch Name: ++UE4+Release-4.27
LogInit: Command Line: 
LogInit: Base Directory: C:/UE_4.27/Engine/Binaries/Win64/
LogInit: Allocator: TBB
LogInit: Installed Engine Build: 1
LogDevObjectVersion: Number of dev versions registered: 29
LogDevObjectVersion:   Dev-Blueprints (B0D832E4-1F89-4F0D-ACCF-7EB736FD4AA2): 10
LogDevObjectVersion:   Dev-Build (E1C64328-A22C-4D53-A36C-8E866417BD8C): 0
LogDevObjectVersion:   Dev-Core (375EC13C-06E4-48FB-B500-84F0262A717E): 4
LogDevObjectVersion:   Dev-Editor (E4B068ED-F494-42E9-A231-DA0B2E46BB41): 40
LogDevObjectVersion:   Dev-Framework (CFFC743F-43B0-4480-9391-14DF171D2073): 37
LogDevObjectVersion:   Dev-Mobile (B02B49B5-BB20-44E9-A304-32B752E40360): 3
LogDevObjectVersion:   Dev-Networking (A4E4105C-59A1-49B5-A7C5-40C4547EDFEE): 0
LogDevObjectVersion:   Dev-Online (39C831C9-5AE6-47DC-9A44-9C173E1C8E7C): 0
LogDevObjectVersion:   Dev-Physics (78F01B33-EBEA-4F98-B9B4-84EACCB95AA2): 14
LogDevObjectVersion:   Dev-Platform (6631380F-2D4D-43E0-8009-CF276956A95A): 0
LogDevObjectVersion:   Dev-Rendering (12F88B9F-8875-4AFC-A67C-D90C383ABD29): 45
LogDevObjectVersion:   Dev-Sequencer (7B5AE74C-D270-4C10-A958-57980B212A5A): 13
LogDevObjectVersion:   Dev-VR (D7296918-1DD6-4BDD-9DE2-64A83CC13884): 3
LogDevObjectVersion:   Dev-LoadTimes (C2A15278-BFE7-4AFE-6C17-90FF531DF755): 1
LogDevObjectVersion:   Private-Geometry (6EACA3D4-40EC-4CC1-B786-8BED09428FC5): 3
LogDevObjectVersion:   Dev-AnimPhys (29E575DD-E0A3-4627-9D10-D276232CDCEA): 17
LogDevObjectVersion:   Dev-Anim (AF43A65D-7FD3-4947-9873-3E8ED9C1BB05): 15
LogDevObjectVersion:   Dev-ReflectionCapture (6B266CEC-1EC7-4B8F-A30B-E4D90942FC07): 1
LogDevObjectVersion:   Dev-Automation (0DF73D61-A23F-47EA-B727-89E90C41499A): 1
LogDevObjectVersion:   FortniteMain (601D1886-AC64-4F84-AA16-D3DE0DEAC7D6): 47
LogDevObjectVersion:   FortniteRelease (E7086368-6B23-4C58-8439-1B7016265E91): 1
LogDevObjectVersion:   Dev-Enterprise (9DFFBCD6-494F-0158-E221-12823C92A888): 10
LogDevObjectVersion:   Dev-Niagara (F2AED0AC-9AFE-416F-8664-AA7FFA26D6FC): 1
LogDevObjectVersion:   Dev-Destruction (174F1F0B-B4C6-45A5-B13F-2EE8D0FB917D): 10
LogDevObjectVersion:   Dev-Physics-Ext (35F94A83-E258-406C-A318-09F59610247C): 41
LogDevObjectVersion:   Dev-PhysicsMaterial-Chaos (B68FC16E-8B1B-42E2-B453-215C058844FE): 1
LogDevObjectVersion:   Dev-CineCamera (B2E18506-4273-CFC2-A54E-F4BB758BBA07): 1
LogDevObjectVersion:   Dev-VirtualProduction (64F58936-FD1B-42BA-BA96-7289D5D0FA4E): 1
LogDevObjectVersion:   Dev-MediaFramework (6F0ED827-A609-4895-9C91-998D90180EA4): 2
LogInit: Presizing for max 25165824 objects, including 0 objects not considered by GC, pre-allocating 0 bytes for permanent pool.
LogConfig: Applying CVar settings from Section [/Script/Engine.StreamingSettings] File [C:/Users/g6ale/Desktop/T.O.U.D.I_Project_Work/UnrealProject/Saved/Config/Windows/Engine.ini]
LogConfig: Setting CVar [[s.MinBulkDataSizeForAsyncLoading:131072]]
LogConfig: Setting CVar [[s.AsyncLoadingThreadEnabled:0]]
LogConfig: Setting CVar [[s.EventDrivenLoaderEnabled:1]]
LogConfig: Setting CVar [[s.WarnIfTimeLimitExceeded:0]]
LogConfig: Setting CVar [[s.TimeLimitExceededMultiplier:1.5]]
LogConfig: Setting CVar [[s.TimeLimitExceededMinTime:0.005]]
LogConfig: Setting CVar [[s.UseBackgroundLevelStreaming:1]]
LogConfig: Setting CVar [[s.PriorityAsyncLoadingExtraTime:15.0]]
LogConfig: Setting CVar [[s.LevelStreamingActorsUpdateTimeLimit:5.0]]
LogConfig: Setting CVar [[s.PriorityLevelStreamingActorsUpdateExtraTime:5.0]]
LogConfig: Setting CVar [[s.LevelStreamingComponentsRegistrationGranularity:10]]
LogConfig: Setting CVar [[s.UnregisterComponentsTimeLimit:1.0]]
LogConfig: Setting CVar [[s.LevelStreamingComponentsUnregistrationGranularity:5]]
LogConfig: Setting CVar [[s.FlushStreamingOnExit:1]]
LogInit: Object subsystem initialized
LogConfig: Setting CVar [[con.DebugEarlyDefault:1]]
LogConfig: Setting CVar [[r.setres:1280x720]]
[2021.09.02-07.42.55:303][  0]LogConfig: Setting CVar [[r.VSync:0]]
[2021.09.02-07.42.55:303][  0]LogConfig: Setting CVar [[r.RHICmdBypass:0]]
[2021.09.02-07.42.55:303][  0]LogConfig: Applying CVar settings from Section [/Script/Engine.RendererSettings] File [C:/Users/g6ale/Desktop/T.O.U.D.I_Project_Work/UnrealProject/Saved/Config/Windows/Engine.ini]
[2021.09.02-07.42.55:303][  0]LogConfig: Setting CVar [[r.GPUCrashDebugging:0]]
[2021.09.02-07.42.55:303][  0]LogConfig: Setting CVar [[r.MobileHDR:0]]
[2021.09.02-07.42.55:303][  0]LogConfig: Applying CVar settings from Section [/Script/Engine.RendererOverrideSettings] File [C:/Users/g6ale/Desktop/T.O.U.D.I_Project_Work/UnrealProject/Saved/Config/Windows/Engine.ini]
[2021.09.02-07.42.55:303][  0]LogConfig: Applying CVar settings from Section [/Script/Engine.StreamingSettings] File [C:/Users/g6ale/Desktop/T.O.U.D.I_Project_Work/UnrealProject/Saved/Config/Windows/Engine.ini]
[2021.09.02-07.42.55:303][  0]LogConfig: Setting CVar [[s.MinBulkDataSizeForAsyncLoading:131072]]
[2021.09.02-07.42.55:303][  0]LogConfig: Setting CVar [[s.AsyncLoadingThreadEnabled:0]]
[2021.09.02-07.42.55:303][  0]LogConfig: Setting CVar [[s.EventDrivenLoaderEnabled:1]]
[2021.09.02-07.42.55:303][  0]LogConfig: Setting CVar [[s.WarnIfTimeLimitExceeded:0]]
[2021.09.02-07.42.55:303][  0]LogConfig: Setting CVar [[s.TimeLimitExceededMultiplier:1.5]]
[2021.09.02-07.42.55:303][  0]LogConfig: Setting CVar [[s.TimeLimitExceededMinTime:0.005]]
[2021.09.02-07.42.55:303][  0]LogConfig: Setting CVar [[s.UseBackgroundLevelStreaming:1]]
[2021.09.02-07.42.55:303][  0]LogConfig: Setting CVar [[s.PriorityAsyncLoadingExtraTime:15.0]]
[2021.09.02-07.42.55:303][  0]LogConfig: Setting CVar [[s.LevelStreamingActorsUpdateTimeLimit:5.0]]
[2021.09.02-07.42.55:303][  0]LogConfig: Setting CVar [[s.PriorityLevelStreamingActorsUpdateExtraTime:5.0]]
[2021.09.02-07.42.55:303][  0]LogConfig: Setting CVar [[s.LevelStreamingComponentsRegistrationGranularity:10]]
[2021.09.02-07.42.55:303][  0]LogConfig: Setting CVar [[s.UnregisterComponentsTimeLimit:1.0]]
[2021.09.02-07.42.55:303][  0]LogConfig: Setting CVar [[s.LevelStreamingComponentsUnregistrationGranularity:5]]
[2021.09.02-07.42.55:303][  0]LogConfig: Setting CVar [[s.FlushStreamingOnExit:1]]
[2021.09.02-07.42.55:303][  0]LogConfig: Applying CVar settings from Section [/Script/Engine.GarbageCollectionSettings] File [C:/Users/g6ale/Desktop/T.O.U.D.I_Project_Work/UnrealProject/Saved/Config/Windows/Engine.ini]
[2021.09.02-07.42.55:303][  0]LogConfig: Setting CVar [[gc.MaxObjectsNotConsideredByGC:1]]
[2021.09.02-07.42.55:303][  0]LogConfig: Setting CVar [[gc.SizeOfPermanentObjectPool:0]]
[2021.09.02-07.42.55:303][  0]LogConfig: Setting CVar [[gc.FlushStreamingOnGC:0]]
[2021.09.02-07.42.55:303][  0]LogConfig: Setting CVar [[gc.NumRetriesBeforeForcingGC:10]]
[2021.09.02-07.42.55:304][  0]LogConfig: Setting CVar [[gc.AllowParallelGC:1]]
[2021.09.02-07.42.55:304][  0]LogConfig: Setting CVar [[gc.TimeBetweenPurgingPendingKillObjects:61.1]]
[2021.09.02-07.42.55:304][  0]LogConfig: Setting CVar [[gc.MaxObjectsInEditor:25165824]]
[2021.09.02-07.42.55:304][  0]LogConfig: Setting CVar [[gc.IncrementalBeginDestroyEnabled:1]]
[2021.09.02-07.42.55:304][  0]LogConfig: Setting CVar [[gc.CreateGCClusters:1]]
[2021.09.02-07.42.55:304][  0]LogConfig: Setting CVar [[gc.MinGCClusterSize:5]]
[2021.09.02-07.42.55:304][  0]LogConfig: Setting CVar [[gc.ActorClusteringEnabled:0]]
[2021.09.02-07.42.55:304][  0]LogConfig: Setting CVar [[gc.BlueprintClusteringEnabled:0]]
[2021.09.02-07.42.55:304][  0]LogConfig: Setting CVar [[gc.UseDisregardForGCOnDedicatedServers:0]]
[2021.09.02-07.42.55:304][  0]LogConfig: Setting CVar [[gc.MultithreadedDestructionEnabled:1]]
[2021.09.02-07.42.55:304][  0]LogConfig: Applying CVar settings from Section [/Script/Engine.NetworkSettings] File [C:/Users/g6ale/Desktop/T.O.U.D.I_Project_Work/UnrealProject/Saved/Config/Windows/Engine.ini]
[2021.09.02-07.42.55:304][  0]LogConfig: Applying CVar settings from Section [/Script/UnrealEd.CookerSettings] File [C:/Users/g6ale/Desktop/T.O.U.D.I_Project_Work/UnrealProject/Saved/Config/Windows/Engine.ini]
[2021.09.02-07.42.55:320][  0]LogConfig: Applying CVar settings from Section [ViewDistanceQuality@3] File [C:/Users/g6ale/Desktop/T.O.U.D.I_Project_Work/UnrealProject/Saved/Config/Windows/Scalability.ini]
[2021.09.02-07.42.55:320][  0]LogConfig: Setting CVar [[r.SkeletalMeshLODBias:0]]
[2021.09.02-07.42.55:320][  0]LogConfig: Setting CVar [[r.ViewDistanceScale:1.0]]
[2021.09.02-07.42.55:320][  0]LogConfig: Applying CVar settings from Section [AntiAliasingQuality@3] File [C:/Users/g6ale/Desktop/T.O.U.D.I_Project_Work/UnrealProject/Saved/Config/Windows/Scalability.ini]
[2021.09.02-07.42.55:320][  0]LogConfig: Setting CVar [[r.PostProcessAAQuality:4]]
[2021.09.02-07.42.55:320][  0]LogConfig: Applying CVar settings from Section [ShadowQuality@3] File [C:/Users/g6ale/Desktop/T.O.U.D.I_Project_Work/UnrealProject/Saved/Config/Windows/Scalability.ini]
[2021.09.02-07.42.55:320][  0]LogConfig: Setting CVar [[r.LightFunctionQuality:1]]
[2021.09.02-07.42.55:320][  0]LogConfig: Setting CVar [[r.ShadowQuality:5]]
[2021.09.02-07.42.55:320][  0]LogConfig: Setting CVar [[r.Shadow.CSM.MaxCascades:10]]
[2021.09.02-07.42.55:320][  0]LogConfig: Setting CVar [[r.Shadow.MaxResolution:2048]]
[2021.09.02-07.42.55:320][  0]LogConfig: Setting CVar [[r.Shadow.MaxCSMResolution:2048]]
[2021.09.02-07.42.55:320][  0]LogConfig: Setting CVar [[r.Shadow.RadiusThreshold:0.01]]
[2021.09.02-07.42.55:320][  0]LogConfig: Setting CVar [[r.Shadow.DistanceScale:1.0]]
[2021.09.02-07.42.55:320][  0]LogConfig: Setting CVar [[r.Shadow.CSM.TransitionScale:1.0]]
[2021.09.02-07.42.55:320][  0]LogConfig: Setting CVar [[r.Shadow.PreShadowResolutionFactor:1.0]]
[2021.09.02-07.42.55:320][  0]LogConfig: Setting CVar [[r.DistanceFieldShadowing:1]]
[2021.09.02-07.42.55:320][  0]LogConfig: Setting CVar [[r.DistanceFieldAO:1]]
[2021.09.02-07.42.55:320][  0]LogConfig: Setting CVar [[r.AOQuality:2]]
[2021.09.02-07.42.55:320][  0]LogConfig: Setting CVar [[r.VolumetricFog:1]]
[2021.09.02-07.42.55:320][  0]LogConfig: Setting CVar [[r.VolumetricFog.GridPixelSize:8]]
[2021.09.02-07.42.55:320][  0]LogConfig: Setting CVar [[r.VolumetricFog.GridSizeZ:128]]
[2021.09.02-07.42.55:320][  0]LogConfig: Setting CVar [[r.VolumetricFog.HistoryMissSupersampleCount:4]]
[2021.09.02-07.42.55:320][  0]LogConfig: Setting CVar [[r.LightMaxDrawDistanceScale:1]]
[2021.09.02-07.42.55:320][  0]LogConfig: Setting CVar [[r.CapsuleShadows:1]]
[2021.09.02-07.42.55:320][  0]LogConfig: Applying CVar settings from Section [PostProcessQuality@3] File [C:/Users/g6ale/Desktop/T.O.U.D.I_Project_Work/UnrealProject/Saved/Config/Windows/Scalability.ini]
[2021.09.02-07.42.55:320][  0]LogConfig: Setting CVar [[r.MotionBlurQuality:4]]
[2021.09.02-07.42.55:320][  0]LogConfig: Setting CVar [[r.AmbientOcclusionMipLevelFactor:0.4]]
[2021.09.02-07.42.55:320][  0]LogConfig: Setting CVar [[r.AmbientOcclusionMaxQuality:100]]
[2021.09.02-07.42.55:320][  0]LogConfig: Setting CVar [[r.AmbientOcclusionLevels:-1]]
[2021.09.02-07.42.55:320][  0]LogConfig: Setting CVar [[r.AmbientOcclusionRadiusScale:1.0]]
[2021.09.02-07.42.55:320][  0]LogConfig: Setting CVar [[r.DepthOfFieldQuality:2]]
[2021.09.02-07.42.55:320][  0]LogConfig: Setting CVar [[r.RenderTargetPoolMin:400]]
[2021.09.02-07.42.55:320][  0]LogConfig: Setting CVar [[r.LensFlareQuality:2]]
[2021.09.02-07.42.55:320][  0]LogConfig: Setting CVar [[r.SceneColorFringeQuality:1]]
[2021.09.02-07.42.55:320][  0]LogConfig: Setting CVar [[r.EyeAdaptationQuality:2]]
[2021.09.02-07.42.55:320][  0]LogConfig: Setting CVar [[r.BloomQuality:5]]
[2021.09.02-07.42.55:320][  0]LogConfig: Setting CVar [[r.FastBlurThreshold:100]]
[2021.09.02-07.42.55:320][  0]LogConfig: Setting CVar [[r.Upscale.Quality:3]]
[2021.09.02-07.42.55:320][  0]LogConfig: Setting CVar [[r.Tonemapper.GrainQuantization:1]]
[2021.09.02-07.42.55:320][  0]LogConfig: Setting CVar [[r.LightShaftQuality:1]]
[2021.09.02-07.42.55:320][  0]LogConfig: Setting CVar [[r.Filter.SizeScale:1]]
[2021.09.02-07.42.55:320][  0]LogConfig: Setting CVar [[r.Tonemapper.Quality:5]]
[2021.09.02-07.42.55:320][  0]LogConfig: Setting CVar [[r.DOF.Gather.AccumulatorQuality:1        ; higher gathering accumulator quality]]
[2021.09.02-07.42.55:320][  0]LogConfig: Setting CVar [[r.DOF.Gather.PostfilterMethod:1          ; Median3x3 postfilering method]]
[2021.09.02-07.42.55:320][  0]LogConfig: Setting CVar [[r.DOF.Gather.EnableBokehSettings:0       ; no bokeh simulation when gathering]]
[2021.09.02-07.42.55:320][  0]LogConfig: Setting CVar [[r.DOF.Gather.RingCount:4                 ; medium number of samples when gathering]]
[2021.09.02-07.42.55:320][  0]LogConfig: Setting CVar [[r.DOF.Scatter.ForegroundCompositing:1    ; additive foreground scattering]]
[2021.09.02-07.42.55:320][  0]LogConfig: Setting CVar [[r.DOF.Scatter.BackgroundCompositing:2    ; additive background scattering]]
[2021.09.02-07.42.55:320][  0]LogConfig: Setting CVar [[r.DOF.Scatter.EnableBokehSettings:1      ; bokeh simulation when scattering]]
[2021.09.02-07.42.55:320][  0]LogConfig: Setting CVar [[r.DOF.Scatter.MaxSpriteRatio:0.1         ; only a maximum of 10% of scattered bokeh]]
[2021.09.02-07.42.55:320][  0]LogConfig: Setting CVar [[r.DOF.Recombine.Quality:1                ; cheap slight out of focus]]
[2021.09.02-07.42.55:320][  0]LogConfig: Setting CVar [[r.DOF.Recombine.EnableBokehSettings:0    ; no bokeh simulation on slight out of focus]]
[2021.09.02-07.42.55:320][  0]LogConfig: Setting CVar [[r.DOF.TemporalAAQuality:1                ; more stable temporal accumulation]]
[2021.09.02-07.42.55:320][  0]LogConfig: Setting CVar [[r.DOF.Kernel.MaxForegroundRadius:0.025]]
[2021.09.02-07.42.55:320][  0]LogConfig: Setting CVar [[r.DOF.Kernel.MaxBackgroundRadius:0.025]]
[2021.09.02-07.42.55:320][  0]LogConfig: Applying CVar settings from Section [TextureQuality@3] File [C:/Users/g6ale/Desktop/T.O.U.D.I_Project_Work/UnrealProject/Saved/Config/Windows/Scalability.ini]
[2021.09.02-07.42.55:320][  0]LogConfig: Setting CVar [[r.Streaming.MipBias:0]]
[2021.09.02-07.42.55:320][  0]LogConfig: Setting CVar [[r.Streaming.AmortizeCPUToGPUCopy:0]]
[2021.09.02-07.42.55:320][  0]LogConfig: Setting CVar [[r.Streaming.MaxNumTexturesToStreamPerFrame:0]]
[2021.09.02-07.42.55:320][  0]LogConfig: Setting CVar [[r.Streaming.Boost:1]]
[2021.09.02-07.42.55:320][  0]LogConfig: Setting CVar [[r.MaxAnisotropy:8]]
[2021.09.02-07.42.55:320][  0]LogConfig: Setting CVar [[r.VT.MaxAnisotropy:8]]
[2021.09.02-07.42.55:320][  0]LogConfig: Setting CVar [[r.Streaming.LimitPoolSizeToVRAM:0]]
[2021.09.02-07.42.55:320][  0]LogConfig: Setting CVar [[r.Streaming.PoolSize:1000]]
[2021.09.02-07.42.55:320][  0]LogConfig: Setting CVar [[r.Streaming.MaxEffectiveScreenSize:0]]
[2021.09.02-07.42.55:320][  0]LogConfig: Applying CVar settings from Section [EffectsQuality@3] File [C:/Users/g6ale/Desktop/T.O.U.D.I_Project_Work/UnrealProject/Saved/Config/Windows/Scalability.ini]
[2021.09.02-07.42.55:320][  0]LogConfig: Setting CVar [[r.TranslucencyLightingVolumeDim:64]]
[2021.09.02-07.42.55:320][  0]LogConfig: Setting CVar [[r.RefractionQuality:2]]
[2021.09.02-07.42.55:320][  0]LogConfig: Setting CVar [[r.SSR.Quality:3]]
[2021.09.02-07.42.55:320][  0]LogConfig: Setting CVar [[r.SSR.HalfResSceneColor:0]]
[2021.09.02-07.42.55:320][  0]LogConfig: Setting CVar [[r.SceneColorFormat:4]]
[2021.09.02-07.42.55:320][  0]LogConfig: Setting CVar [[r.DetailMode:2]]
[2021.09.02-07.42.55:320][  0]LogConfig: Setting CVar [[r.TranslucencyVolumeBlur:1]]
[2021.09.02-07.42.55:320][  0]LogConfig: Setting CVar [[r.MaterialQualityLevel:1 ; High quality]]
[2021.09.02-07.42.55:320][  0]LogConfig: Setting CVar [[r.AnisotropicMaterials:1]]
[2021.09.02-07.42.55:320][  0]LogConfig: Setting CVar [[r.SSS.Scale:1]]
[2021.09.02-07.42.55:320][  0]LogConfig: Setting CVar [[r.SSS.SampleSet:2]]
[2021.09.02-07.42.55:320][  0]LogConfig: Setting CVar [[r.SSS.Quality:1]]
[2021.09.02-07.42.55:320][  0]LogConfig: Setting CVar [[r.SSS.HalfRes:0]]
[2021.09.02-07.42.55:320][  0]LogConfig: Setting CVar [[r.SSGI.Quality:3]]
[2021.09.02-07.42.55:320][  0]LogConfig: Setting CVar [[r.EmitterSpawnRateScale:1.0]]
[2021.09.02-07.42.55:320][  0]LogConfig: Setting CVar [[r.ParticleLightQuality:2]]
[2021.09.02-07.42.55:320][  0]LogConfig: Setting CVar [[r.SkyAtmosphere.AerialPerspectiveLUT.FastApplyOnOpaque:1 ; Always have FastSkyLUT 1 in this case to avoid wrong sky]]
[2021.09.02-07.42.55:320][  0]LogConfig: Setting CVar [[r.SkyAtmosphere.AerialPerspectiveLUT.SampleCountMaxPerSlice:4]]
[2021.09.02-07.42.55:320][  0]LogConfig: Setting CVar [[r.SkyAtmosphere.AerialPerspectiveLUT.DepthResolution:16.0]]
[2021.09.02-07.42.55:320][  0]LogConfig: Setting CVar [[r.SkyAtmosphere.FastSkyLUT:1]]
[2021.09.02-07.42.55:320][  0]LogConfig: Setting CVar [[r.SkyAtmosphere.FastSkyLUT.SampleCountMin:4.0]]
[2021.09.02-07.42.55:320][  0]LogConfig: Setting CVar [[r.SkyAtmosphere.FastSkyLUT.SampleCountMax:128.0]]
[2021.09.02-07.42.55:320][  0]LogConfig: Setting CVar [[r.SkyAtmosphere.SampleCountMin:4.0]]
[2021.09.02-07.42.55:320][  0]LogConfig: Setting CVar [[r.SkyAtmosphere.SampleCountMax:128.0]]
[2021.09.02-07.42.55:320][  0]LogConfig: Setting CVar [[r.SkyAtmosphere.TransmittanceLUT.UseSmallFormat:0]]
[2021.09.02-07.42.55:321][  0]LogConfig: Setting CVar [[r.SkyAtmosphere.TransmittanceLUT.SampleCount:10.0]]
[2021.09.02-07.42.55:321][  0]LogConfig: Setting CVar [[r.SkyAtmosphere.MultiScatteringLUT.SampleCount:15.0]]
[2021.09.02-07.42.55:321][  0]LogConfig: Setting CVar [[r.SkyLight.RealTimeReflectionCapture:1]]
[2021.09.02-07.42.55:321][  0]LogConfig: Applying CVar settings from Section [FoliageQuality@3] File [C:/Users/g6ale/Desktop/T.O.U.D.I_Project_Work/UnrealProject/Saved/Config/Windows/Scalability.ini]
[2021.09.02-07.42.55:321][  0]LogConfig: Setting CVar [[foliage.DensityScale:1.0]]
[2021.09.02-07.42.55:321][  0]LogConfig: Setting CVar [[grass.DensityScale:1.0]]
[2021.09.02-07.42.55:321][  0]LogConfig: Applying CVar settings from Section [ShadingQuality@3] File [C:/Users/g6ale/Desktop/T.O.U.D.I_Project_Work/UnrealProject/Saved/Config/Windows/Scalability.ini]
[2021.09.02-07.42.55:321][  0]LogConfig: Setting CVar [[r.HairStrands.SkyLighting.IntegrationType:2]]
[2021.09.02-07.42.55:321][  0]LogConfig: Setting CVar [[r.HairStrands.SkyAO.SampleCount:4]]
[2021.09.02-07.42.55:321][  0]LogConfig: Setting CVar [[r.HairStrands.Visibility.MSAA.SamplePerPixel:4]]
[2021.09.02-07.42.55:321][  0]LogInit: Selected Device Profile: [Windows]
[2021.09.02-07.42.55:321][  0]LogInit: Applying CVar settings loaded from the selected device profile: [Windows]
[2021.09.02-07.42.55:321][  0]LogHAL: Display: Platform has ~ 16 GB [17005748224 / 17179869184 / 16], which maps to Larger [LargestMinGB=32, LargerMinGB=12, DefaultMinGB=8, SmallerMinGB=6, SmallestMinGB=0)
[2021.09.02-07.42.55:321][  0]LogInit: Going up to parent DeviceProfile []
[2021.09.02-07.42.55:321][  0]LogConfig: Applying CVar settings from Section [ViewDistanceQuality@3] File [C:/Users/g6ale/Desktop/T.O.U.D.I_Project_Work/UnrealProject/Saved/Config/Windows/Scalability.ini]
[2021.09.02-07.42.55:321][  0]LogConfig: Setting CVar [[r.SkeletalMeshLODBias:0]]
[2021.09.02-07.42.55:321][  0]LogConfig: Setting CVar [[r.ViewDistanceScale:1.0]]
[2021.09.02-07.42.55:321][  0]LogConfig: Applying CVar settings from Section [AntiAliasingQuality@3] File [C:/Users/g6ale/Desktop/T.O.U.D.I_Project_Work/UnrealProject/Saved/Config/Windows/Scalability.ini]
[2021.09.02-07.42.55:321][  0]LogConfig: Setting CVar [[r.PostProcessAAQuality:4]]
[2021.09.02-07.42.55:321][  0]LogConfig: Applying CVar settings from Section [ShadowQuality@3] File [C:/Users/g6ale/Desktop/T.O.U.D.I_Project_Work/UnrealProject/Saved/Config/Windows/Scalability.ini]
[2021.09.02-07.42.55:321][  0]LogConfig: Setting CVar [[r.LightFunctionQuality:1]]
[2021.09.02-07.42.55:321][  0]LogConfig: Setting CVar [[r.ShadowQuality:5]]
[2021.09.02-07.42.55:321][  0]LogConfig: Setting CVar [[r.Shadow.CSM.MaxCascades:10]]
[2021.09.02-07.42.55:321][  0]LogConfig: Setting CVar [[r.Shadow.MaxResolution:2048]]
[2021.09.02-07.42.55:321][  0]LogConfig: Setting CVar [[r.Shadow.MaxCSMResolution:2048]]
[2021.09.02-07.42.55:321][  0]LogConfig: Setting CVar [[r.Shadow.RadiusThreshold:0.01]]
[2021.09.02-07.42.55:321][  0]LogConfig: Setting CVar [[r.Shadow.DistanceScale:1.0]]
[2021.09.02-07.42.55:321][  0]LogConfig: Setting CVar [[r.Shadow.CSM.TransitionScale:1.0]]
[2021.09.02-07.42.55:321][  0]LogConfig: Setting CVar [[r.Shadow.PreShadowResolutionFactor:1.0]]
[2021.09.02-07.42.55:321][  0]LogConfig: Setting CVar [[r.DistanceFieldShadowing:1]]
[2021.09.02-07.42.55:321][  0]LogConfig: Setting CVar [[r.DistanceFieldAO:1]]
[2021.09.02-07.42.55:321][  0]LogConfig: Setting CVar [[r.AOQuality:2]]
[2021.09.02-07.42.55:321][  0]LogConfig: Setting CVar [[r.VolumetricFog:1]]
[2021.09.02-07.42.55:321][  0]LogConfig: Setting CVar [[r.VolumetricFog.GridPixelSize:8]]
[2021.09.02-07.42.55:321][  0]LogConfig: Setting CVar [[r.VolumetricFog.GridSizeZ:128]]
[2021.09.02-07.42.55:321][  0]LogConfig: Setting CVar [[r.VolumetricFog.HistoryMissSupersampleCount:4]]
[2021.09.02-07.42.55:321][  0]LogConfig: Setting CVar [[r.LightMaxDrawDistanceScale:1]]
[2021.09.02-07.42.55:321][  0]LogConfig: Setting CVar [[r.CapsuleShadows:1]]
[2021.09.02-07.42.55:321][  0]LogConfig: Applying CVar settings from Section [PostProcessQuality@3] File [C:/Users/g6ale/Desktop/T.O.U.D.I_Project_Work/UnrealProject/Saved/Config/Windows/Scalability.ini]
[2021.09.02-07.42.55:321][  0]LogConfig: Setting CVar [[r.MotionBlurQuality:4]]
[2021.09.02-07.42.55:321][  0]LogConfig: Setting CVar [[r.AmbientOcclusionMipLevelFactor:0.4]]
[2021.09.02-07.42.55:321][  0]LogConfig: Setting CVar [[r.AmbientOcclusionMaxQuality:100]]
[2021.09.02-07.42.55:321][  0]LogConfig: Setting CVar [[r.AmbientOcclusionLevels:-1]]
[2021.09.02-07.42.55:321][  0]LogConfig: Setting CVar [[r.AmbientOcclusionRadiusScale:1.0]]
[2021.09.02-07.42.55:321][  0]LogConfig: Setting CVar [[r.DepthOfFieldQuality:2]]
[2021.09.02-07.42.55:321][  0]LogConfig: Setting CVar [[r.RenderTargetPoolMin:400]]
[2021.09.02-07.42.55:321][  0]LogConfig: Setting CVar [[r.LensFlareQuality:2]]
[2021.09.02-07.42.55:321][  0]LogConfig: Setting CVar [[r.SceneColorFringeQuality:1]]
[2021.09.02-07.42.55:321][  0]LogConfig: Setting CVar [[r.EyeAdaptationQuality:2]]
[2021.09.02-07.42.55:321][  0]LogConfig: Setting CVar [[r.BloomQuality:5]]
[2021.09.02-07.42.55:321][  0]LogConfig: Setting CVar [[r.FastBlurThreshold:100]]
[2021.09.02-07.42.55:321][  0]LogConfig: Setting CVar [[r.Upscale.Quality:3]]
[2021.09.02-07.42.55:321][  0]LogConfig: Setting CVar [[r.Tonemapper.GrainQuantization:1]]
[2021.09.02-07.42.55:321][  0]LogConfig: Setting CVar [[r.LightShaftQuality:1]]
[2021.09.02-07.42.55:321][  0]LogConfig: Setting CVar [[r.Filter.SizeScale:1]]
[2021.09.02-07.42.55:321][  0]LogConfig: Setting CVar [[r.Tonemapper.Quality:5]]
[2021.09.02-07.42.55:321][  0]LogConfig: Setting CVar [[r.DOF.Gather.AccumulatorQuality:1        ; higher gathering accumulator quality]]
[2021.09.02-07.42.55:321][  0]LogConfig: Setting CVar [[r.DOF.Gather.PostfilterMethod:1          ; Median3x3 postfilering method]]
[2021.09.02-07.42.55:321][  0]LogConfig: Setting CVar [[r.DOF.Gather.EnableBokehSettings:0       ; no bokeh simulation when gathering]]
[2021.09.02-07.42.55:321][  0]LogConfig: Setting CVar [[r.DOF.Gather.RingCount:4                 ; medium number of samples when gathering]]
[2021.09.02-07.42.55:321][  0]LogConfig: Setting CVar [[r.DOF.Scatter.ForegroundCompositing:1    ; additive foreground scattering]]
[2021.09.02-07.42.55:321][  0]LogConfig: Setting CVar [[r.DOF.Scatter.BackgroundCompositing:2    ; additive background scattering]]
[2021.09.02-07.42.55:321][  0]LogConfig: Setting CVar [[r.DOF.Scatter.EnableBokehSettings:1      ; bokeh simulation when scattering]]
[2021.09.02-07.42.55:321][  0]LogConfig: Setting CVar [[r.DOF.Scatter.MaxSpriteRatio:0.1         ; only a maximum of 10% of scattered bokeh]]
[2021.09.02-07.42.55:321][  0]LogConfig: Setting CVar [[r.DOF.Recombine.Quality:1                ; cheap slight out of focus]]
[2021.09.02-07.42.55:321][  0]LogConfig: Setting CVar [[r.DOF.Recombine.EnableBokehSettings:0    ; no bokeh simulation on slight out of focus]]
[2021.09.02-07.42.55:321][  0]LogConfig: Setting CVar [[r.DOF.TemporalAAQuality:1                ; more stable temporal accumulation]]
[2021.09.02-07.42.55:321][  0]LogConfig: Setting CVar [[r.DOF.Kernel.MaxForegroundRadius:0.025]]
[2021.09.02-07.42.55:321][  0]LogConfig: Setting CVar [[r.DOF.Kernel.MaxBackgroundRadius:0.025]]
[2021.09.02-07.42.55:321][  0]LogConfig: Applying CVar settings from Section [TextureQuality@3] File [C:/Users/g6ale/Desktop/T.O.U.D.I_Project_Work/UnrealProject/Saved/Config/Windows/Scalability.ini]
[2021.09.02-07.42.55:321][  0]LogConfig: Setting CVar [[r.Streaming.MipBias:0]]
[2021.09.02-07.42.55:321][  0]LogConfig: Setting CVar [[r.Streaming.AmortizeCPUToGPUCopy:0]]
[2021.09.02-07.42.55:321][  0]LogConfig: Setting CVar [[r.Streaming.MaxNumTexturesToStreamPerFrame:0]]
[2021.09.02-07.42.55:321][  0]LogConfig: Setting CVar [[r.Streaming.Boost:1]]
[2021.09.02-07.42.55:321][  0]LogConfig: Setting CVar [[r.MaxAnisotropy:8]]
[2021.09.02-07.42.55:321][  0]LogConfig: Setting CVar [[r.VT.MaxAnisotropy:8]]
[2021.09.02-07.42.55:321][  0]LogConfig: Setting CVar [[r.Streaming.LimitPoolSizeToVRAM:0]]
[2021.09.02-07.42.55:321][  0]LogConfig: Setting CVar [[r.Streaming.PoolSize:1000]]
[2021.09.02-07.42.55:321][  0]LogConfig: Setting CVar [[r.Streaming.MaxEffectiveScreenSize:0]]
[2021.09.02-07.42.55:321][  0]LogConfig: Applying CVar settings from Section [EffectsQuality@3] File [C:/Users/g6ale/Desktop/T.O.U.D.I_Project_Work/UnrealProject/Saved/Config/Windows/Scalability.ini]
[2021.09.02-07.42.55:321][  0]LogConfig: Setting CVar [[r.TranslucencyLightingVolumeDim:64]]
[2021.09.02-07.42.55:321][  0]LogConfig: Setting CVar [[r.RefractionQuality:2]]
[2021.09.02-07.42.55:321][  0]LogConfig: Setting CVar [[r.SSR.Quality:3]]
[2021.09.02-07.42.55:321][  0]LogConfig: Setting CVar [[r.SSR.HalfResSceneColor:0]]
[2021.09.02-07.42.55:321][  0]LogConfig: Setting CVar [[r.SceneColorFormat:4]]
[2021.09.02-07.42.55:321][  0]LogConfig: Setting CVar [[r.DetailMode:2]]
[2021.09.02-07.42.55:321][  0]LogConfig: Setting CVar [[r.TranslucencyVolumeBlur:1]]
[2021.09.02-07.42.55:321][  0]LogConfig: Setting CVar [[r.MaterialQualityLevel:1 ; High quality]]
[2021.09.02-07.42.55:321][  0]LogConfig: Setting CVar [[r.AnisotropicMaterials:1]]
[2021.09.02-07.42.55:321][  0]LogConfig: Setting CVar [[r.SSS.Scale:1]]
[2021.09.02-07.42.55:321][  0]LogConfig: Setting CVar [[r.SSS.SampleSet:2]]
[2021.09.02-07.42.55:321][  0]LogConfig: Setting CVar [[r.SSS.Quality:1]]
[2021.09.02-07.42.55:321][  0]LogConfig: Setting CVar [[r.SSS.HalfRes:0]]
[2021.09.02-07.42.55:321][  0]LogConfig: Setting CVar [[r.SSGI.Quality:3]]
[2021.09.02-07.42.55:321][  0]LogConfig: Setting CVar [[r.EmitterSpawnRateScale:1.0]]
[2021.09.02-07.42.55:321][  0]LogConfig: Setting CVar [[r.ParticleLightQuality:2]]
[2021.09.02-07.42.55:321][  0]LogConfig: Setting CVar [[r.SkyAtmosphere.AerialPerspectiveLUT.FastApplyOnOpaque:1 ; Always have FastSkyLUT 1 in this case to avoid wrong sky]]
[2021.09.02-07.42.55:321][  0]LogConfig: Setting CVar [[r.SkyAtmosphere.AerialPerspectiveLUT.SampleCountMaxPerSlice:4]]
[2021.09.02-07.42.55:321][  0]LogConfig: Setting CVar [[r.SkyAtmosphere.AerialPerspectiveLUT.DepthResolution:16.0]]
[2021.09.02-07.42.55:321][  0]LogConfig: Setting CVar [[r.SkyAtmosphere.FastSkyLUT:1]]
[2021.09.02-07.42.55:321][  0]LogConfig: Setting CVar [[r.SkyAtmosphere.FastSkyLUT.SampleCountMin:4.0]]
[2021.09.02-07.42.55:321][  0]LogConfig: Setting CVar [[r.SkyAtmosphere.FastSkyLUT.SampleCountMax:128.0]]
[2021.09.02-07.42.55:321][  0]LogConfig: Setting CVar [[r.SkyAtmosphere.SampleCountMin:4.0]]
[2021.09.02-07.42.55:321][  0]LogConfig: Setting CVar [[r.SkyAtmosphere.SampleCountMax:128.0]]
[2021.09.02-07.42.55:321][  0]LogConfig: Setting CVar [[r.SkyAtmosphere.TransmittanceLUT.UseSmallFormat:0]]
[2021.09.02-07.42.55:321][  0]LogConfig: Setting CVar [[r.SkyAtmosphere.TransmittanceLUT.SampleCount:10.0]]
[2021.09.02-07.42.55:321][  0]LogConfig: Setting CVar [[r.SkyAtmosphere.MultiScatteringLUT.SampleCount:15.0]]
[2021.09.02-07.42.55:321][  0]LogConfig: Setting CVar [[r.SkyLight.RealTimeReflectionCapture:1]]
[2021.09.02-07.42.55:321][  0]LogConfig: Applying CVar settings from Section [FoliageQuality@3] File [C:/Users/g6ale/Desktop/T.O.U.D.I_Project_Work/UnrealProject/Saved/Config/Windows/Scalability.ini]
[2021.09.02-07.42.55:321][  0]LogConfig: Setting CVar [[foliage.DensityScale:1.0]]
[2021.09.02-07.42.55:321][  0]LogConfig: Setting CVar [[grass.DensityScale:1.0]]
[2021.09.02-07.42.55:321][  0]LogConfig: Applying CVar settings from Section [ShadingQuality@3] File [C:/Users/g6ale/Desktop/T.O.U.D.I_Project_Work/UnrealProject/Saved/Config/Windows/Scalability.ini]
[2021.09.02-07.42.55:321][  0]LogConfig: Setting CVar [[r.HairStrands.SkyLighting.IntegrationType:2]]
[2021.09.02-07.42.55:321][  0]LogConfig: Setting CVar [[r.HairStrands.SkyAO.SampleCount:4]]
[2021.09.02-07.42.55:321][  0]LogConfig: Setting CVar [[r.HairStrands.Visibility.MSAA.SamplePerPixel:4]]
[2021.09.02-07.42.55:321][  0]LogConfig: Applying CVar settings from Section [Startup] File [../../../Engine/Config/ConsoleVariables.ini]
[2021.09.02-07.42.55:322][  0]LogConfig: Setting CVar [[net.UseAdaptiveNetUpdateFrequency:0]]
[2021.09.02-07.42.55:322][  0]LogConfig: Setting CVar [[p.chaos.AllowCreatePhysxBodies:1]]
[2021.09.02-07.42.55:322][  0]LogConfig: Setting CVar [[fx.SkipVectorVMBackendOptimizations:1]]
[2021.09.02-07.42.55:322][  0]LogConfig: Applying CVar settings from Section [ConsoleVariables] File [C:/Users/g6ale/Desktop/T.O.U.D.I_Project_Work/UnrealProject/Saved/Config/Windows/Engine.ini]
[2021.09.02-07.42.55:322][  0]LogConfig: Applying CVar settings from Section [ConsoleVariables] File [C:/Users/g6ale/Desktop/T.O.U.D.I_Project_Work/UnrealProject/Saved/Config/Windows/Editor.ini]
[2021.09.02-07.42.55:322][  0]LogInit: Computer: PC-SYAL
[2021.09.02-07.42.55:322][  0]LogInit: User: g6ale
[2021.09.02-07.42.55:322][  0]LogInit: CPU Page size=4096, Cores=6
[2021.09.02-07.42.55:322][  0]LogInit: High frequency timer resolution =10.000000 MHz
[2021.09.02-07.42.55:322][  0]LogMemory: Memory total: Physical=15.8GB (16GB approx)
[2021.09.02-07.42.55:322][  0]LogMemory: Platform Memory Stats for Windows
[2021.09.02-07.42.55:322][  0]LogMemory: Process Physical Memory: 142.01 MB used, 142.02 MB peak
[2021.09.02-07.42.55:322][  0]LogMemory: Process Virtual Memory: 128.05 MB used, 128.05 MB peak
[2021.09.02-07.42.55:322][  0]LogMemory: Physical Memory: 7418.05 MB used,  8799.89 MB free, 16217.95 MB total
[2021.09.02-07.42.55:322][  0]LogMemory: Virtual Memory: 134198008.00 MB used,  19722.52 MB free, 134217728.00 MB total
[2021.09.02-07.42.55:326][  0]LogWindows: WindowsPlatformFeatures enabled
[2021.09.02-07.42.55:340][  0]LogInit: Physics initialised using underlying interface: PhysX
[2021.09.02-07.42.55:341][  0]LogInit: Using OS detected language (fr-FR).
[2021.09.02-07.42.55:341][  0]LogInit: Using OS detected locale (fr-FR).
[2021.09.02-07.42.55:345][  0]LogTextLocalizationManager: No specific localization for 'fr-FR' exists, so the 'fr' localization will be used.
[2021.09.02-07.42.55:346][  0]LogTextLocalizationResource: LocRes '../../../Engine/Content/Localization/Editor/fr/Editor.locres' could not be opened for reading!
[2021.09.02-07.42.55:346][  0]LogTextLocalizationResource: LocRes '../../../Engine/Content/Localization/EditorTutorials/fr/EditorTutorials.locres' could not be opened for reading!
[2021.09.02-07.42.55:346][  0]LogTextLocalizationResource: LocRes '../../../Engine/Content/Localization/Keywords/fr/Keywords.locres' could not be opened for reading!
[2021.09.02-07.42.55:346][  0]LogTextLocalizationResource: LocRes '../../../Engine/Content/Localization/Category/fr/Category.locres' could not be opened for reading!
[2021.09.02-07.42.55:346][  0]LogTextLocalizationResource: LocRes '../../../Engine/Content/Localization/ToolTips/fr/ToolTips.locres' could not be opened for reading!
[2021.09.02-07.42.55:346][  0]LogTextLocalizationResource: LocRes '../../../Engine/Content/Localization/PropertyNames/fr/PropertyNames.locres' could not be opened for reading!
[2021.09.02-07.42.55:346][  0]LogTextLocalizationResource: LocRes '../../../Engine/Content/Localization/Engine/fr/Engine.locres' could not be opened for reading!
[2021.09.02-07.42.55:347][  0]LogInit: Setting process to per monitor DPI aware
[2021.09.02-07.42.55:356][  0]LogWindowsTextInputMethodSystem: Display: IME system deactivated.
[2021.09.02-07.42.55:368][  0]LogSlate: New Slate User Created.  User Index 0, Is Virtual User: 0
[2021.09.02-07.42.55:368][  0]LogSlate: Slate User Registered.  User Index 0, Is Virtual User: 0
[2021.09.02-07.42.55:476][  0]LogD3D11RHI: Loaded GFSDK_Aftermath_Lib.x64.dll
[2021.09.02-07.42.55:491][  0]LogHMD: Optional extension XR_VARJO_quad_views is not available
[2021.09.02-07.42.55:491][  0]LogHMD: Warning: Required extension XR_EXT_eye_gaze_interaction is not available
[2021.09.02-07.42.55:491][  0]LogHMD: Could not enable all required OpenXR extensions for OpenXREyeTracker on current system. This plugin will be loaded but ignored, but will be enabled on a target platform that supports the required extension.
[2021.09.02-07.42.55:498][  0]LogHMD: Failed to create an OpenXR instance, result is XR_ERROR_RUNTIME_FAILURE. Please check if you have an OpenXR runtime installed. The following extensions were enabled:
[2021.09.02-07.42.55:498][  0]LogHMD: - XR_KHR_D3D11_enable
[2021.09.02-07.42.55:498][  0]LogHMD: - XR_KHR_D3D12_enable
[2021.09.02-07.42.55:498][  0]LogHMD: - XR_KHR_opengl_enable
[2021.09.02-07.42.55:498][  0]LogHMD: - XR_KHR_vulkan_enable
[2021.09.02-07.42.55:498][  0]LogHMD: - XR_KHR_composition_layer_depth
[2021.09.02-07.42.55:498][  0]LogHMD: - XR_KHR_visibility_mask
[2021.09.02-07.42.55:498][  0]LogHMD: - XR_EXT_hand_tracking
[2021.09.02-07.42.55:498][  0]LogD3D11RHI: D3D11 min allowed feature level: 11_0
[2021.09.02-07.42.55:498][  0]LogD3D11RHI: D3D11 max allowed feature level: 11_0
[2021.09.02-07.42.55:498][  0]LogD3D11RHI: D3D11 adapters:
[2021.09.02-07.42.55:537][  0]LogD3D11RHI:    0. 'Radeon RX 580 Series' (Feature Level 11_0)
[2021.09.02-07.42.55:537][  0]LogD3D11RHI:       8171/0/8108 MB DedicatedVideo/DedicatedSystem/SharedSystem, Outputs:2, VendorId:0x1002
[2021.09.02-07.42.55:539][  0]LogD3D11RHI:    1. 'Microsoft Basic Render Driver' (Feature Level 11_0)
[2021.09.02-07.42.55:539][  0]LogD3D11RHI:       0/0/8108 MB DedicatedVideo/DedicatedSystem/SharedSystem, Outputs:0, VendorId:0x1414
[2021.09.02-07.42.55:539][  0]LogD3D11RHI: Chosen D3D11 Adapter: 0
[2021.09.02-07.42.55:543][  0]LogD3D11RHI: Creating new Direct3DDevice
[2021.09.02-07.42.55:543][  0]LogD3D11RHI:     GPU DeviceId: 0x67df (for the marketing name, search the web for "GPU Device Id")
[2021.09.02-07.42.55:543][  0]LogWindows: EnumDisplayDevices:
[2021.09.02-07.42.55:544][  0]LogWindows:    0. 'Radeon RX 580 Series' (P:1 D:1)
[2021.09.02-07.42.55:544][  0]LogWindows:    1. 'Radeon RX 580 Series' (P:0 D:1)
[2021.09.02-07.42.55:544][  0]LogWindows:    2. 'Radeon RX 580 Series' (P:0 D:0)
[2021.09.02-07.42.55:544][  0]LogWindows:    3. 'Radeon RX 580 Series' (P:0 D:0)
[2021.09.02-07.42.55:545][  0]LogWindows:    4. 'Radeon RX 580 Series' (P:0 D:0)
[2021.09.02-07.42.55:545][  0]LogWindows:    5. 'Radeon RX 580 Series' (P:0 D:0)
[2021.09.02-07.42.55:545][  0]LogWindows:    6. 'Radeon RX 580 Series' (P:0 D:0)
[2021.09.02-07.42.55:545][  0]LogWindows: DebugString: FoundDriverCount:7 
[2021.09.02-07.42.55:545][  0]LogD3D11RHI:     Adapter Name: Radeon RX 580 Series
[2021.09.02-07.42.55:545][  0]LogD3D11RHI:   Driver Version: Adrenalin 2020 21.7.2 (internal:27.20.22021.1002, unified:27.20.22021.1002)
[2021.09.02-07.42.55:545][  0]LogD3D11RHI:      Driver Date: 7-22-2021
[2021.09.02-07.42.55:545][  0]LogRHI: Texture pool is 5182 MB (70% of 7403 MB)
[2021.09.02-07.42.55:600][  0]LogD3D11RHI: Created device via AGS, feature level 11_0, supported extensions 1fffffbf.
[2021.09.02-07.42.55:601][  0]LogD3D11RHI: RHI has support for 64 bit atomics
[2021.09.02-07.42.55:601][  0]LogD3D11RHI: Async texture creation enabled
[2021.09.02-07.42.55:601][  0]LogD3D11RHI: Array index from any shader is supported
[2021.09.02-07.42.55:610][  0]LogD3D11RHI: GPU Timing Frequency: 25.000000 (Debug: 2 1)
[2021.09.02-07.42.55:849][  0]LogTargetPlatformManager: Display: Loaded TargetPlatform 'AllDesktop'
[2021.09.02-07.42.55:864][  0]LogTargetPlatformManager: Display: Loaded TargetPlatform 'Android'
[2021.09.02-07.42.55:864][  0]LogTargetPlatformManager: Display: Loaded TargetPlatform 'Android_ASTC'
[2021.09.02-07.42.55:864][  0]LogTargetPlatformManager: Display: Loaded TargetPlatform 'Android_DXT'
[2021.09.02-07.42.55:864][  0]LogTargetPlatformManager: Display: Loaded TargetPlatform 'Android_ETC2'
[2021.09.02-07.42.55:864][  0]LogTargetPlatformManager: Display: Loaded TargetPlatform 'AndroidClient'
[2021.09.02-07.42.55:864][  0]LogTargetPlatformManager: Display: Loaded TargetPlatform 'Android_ASTCClient'
[2021.09.02-07.42.55:864][  0]LogTargetPlatformManager: Display: Loaded TargetPlatform 'Android_DXTClient'
[2021.09.02-07.42.55:864][  0]LogTargetPlatformManager: Display: Loaded TargetPlatform 'Android_ETC2Client'
[2021.09.02-07.42.55:864][  0]LogTargetPlatformManager: Display: Loaded TargetPlatform 'Android_Multi'
[2021.09.02-07.42.55:864][  0]LogTargetPlatformManager: Display: Loaded TargetPlatform 'Android_MultiClient'
[2021.09.02-07.42.55:879][  0]LogTargetPlatformManager: Display: Loaded TargetPlatform 'IOSClient'
[2021.09.02-07.42.55:879][  0]LogTargetPlatformManager: Display: Loaded TargetPlatform 'IOS'
[2021.09.02-07.42.55:886][  0]LogTargetPlatformManager: Display: Loaded TargetPlatform 'Linux'
[2021.09.02-07.42.55:889][  0]LogTargetPlatformManager: Display: Loaded TargetPlatform 'LinuxNoEditor'
[2021.09.02-07.42.55:892][  0]LogTargetPlatformManager: Display: Loaded TargetPlatform 'LinuxClient'
[2021.09.02-07.42.55:895][  0]LogTargetPlatformManager: Display: Loaded TargetPlatform 'LinuxServer'
[2021.09.02-07.42.55:902][  0]LogTargetPlatformManager: Display: Loaded TargetPlatform 'LinuxAArch64NoEditor'
[2021.09.02-07.42.55:905][  0]LogTargetPlatformManager: Display: Loaded TargetPlatform 'LinuxAArch64Client'
[2021.09.02-07.42.55:908][  0]LogTargetPlatformManager: Display: Loaded TargetPlatform 'LinuxAArch64Server'
[2021.09.02-07.42.55:927][  0]LogTargetPlatformManager: Display: Loaded TargetPlatform 'Lumin'
[2021.09.02-07.42.55:927][  0]LogTargetPlatformManager: Display: Loaded TargetPlatform 'LuminClient'
[2021.09.02-07.42.55:934][  0]LogTargetPlatformManager: Display: Loaded TargetPlatform 'MacNoEditor'
[2021.09.02-07.42.55:939][  0]LogTargetPlatformManager: Display: Loaded TargetPlatform 'Mac'
[2021.09.02-07.42.55:942][  0]LogTargetPlatformManager: Display: Loaded TargetPlatform 'MacClient'
[2021.09.02-07.42.55:947][  0]LogTargetPlatformManager: Display: Loaded TargetPlatform 'MacServer'
[2021.09.02-07.42.55:956][  0]LogTargetPlatformManager: Display: Loaded TargetPlatform 'TVOSClient'
[2021.09.02-07.42.55:956][  0]LogTargetPlatformManager: Display: Loaded TargetPlatform 'TVOS'
[2021.09.02-07.42.55:963][  0]LogTargetPlatformManager: Display: Loaded TargetPlatform 'WindowsNoEditor'
[2021.09.02-07.42.55:966][  0]LogTargetPlatformManager: Display: Loaded TargetPlatform 'Windows'
[2021.09.02-07.42.55:969][  0]LogTargetPlatformManager: Display: Loaded TargetPlatform 'WindowsClient'
[2021.09.02-07.42.55:973][  0]LogTargetPlatformManager: Display: Loaded TargetPlatform 'WindowsServer'
[2021.09.02-07.42.55:973][  0]LogTargetPlatformManager: Display: Building Assets For Windows
[2021.09.02-07.42.55:978][  0]LogAudioDebug: Display: Lib vorbis DLL was dynamically loaded.
[2021.09.02-07.42.56:001][  0]LogTextureFormatOodle: Display: Oodle Texture 2.9.0 init RDO Off
[2021.09.02-07.42.56:026][  0]LogRendererCore: Ray tracing is disabled. Reason: r.RayTracing=0.
[2021.09.02-07.42.56:026][  0]LogShaderCompilers: Guid format shader working directory is -21 characters bigger than the processId version (../../../../Users/g6ale/Desktop/T.O.U.D.I_Project_Work/UnrealProject/Intermediate/Shaders/WorkingDirectory/156/).
[2021.09.02-07.42.56:026][  0]LogShaderCompilers: Cleaned the shader compiler working directory 'C:/Users/g6ale/AppData/Local/Temp/UnrealShaderWorkingDir/5C75F8674AEB972861B2DEA9F3B07724/'.
[2021.09.02-07.42.56:026][  0]LogXGEController: Cannot use XGE Controller as Incredibuild is not installed on this machine.
[2021.09.02-07.42.56:026][  0]LogShaderCompilers: Cannot use XGE Shader Compiler as Incredibuild is not installed on this machine.
[2021.09.02-07.42.56:026][  0]LogShaderCompilers: Display: Using Local Shader Compiler.
[2021.09.02-07.42.56:653][  0]LogDerivedDataCache: Display: Max Cache Size: 512 MB
[2021.09.02-07.42.56:697][  0]LogDerivedDataCache: Loaded boot cache 0.04s 95MB C:/Users/g6ale/AppData/Local/UnrealEngine/4.27/DerivedDataCache/Boot.ddc.
[2021.09.02-07.42.56:697][  0]LogDerivedDataCache: Display: Loaded Boot cache: C:/Users/g6ale/AppData/Local/UnrealEngine/4.27/DerivedDataCache/Boot.ddc
[2021.09.02-07.42.56:697][  0]LogDerivedDataCache: FDerivedDataBackendGraph:  Pak pak cache file ../../../../Users/g6ale/Desktop/T.O.U.D.I_Project_Work/UnrealProject/DerivedDataCache/DDC.ddp not found, will not use a pak cache.
[2021.09.02-07.42.56:697][  0]LogDerivedDataCache: Unable to find inner node Pak for hierarchical cache Hierarchy.
[2021.09.02-07.42.56:697][  0]LogDerivedDataCache: FDerivedDataBackendGraph:  CompressedPak pak cache file ../../../../Users/g6ale/Desktop/T.O.U.D.I_Project_Work/UnrealProject/DerivedDataCache/Compressed.ddp not found, will not use a pak cache.
[2021.09.02-07.42.56:697][  0]LogDerivedDataCache: Unable to find inner node CompressedPak for hierarchical cache Hierarchy.
[2021.09.02-07.42.56:711][  0]LogDerivedDataCache: Display: Pak cache opened for reading ../../../Engine/DerivedDataCache/Compressed.ddp.
[2021.09.02-07.42.56:711][  0]LogDerivedDataCache: FDerivedDataBackendGraph:  EnterprisePak pak cache file ../../../Enterprise/DerivedDataCache/Compressed.ddp not found, will not use a pak cache.
[2021.09.02-07.42.56:711][  0]LogDerivedDataCache: Unable to find inner node EnterprisePak for hierarchical cache Hierarchy.
[2021.09.02-07.42.56:716][  0]LogDerivedDataCache: Speed tests for C:/Users/g6ale/AppData/Local/UnrealEngine/Common/DerivedDataCache took 0.00 seconds
[2021.09.02-07.42.56:716][  0]LogDerivedDataCache: Display: Performance to C:/Users/g6ale/AppData/Local/UnrealEngine/Common/DerivedDataCache: Latency=0.02ms. RandomReadSpeed=1227.31MBs, RandomWriteSpeed=275.35MBs. Assigned SpeedClass 'Local'
[2021.09.02-07.42.56:717][  0]LogDerivedDataCache: Using Local data cache path C:/Users/g6ale/AppData/Local/UnrealEngine/Common/DerivedDataCache: Writable
[2021.09.02-07.42.56:717][  0]LogDerivedDataCache: Shared data cache path not found in *engine.ini, will not use an Shared cache.
[2021.09.02-07.42.56:717][  0]LogDerivedDataCache: Unable to find inner node Shared for hierarchical cache Hierarchy.
[2021.09.02-07.42.56:756][  0]LogSlate: Using FreeType 2.10.0
[2021.09.02-07.42.56:756][  0]LogSlate: SlateFontServices - WITH_FREETYPE: 1, WITH_HARFBUZZ: 1
[2021.09.02-07.42.56:767][  0]LogHMD: Optional extension XR_VARJO_quad_views is not available
[2021.09.02-07.42.56:767][  0]LogHMD: Warning: Required extension XR_EXT_eye_gaze_interaction is not available
[2021.09.02-07.42.56:767][  0]LogHMD: Could not enable all required OpenXR extensions for OpenXREyeTracker on current system. This plugin will be loaded but ignored, but will be enabled on a target platform that supports the required extension.
[2021.09.02-07.42.56:774][  0]LogHMD: Failed to create an OpenXR instance, result is XR_ERROR_RUNTIME_FAILURE. Please check if you have an OpenXR runtime installed. The following extensions were enabled:
[2021.09.02-07.42.56:774][  0]LogHMD: - XR_KHR_D3D11_enable
[2021.09.02-07.42.56:774][  0]LogHMD: - XR_KHR_D3D12_enable
[2021.09.02-07.42.56:774][  0]LogHMD: - XR_KHR_opengl_enable
[2021.09.02-07.42.56:774][  0]LogHMD: - XR_KHR_vulkan_enable
[2021.09.02-07.42.56:774][  0]LogHMD: - XR_KHR_composition_layer_depth
[2021.09.02-07.42.56:774][  0]LogHMD: - XR_KHR_visibility_mask
[2021.09.02-07.42.56:774][  0]LogHMD: - XR_EXT_hand_tracking
[2021.09.02-07.42.56:791][  0]LogAssetRegistry: FAssetRegistry took 0.0022 seconds to start up
[2021.09.02-07.42.56:993][  0]LogInit: Selected Device Profile: [Windows]
[2021.09.02-07.42.56:993][  0]LogInit: Active device profile: [000002ACF5AA3900][000002ACEF7DD140 49] Windows
[2021.09.02-07.42.56:993][  0]LogInit: Profiles: [000002ACF5AA3900][000002ACEF7DD140 49] Windows, [000002ACF5A58900][000002ACF011D2C0 49] WindowsNoEditor, [000002ACF5AA0900][000002ACF0125440 49] WindowsServer, [000002ACF5A5B100][000002ACF01295C0 49] WindowsClient, [000002ACF5AA3000][000002ACF0131740 49] IOS, [000002ACF5A59200][000002ACF00038C0 49] iPadAir, [000002ACF5AA1100][000002ACF0007A40 49] iPadAir2, [000002ACF5824100][000002ACF000E180 49] IPadPro, [000002ACF5824200][000002ACF000A1C0 49] iPadAir3, [000002ACF5AA2A00][000002ACF0012340 49] iPadAir4, [000002ACF5827200][000002ACF00164C0 49] iPadMini2, [000002ACF5AA1600][000002ACF001A640 49] iPadMini3, [000002ACF5825500][000002ACF010C780 49] iPadMini4, [000002ACF5AA2200][000002ACF001E8C0 49] iPadMini5, [000002ACF581F900][000002ACF0026B00 49] iPhone6, [000002ACF581FA00][000002ACF0022B40 49] iPodTouch6, [000002ACF5826F00][000002ACF0032E00 49] iPhone7, [000002ACF5826E00][000002ACF002EE40 49] iPodTouch7, [000002ACF581CD00][000002ACF0036FC0 49] iPhone5S, [000002ACF5824E00][000002ACF003B140 49] iPhone6Plus, [000002ACF581EC00][000002ACF003F2C0 49] iPhone6S, [000002ACF5827500][000002ACF0043440 49] iPhone6SPlus, [000002ACF581D500][000002ACF00475C0 49] iPhone7Plus, [000002ACF5827B00][000002ACF004B740 49] iPhoneSE, [000002ACF581E400][000002ACED7938C0 49] iPhone8, [000002ACF5825600][000002ACED797A40 49] iPhone8Plus, [000002ACF581FF00][000002ACED79BBC0 49] iPhoneX, [000002ACF5827100][000002ACED79E1C0 49] iPhoneXS, [000002ACF581C500][000002ACED7A2340 49] iPhoneXSMax, [000002ACF5825900][000002ACED7A64C0 49] iPhoneXR, [000002ACF581E900][000002ACED7AA640 49] iPhone11, [000002ACF5826D00][000002ACED7AE7C0 49] iPhone11Pro, [000002ACF581D700][000002ACED7B2940 49] iPhone11ProMax, [000002ACF5827800][000002ACF002AA80 49] iPhoneSE2, [000002ACF581F400][000002ACED7B6BC0 49] iPhone12Mini, [000002ACF5825C00][000002ACED7BAD00 49] iPhone12, [000002ACF581EA00][000002ACED7C2E80 49] iPhone12Pro, [000002ACF5825400][000002ACED7C7000 49] iPhone12ProMax, [000002ACF581E700][000002ACED7CB180 49] iPadPro105, [000002ACF5827900][000002ACED7CF300 49] iPadPro129, [000002ACF581F600][000002ACED7D3480 49] iPadPro97, [000002ACF5826100][000002ACED7D7600 49] iPadPro2_129, [000002ACF581D200][000002ACED7DB780 49] iPad5, [000002ACF5824B00][000002ACED7DF900 49] iPad6, [000002ACF581E300][000002ACED7E3A80 49] iPad7, [000002ACF5825D00][000002ACED809C00 49] iPad8, [000002ACF581F500][000002ACED80C200 49] iPadPro11, [000002ACF5826000][000002ACED810380 49] iPadPro2_11, [000002ACF581CF00][000002ACED814500 49] iPadPro3_129, [000002ACF5827D00][000002ACED818680 49] iPadPro4_129, [000002ACF581EE00][000002ACED81C800 49] AppleTV, [000002ACF5826500][000002ACED820980 49] AppleTV4K, [000002ACF581ED00][000002ACED824B00 49] TVOS, [000002ACF5824500][000002ACED7BEC40 49] Mac, [000002ACF581F000][000002ACED828D80 49] MacClient, [000002ACF5826700][000002ACED82CEC0 49] MacNoEditor, [000002ACF581EF00][000002ACED835040 49] MacServer, [000002ACF5826600][000002ACED8391C0 49] Linux, [000002ACF581CB00][000002ACED83D340 49] LinuxAArch64, [000002ACF5825700][000002ACED8414C0 49] LinuxNoEditor, [000002ACF581DB00][000002ACED845640 49] LinuxAArch64NoEditor, [000002ACF5825100][000002ACED8497C0 49] LinuxClient, [000002ACF581CC00][000002ACED84D940 49] LinuxAArch64Client, [000002ACF5826300][000002ACED851AC0 49] LinuxServer, [000002ACF581CE00][000002ACED8540C0 49] LinuxAArch64Server, [000002ACF5825200][000002ACED858240 49] Android, [000002ACF5A5AF00][000002ACED85C3C0 49] Android_Low, [000002ACF5C19B00][000002ACED860540 49] Android_Mid, [000002ACF5A5BB00][000002ACEF2006C0 49] Android_High, [000002ACF5C19400][000002ACEF204840 49] Android_Default, [000002ACF5A58300][000002ACEF2089C0 49] Android_Adreno4xx, [000002ACF5C19E00][000002ACEF20CB40 49] Android_Adreno5xx_Low, [000002ACF5A5B700][000002ACEF210CC0 49] Android_Adreno5xx, [000002ACF5C19A00][000002ACED830E00 49] Android_Adreno6xx, [000002ACF5A58F00][000002ACEF214F40 49] Android_Adreno6xx_Vulkan, [000002ACF5C18B00][000002ACEF219080 49] Android_Mali_T6xx, [000002ACF5A59500][000002ACEF21D1C0 49] Android_Mali_T7xx, [000002ACF5C19100][000002ACEF225340 49] Android_Mali_T8xx, [000002ACF5A58400][000002ACEF2294C0 49] Android_Mali_G71, [000002ACF5C18400][000002ACEF22D640 49] Android_Mali_G72, [000002ACF5A5A400][000002ACEF2317C0 49] Android_Mali_G72_Vulkan, [000002ACF5C19D00][000002ACEF235940 49] Android_Mali_G76, [000002ACF5A59C00][000002ACEF239AC0 49] Android_Mali_G76_Vulkan, [000002ACF5C18800][000002ACEF23C0C0 49] Android_Mali_G77, [000002ACF5A58D00][000002ACEF240240 49] Android_Mali_G77_Vulkan, [000002ACF5C1A200][000002ACEF2443C0 49] Android_Mali_G78, [000002ACF5A5AC00][000002ACEF248540 49] Android_Mali_G78_Vulkan, [000002ACF5C19600][000002ACEF24C6C0 49] Android_Mali_G710, [000002ACF5A59D00][000002ACEF250840 49] Android_Mali_G710_Vulkan, [000002ACF5C1A100][000002ACEF2549C0 49] Android_Vulkan_SM5, [000002ACF5824700][000002ACEF258B40 49] Android_PowerVR_G6xxx, [000002ACF5C1A800][000002ACEF25CCC0 49] Android_PowerVR_GT7xxx, [000002ACF5824300][000002ACEF260E40 49] Android_PowerVR_GE8xxx, [000002ACF5C18200][000002ACEF220F80 49] Android_PowerVR_GM9xxx, [000002ACF5827300][000002ACEF2650C0 49] Android_PowerVR_GM9xxx_Vulkan, [000002ACF5C1AC00][000002ACEF269200 49] Android_TegraK1, [000002ACF5824F00][000002ACEF26D340 49] Android_Unknown_Vulkan, [000002ACF5C1A900][000002ACEF2754C0 49] Lumin, [000002ACF5825A00][000002ACEF279640 49] Lumin_Desktop, [000002ACF5C19000][000002ACEF27D7C0 49] HoloLens, 
[2021.09.02-07.42.57:118][  0]LogMeshReduction: Using QuadricMeshReduction for automatic static mesh reduction
[2021.09.02-07.42.57:118][  0]LogMeshReduction: Using SimplygonMeshReduction for automatic skeletal mesh reduction
[2021.09.02-07.42.57:118][  0]LogMeshReduction: Using ProxyLODMeshReduction for automatic mesh merging
[2021.09.02-07.42.57:118][  0]LogMeshReduction: No distributed automatic mesh merging module available
[2021.09.02-07.42.57:118][  0]LogMeshMerging: No distributed automatic mesh merging module available
[2021.09.02-07.42.57:134][  0]LogNetVersion: TOUDI 1.0.0, NetCL: 17155196, EngineNetVer: 17, GameNetVer: 0 (Checksum: 4284786375)
[2021.09.02-07.42.57:459][  0]LogTexture: Default maximum texture size for cubemaps generated from long-lat sources has been changed from 512 to unlimited. In order to preserve old behaiour for '/Engine/MapTemplates/Sky/DaylightAmbientCubemap.DaylightAmbientCubemap', its maximum texture size has been explicitly set to 512.
[2021.09.02-07.42.57:506][  0]LogUObjectArray: 17011 objects as part of root set at end of initial load.
[2021.09.02-07.42.57:506][  0]LogUObjectAllocator: 4256960 out of 0 bytes used by permanent object pool.
[2021.09.02-07.42.57:506][  0]LogUObjectArray: CloseDisregardForGC: 0/0 objects in disregard for GC pool
[2021.09.02-07.42.57:715][  0]LogNiagaraDebuggerClient: Niagara Debugger Client Initialized | Session: CA7655D84B12DC84C99FA9B200F9F696 | Instance: 2E234A1B4DA0566561E0679F60AD7FDA (PC-SYAL-156).
[2021.09.02-07.42.57:742][  0]LogStreaming: Warning: Failed to read file '../../../Engine/Content/Editor/Slate/Niagara/MenuSeparator.png' error.
[2021.09.02-07.42.57:742][  0]LogSlate: Could not find file for Slate resource: ../../../Engine/Content/Editor/Slate/Niagara/MenuSeparator.png
[2021.09.02-07.42.57:742][  0]LogStreaming: Warning: Failed to read file '../../../Engine/Content/Editor/Slate/Niagara/Common/Selector.png' error.
[2021.09.02-07.42.57:742][  0]LogSlate: Could not find file for Slate resource: ../../../Engine/Content/Editor/Slate/Niagara/Common/Selector.png
[2021.09.02-07.42.57:742][  0]LogStreaming: Warning: Failed to read file '../../../Engine/Content/Editor/Slate/Niagara/Common/Selection.png' error.
[2021.09.02-07.42.57:742][  0]LogSlate: Could not find file for Slate resource: ../../../Engine/Content/Editor/Slate/Niagara/Common/Selection.png
[2021.09.02-07.42.57:742][  0]LogStreaming: Warning: Failed to read file '../../../Engine/Content/Editor/Slate/Niagara/Common/DropZoneIndicator_Above.png' error.
[2021.09.02-07.42.57:742][  0]LogImageWrapper: Warning: PNG Warning: Duplicate iCCP chunk
[2021.09.02-07.42.57:742][  0]LogSlate: Could not find file for Slate resource: ../../../Engine/Content/Editor/Slate/Niagara/Common/DropZoneIndicator_Above.png
[2021.09.02-07.42.57:742][  0]LogStreaming: Warning: Failed to read file '../../../Engine/Content/Editor/Slate/Niagara/Common/DropZoneIndicator_Onto.png' error.
[2021.09.02-07.42.57:742][  0]LogSlate: Could not find file for Slate resource: ../../../Engine/Content/Editor/Slate/Niagara/Common/DropZoneIndicator_Onto.png
[2021.09.02-07.42.57:742][  0]LogStreaming: Warning: Failed to read file '../../../Engine/Content/Editor/Slate/Niagara/Common/DropZoneIndicator_Below.png' error.
[2021.09.02-07.42.57:742][  0]LogSlate: Could not find file for Slate resource: ../../../Engine/Content/Editor/Slate/Niagara/Common/DropZoneIndicator_Below.png
[2021.09.02-07.42.57:742][  0]LogStreaming: Warning: Failed to read file '../../../Engine/Content/Editor/Slate/Niagara/Common/RoundedSelection_16x.png' error.
[2021.09.02-07.42.57:742][  0]LogSlate: Could not find file for Slate resource: ../../../Engine/Content/Editor/Slate/Niagara/Common/RoundedSelection_16x.png
[2021.09.02-07.42.57:742][  0]LogStreaming: Warning: Failed to read file '../../../Engine/Content/Editor/Slate/Niagara/Common/FlatButton.png' error.
[2021.09.02-07.42.57:742][  0]LogSlate: Could not find file for Slate resource: ../../../Engine/Content/Editor/Slate/Niagara/Common/FlatButton.png
[2021.09.02-07.42.57:742][  0]LogImageWrapper: Warning: PNG Warning: Duplicate iCCP chunk
[2021.09.02-07.42.57:742][  0]LogPython: Using Python 3.7.7
[2021.09.02-07.42.58:219][  0]LogTcpMessaging: Initializing TcpMessaging bridge
[2021.09.02-07.42.58:222][  0]LogUdpMessaging: Initializing bridge on interface 0.0.0.0:0 to multicast group 230.0.0.1:6666.
[2021.09.02-07.42.58:271][  0]LogLinker: Warning: Failed to load '/Game/Blueprint/2DSideScrollerOverview': Can't find file.
[2021.09.02-07.42.58:271][  0]LogLinker: Warning: Failed to load '/Game/Blueprint/2DSideScrollerOverview': Can't find file.
[2021.09.02-07.42.58:271][  0]LogUObjectGlobals: Warning: Failed to find object 'Class /Game/Blueprint/2DSideScrollerOverview.2DSideScrollerOverview_C'
[2021.09.02-07.42.58:339][  0]SourceControl: Source control is disabled
[2021.09.02-07.42.58:339][  0]SourceControl: Source control is disabled
[2021.09.02-07.42.58:341][  0]SourceControl: Source control is disabled
[2021.09.02-07.42.58:345][  0]SourceControl: Source control is disabled
[2021.09.02-07.42.58:350][  0]SourceControl: Source control is disabled
[2021.09.02-07.42.58:352][  0]LogUProjectInfo: Found projects:
[2021.09.02-07.42.58:507][  0]LogOpenImageDenoise: OIDN starting up
[2021.09.02-07.42.58:547][  0]LogAndroidPermission: UAndroidPermissionCallbackProxy::GetInstance
[2021.09.02-07.42.58:560][  0]LogAudioCaptureCore: Display: No Audio Capture implementations found. Audio input will be silent.
[2021.09.02-07.42.58:560][  0]LogAudioCaptureCore: Display: No Audio Capture implementations found. Audio input will be silent.
[2021.09.02-07.42.58:660][  0]LogCollectionManager: Loaded 0 collections in 0.001884 seconds
[2021.09.02-07.42.58:721][  0]LogFileCache: Scanning file cache for directory 'C:/Users/g6ale/Desktop/T.O.U.D.I_Project_Work/UnrealProject/Saved/Collections/' took 0.00s
[2021.09.02-07.42.58:721][  0]LogFileCache: Scanning file cache for directory 'C:/Users/g6ale/Desktop/T.O.U.D.I_Project_Work/UnrealProject/Content/Developers/g6ale/Collections/' took 0.00s
[2021.09.02-07.42.58:721][  0]LogFileCache: Scanning file cache for directory 'C:/Users/g6ale/Desktop/T.O.U.D.I_Project_Work/UnrealProject/Content/Collections/' took 0.00s
[2021.09.02-07.42.58:721][  0]LogEngine: Initializing Engine...
[2021.09.02-07.42.58:736][  0]LogHMD: Optional extension XR_VARJO_quad_views is not available
[2021.09.02-07.42.58:736][  0]LogHMD: Warning: Required extension XR_EXT_eye_gaze_interaction is not available
[2021.09.02-07.42.58:736][  0]LogHMD: Could not enable all required OpenXR extensions for OpenXREyeTracker on current system. This plugin will be loaded but ignored, but will be enabled on a target platform that supports the required extension.
[2021.09.02-07.42.58:746][  0]LogHMD: Failed to create an OpenXR instance, result is XR_ERROR_RUNTIME_FAILURE. Please check if you have an OpenXR runtime installed. The following extensions were enabled:
[2021.09.02-07.42.58:746][  0]LogHMD: - XR_KHR_D3D11_enable
[2021.09.02-07.42.58:746][  0]LogHMD: - XR_KHR_D3D12_enable
[2021.09.02-07.42.58:746][  0]LogHMD: - XR_KHR_opengl_enable
[2021.09.02-07.42.58:746][  0]LogHMD: - XR_KHR_vulkan_enable
[2021.09.02-07.42.58:746][  0]LogHMD: - XR_KHR_composition_layer_depth
[2021.09.02-07.42.58:746][  0]LogHMD: - XR_KHR_visibility_mask
[2021.09.02-07.42.58:746][  0]LogHMD: - XR_EXT_hand_tracking
[2021.09.02-07.42.58:746][  0]LogMagicLeap: Warning: VR disabled because ZI is not enabled.  To enable, in the editor, Edit -> Project Settings -> Plugins -> Magic Leap Plugin -> Enable Zero Iteration
[2021.09.02-07.42.58:747][  0]LogStats: UGameplayTagsManager::InitializeManager -  0.000 s
[2021.09.02-07.42.58:871][  0]LogInit: Initializing FReadOnlyCVARCache
[2021.09.02-07.42.58:877][  0]LogAIModule: Creating AISystem for world Untitled
[2021.09.02-07.42.58:885][  0]LogAudio: Display: Initializing Audio Device Manager...
[2021.09.02-07.42.58:888][  0]LogAudio: Display: Loading Default Audio Settings Objects...
[2021.09.02-07.42.58:888][  0]LogAudio: Display: No default SoundConcurrencyObject specified (or failed to load).
[2021.09.02-07.42.58:888][  0]LogAudio: Display: Audio Device Manager Initialized
[2021.09.02-07.42.58:888][  0]LogAudio: Display: Creating Audio Device:                 Id: 1, Scope: Shared, Realtime: True
[2021.09.02-07.42.58:888][  0]LogAudioMixer: Display: Audio Mixer Platform Settings:
[2021.09.02-07.42.58:888][  0]LogAudioMixer: Display: 	Sample Rate:						  48000
[2021.09.02-07.42.58:888][  0]LogAudioMixer: Display: 	Callback Buffer Frame Size Requested: 1024
[2021.09.02-07.42.58:888][  0]LogAudioMixer: Display: 	Callback Buffer Frame Size To Use:	  1024
[2021.09.02-07.42.58:888][  0]LogAudioMixer: Display: 	Number of buffers to queue:			  2
[2021.09.02-07.42.58:888][  0]LogAudioMixer: Display: 	Max Channels (voices):				  32
[2021.09.02-07.42.58:888][  0]LogAudioMixer: Display: 	Number of Async Source Workers:		  0
[2021.09.02-07.42.58:888][  0]LogAudio: Display: AudioDevice MaxSources: 32
[2021.09.02-07.42.58:889][  0]LogAudio: Display: Audio Spatialization Plugin: None (built-in).
[2021.09.02-07.42.58:889][  0]LogAudio: Display: Audio Reverb Plugin: None (built-in).
[2021.09.02-07.42.58:889][  0]LogAudio: Display: Audio Occlusion Plugin: None (built-in).
[2021.09.02-07.42.58:889][  0]LogAudioMixer: Display: Initializing audio mixer.
[2021.09.02-07.42.58:904][  0]LogAudioMixer: Display: 0: FrontLeft
[2021.09.02-07.42.58:904][  0]LogAudioMixer: Display: 1: FrontRight
[2021.09.02-07.42.58:915][  0]LogAudioMixer: Display: Using Audio Device Ligne (5- Steinberg UR22mkII )
[2021.09.02-07.42.58:917][  0]LogAudioMixer: Display: Initializing Sound Submixes...
[2021.09.02-07.42.58:919][  0]LogAudioMixer: Display: Creating Master Submix 'MasterSubmixDefault'
[2021.09.02-07.42.58:919][  0]LogAudioMixer: Display: Creating Master Submix 'MasterReverbSubmixDefault'
[2021.09.02-07.42.58:919][  0]LogAudioMixer: Display: Creating Master Submix 'MasterEQSubmixDefault'
[2021.09.02-07.42.58:919][  0]LogAudioMixer: FMixerPlatformXAudio2::StartAudioStream() called
[2021.09.02-07.42.58:919][  0]LogAudioMixer: Display: Output buffers initialized: Frames=1024, Channels=2, Samples=2048
[2021.09.02-07.42.58:920][  0]LogAudioMixer: Display: Starting AudioMixerPlatformInterface::RunInternal()
[2021.09.02-07.42.58:920][  0]LogAudioMixer: Display: FMixerPlatformXAudio2::SubmitBuffer() called for the first time
[2021.09.02-07.42.58:920][  0]LogInit: FAudioDevice initialized.
[2021.09.02-07.42.58:920][  0]LogAudio: Display: Audio Device (ID: 1) registered with world 'Untitled'.
[2021.09.02-07.42.58:920][  0]LogNetVersion: Set ProjectVersion to 1.0.0.0. Version Checksum will be recalculated on next use.
[2021.09.02-07.42.58:960][  0]LogDerivedDataCache: Saved boot cache 0.04s 91MB C:/Users/g6ale/AppData/Local/UnrealEngine/4.27/DerivedDataCache/Boot.ddc.
[2021.09.02-07.42.58:961][  0]LogInit: Texture streaming: Enabled
[2021.09.02-07.42.58:969][  0]LogAnalytics: Display: [UEEditor.Rocket.Release] APIServer = https://datarouter.ol.epicgames.com/. AppVersion = 4.27.0-17155196+++UE4+Release-4.27
[2021.09.02-07.42.58:972][  0]LogEngineSessionManager: EngineSessionManager initialized
[2021.09.02-07.42.58:972][  0]LogEditorSessionSummary: Verbose: Initializing EditorSessionSummaryWriter for editor session tracking
[2021.09.02-07.42.58:973][  0]LogEditorSessionSummary: EditorSessionSummaryWriter initialized
[2021.09.02-07.42.58:989][  0]LogInit: Transaction tracking system initialized
[2021.09.02-07.42.59:003][  0]BlueprintLog: New page: Editor Load
[2021.09.02-07.42.59:044][  0]LocalizationService: Localization service is disabled
[2021.09.02-07.42.59:059][  0]TimingProfiler: Initialize
[2021.09.02-07.42.59:059][  0]TimingProfiler: OnSessionChanged
[2021.09.02-07.42.59:059][  0]LoadingProfiler: Initialize
[2021.09.02-07.42.59:060][  0]LoadingProfiler: OnSessionChanged
[2021.09.02-07.42.59:060][  0]NetworkingProfiler: Initialize
[2021.09.02-07.42.59:060][  0]NetworkingProfiler: OnSessionChanged
[2021.09.02-07.42.59:060][  0]MemoryProfiler: Initialize
[2021.09.02-07.42.59:060][  0]MemoryProfiler: OnSessionChanged
[2021.09.02-07.42.59:172][  0]LogCook: Display: CookSettings for Memory: MemoryMaxUsedVirtual 0MiB, MemoryMaxUsedPhysical 16384MiB, MemoryMinFreeVirtual 0MiB, MemoryMinFreePhysical 1024MiB
[2021.09.02-07.42.59:172][  0]LogCook: Display: Mobile HDR setting 0
[2021.09.02-07.42.59:390][  0]LogFileCache: Scanning file cache for directory 'C:/Users/g6ale/Desktop/T.O.U.D.I_Project_Work/UnrealProject/Content/' took 0.01s
[2021.09.02-07.42.59:390][  0]LogInit: Display: Engine is initialized. Leaving FEngineLoop::Init()
[2021.09.02-07.42.59:393][  0]SourceControl: Source control is disabled
[2021.09.02-07.42.59:393][  0]LogUnrealEdMisc: Loading editor; pre map load, took 5.074
[2021.09.02-07.42.59:393][  0]Cmd: MAP LOAD FILE="../../../../Users/g6ale/Desktop/T.O.U.D.I_Project_Work/UnrealProject/Content/2DSideScrollerBP/Maps/2DSideScrollerExampleMap.umap" TEMPLATE=0 SHOWPROGRESS=1 FEATURELEVEL=3
[2021.09.02-07.42.59:394][  0]LogEditorServer: Warning: Can't find file '../../../../Users/g6ale/Desktop/T.O.U.D.I_Project_Work/UnrealProject/Content/2DSideScrollerBP/Maps/2DSideScrollerExampleMap.umap'
[2021.09.02-07.42.59:394][  0]Cmd: MAP CHECKDEP NOCLEARLOG
[2021.09.02-07.42.59:394][  0]MapCheck: Map check complete: 0 Error(s), 0 Warning(s), took 0,178ms to complete.
[2021.09.02-07.42.59:394][  0]LogFileHelpers: Loading map '2DSideScrollerExampleMap' took 0.001
[2021.09.02-07.42.59:396][  0]LogUnrealEdMisc: Total Editor Startup Time, took 5.076
[2021.09.02-07.42.59:496][  0]LogSlate: Updating window title bar state: overlay mode, drag disabled, window buttons hidden, title bar hidden
[2021.09.02-07.42.59:502][  0]LogSlate: Updating window title bar state: overlay mode, drag disabled, window buttons hidden, title bar hidden
[2021.09.02-07.42.59:507][  0]LogSlate: Updating window title bar state: overlay mode, drag disabled, window buttons hidden, title bar hidden
[2021.09.02-07.42.59:513][  0]LogSlate: Updating window title bar state: overlay mode, drag disabled, window buttons hidden, title bar hidden
[2021.09.02-07.42.59:520][  0]LogPakFile: PakFile PrimaryIndexSize=187
[2021.09.02-07.42.59:520][  0]LogPakFile: PakFile PathHashIndexSize=101
[2021.09.02-07.42.59:520][  0]LogPakFile: PakFile FullDirectoryIndexSize=148
[2021.09.02-07.42.59:520][  0]LogShaderLibrary: Display: ShaderCodeLibraryPakFileMountedCallback: PakFile 'C:/UE_4.27/FeaturePacks/FP_FirstPerson.upack' (chunk index -1, root 'root:/') mounted
[2021.09.02-07.42.59:520][  0]LogShaderLibrary: Display: ShaderCodeLibraryPakFileMountedCallback: pending pak file info (ChunkID:-1 Root:root:/ File:C:/UE_4.27/FeaturePacks/FP_FirstPerson.upack)
[2021.09.02-07.42.59:520][  0]LogPakFile: OnPakFileMounted2Time == 0.000065
[2021.09.02-07.42.59:520][  0]LogPakFile: PakFile PrimaryIndexSize=189
[2021.09.02-07.42.59:520][  0]LogPakFile: PakFile PathHashIndexSize=101
[2021.09.02-07.42.59:520][  0]LogPakFile: PakFile FullDirectoryIndexSize=152
[2021.09.02-07.42.59:520][  0]LogShaderLibrary: Display: ShaderCodeLibraryPakFileMountedCallback: PakFile 'C:/UE_4.27/FeaturePacks/FP_FirstPersonBP.upack' (chunk index -1, root 'root:/') mounted
[2021.09.02-07.42.59:520][  0]LogShaderLibrary: Display: ShaderCodeLibraryPakFileMountedCallback: pending pak file info (ChunkID:-1 Root:root:/ File:C:/UE_4.27/FeaturePacks/FP_FirstPersonBP.upack)
[2021.09.02-07.42.59:520][  0]LogPakFile: OnPakFileMounted2Time == 0.000044
[2021.09.02-07.42.59:521][  0]LogPakFile: PakFile PrimaryIndexSize=191
[2021.09.02-07.42.59:521][  0]LogPakFile: PakFile PathHashIndexSize=101
[2021.09.02-07.42.59:521][  0]LogPakFile: PakFile FullDirectoryIndexSize=160
[2021.09.02-07.42.59:521][  0]LogShaderLibrary: Display: ShaderCodeLibraryPakFileMountedCallback: PakFile 'C:/UE_4.27/FeaturePacks/MobileStarterContent.upack' (chunk index -1, root 'root:/') mounted
[2021.09.02-07.42.59:521][  0]LogShaderLibrary: Display: ShaderCodeLibraryPakFileMountedCallback: pending pak file info (ChunkID:-1 Root:root:/ File:C:/UE_4.27/FeaturePacks/MobileStarterContent.upack)
[2021.09.02-07.42.59:521][  0]LogPakFile: OnPakFileMounted2Time == 0.000029
[2021.09.02-07.42.59:521][  0]LogPakFile: PakFile PrimaryIndexSize=185
[2021.09.02-07.42.59:521][  0]LogPakFile: PakFile PathHashIndexSize=101
[2021.09.02-07.42.59:521][  0]LogPakFile: PakFile FullDirectoryIndexSize=148
[2021.09.02-07.42.59:521][  0]LogShaderLibrary: Display: ShaderCodeLibraryPakFileMountedCallback: PakFile 'C:/UE_4.27/FeaturePacks/StarterContent.upack' (chunk index -1, root 'root:/') mounted
[2021.09.02-07.42.59:521][  0]LogShaderLibrary: Display: ShaderCodeLibraryPakFileMountedCallback: pending pak file info (ChunkID:-1 Root:root:/ File:C:/UE_4.27/FeaturePacks/StarterContent.upack)
[2021.09.02-07.42.59:521][  0]LogPakFile: OnPakFileMounted2Time == 0.000026
[2021.09.02-07.42.59:522][  0]LogPakFile: PakFile PrimaryIndexSize=190
[2021.09.02-07.42.59:522][  0]LogPakFile: PakFile PathHashIndexSize=101
[2021.09.02-07.42.59:522][  0]LogPakFile: PakFile FullDirectoryIndexSize=154
[2021.09.02-07.42.59:522][  0]LogShaderLibrary: Display: ShaderCodeLibraryPakFileMountedCallback: PakFile 'C:/UE_4.27/FeaturePacks/TP_2DSideScroller.upack' (chunk index -1, root 'root:/') mounted
[2021.09.02-07.42.59:522][  0]LogShaderLibrary: Display: ShaderCodeLibraryPakFileMountedCallback: pending pak file info (ChunkID:-1 Root:root:/ File:C:/UE_4.27/FeaturePacks/TP_2DSideScroller.upack)
[2021.09.02-07.42.59:522][  0]LogPakFile: OnPakFileMounted2Time == 0.000026
[2021.09.02-07.42.59:522][  0]LogPakFile: PakFile PrimaryIndexSize=192
[2021.09.02-07.42.59:522][  0]LogPakFile: PakFile PathHashIndexSize=101
[2021.09.02-07.42.59:522][  0]LogPakFile: PakFile FullDirectoryIndexSize=158
[2021.09.02-07.42.59:522][  0]LogShaderLibrary: Display: ShaderCodeLibraryPakFileMountedCallback: PakFile 'C:/UE_4.27/FeaturePacks/TP_2DSideScrollerBP.upack' (chunk index -1, root 'root:/') mounted
[2021.09.02-07.42.59:522][  0]LogShaderLibrary: Display: ShaderCodeLibraryPakFileMountedCallback: pending pak file info (ChunkID:-1 Root:root:/ File:C:/UE_4.27/FeaturePacks/TP_2DSideScrollerBP.upack)
[2021.09.02-07.42.59:522][  0]LogPakFile: OnPakFileMounted2Time == 0.000025
[2021.09.02-07.42.59:523][  0]LogPakFile: PakFile PrimaryIndexSize=182
[2021.09.02-07.42.59:523][  0]LogPakFile: PakFile PathHashIndexSize=101
[2021.09.02-07.42.59:523][  0]LogPakFile: PakFile FullDirectoryIndexSize=138
[2021.09.02-07.42.59:523][  0]LogShaderLibrary: Display: ShaderCodeLibraryPakFileMountedCallback: PakFile 'C:/UE_4.27/FeaturePacks/TP_Flying.upack' (chunk index -1, root 'root:/') mounted
[2021.09.02-07.42.59:523][  0]LogShaderLibrary: Display: ShaderCodeLibraryPakFileMountedCallback: pending pak file info (ChunkID:-1 Root:root:/ File:C:/UE_4.27/FeaturePacks/TP_Flying.upack)
[2021.09.02-07.42.59:523][  0]LogPakFile: OnPakFileMounted2Time == 0.000024
[2021.09.02-07.42.59:523][  0]LogPakFile: PakFile PrimaryIndexSize=184
[2021.09.02-07.42.59:523][  0]LogPakFile: PakFile PathHashIndexSize=101
[2021.09.02-07.42.59:523][  0]LogPakFile: PakFile FullDirectoryIndexSize=142
[2021.09.02-07.42.59:523][  0]LogShaderLibrary: Display: ShaderCodeLibraryPakFileMountedCallback: PakFile 'C:/UE_4.27/FeaturePacks/TP_FlyingBP.upack' (chunk index -1, root 'root:/') mounted
[2021.09.02-07.42.59:523][  0]LogShaderLibrary: Display: ShaderCodeLibraryPakFileMountedCallback: pending pak file info (ChunkID:-1 Root:root:/ File:C:/UE_4.27/FeaturePacks/TP_FlyingBP.upack)
[2021.09.02-07.42.59:523][  0]LogPakFile: OnPakFileMounted2Time == 0.000024
[2021.09.02-07.42.59:524][  0]LogPakFile: PakFile PrimaryIndexSize=188
[2021.09.02-07.42.59:524][  0]LogPakFile: PakFile PathHashIndexSize=101
[2021.09.02-07.42.59:524][  0]LogPakFile: PakFile FullDirectoryIndexSize=150
[2021.09.02-07.42.59:524][  0]LogShaderLibrary: Display: ShaderCodeLibraryPakFileMountedCallback: PakFile 'C:/UE_4.27/FeaturePacks/TP_HandheldARBP.upack' (chunk index -1, root 'root:/') mounted
[2021.09.02-07.42.59:524][  0]LogShaderLibrary: Display: ShaderCodeLibraryPakFileMountedCallback: pending pak file info (ChunkID:-1 Root:root:/ File:C:/UE_4.27/FeaturePacks/TP_HandheldARBP.upack)
[2021.09.02-07.42.59:524][  0]LogPakFile: OnPakFileMounted2Time == 0.000037
[2021.09.02-07.42.59:524][  0]LogPakFile: PakFile PrimaryIndexSize=182
[2021.09.02-07.42.59:524][  0]LogPakFile: PakFile PathHashIndexSize=101
[2021.09.02-07.42.59:524][  0]LogPakFile: PakFile FullDirectoryIndexSize=138
[2021.09.02-07.42.59:524][  0]LogShaderLibrary: Display: ShaderCodeLibraryPakFileMountedCallback: PakFile 'C:/UE_4.27/FeaturePacks/TP_Puzzle.upack' (chunk index -1, root 'root:/') mounted
[2021.09.02-07.42.59:524][  0]LogShaderLibrary: Display: ShaderCodeLibraryPakFileMountedCallback: pending pak file info (ChunkID:-1 Root:root:/ File:C:/UE_4.27/FeaturePacks/TP_Puzzle.upack)
[2021.09.02-07.42.59:524][  0]LogPakFile: OnPakFileMounted2Time == 0.000026
[2021.09.02-07.42.59:525][  0]LogPakFile: PakFile PrimaryIndexSize=184
[2021.09.02-07.42.59:525][  0]LogPakFile: PakFile PathHashIndexSize=101
[2021.09.02-07.42.59:525][  0]LogPakFile: PakFile FullDirectoryIndexSize=142
[2021.09.02-07.42.59:525][  0]LogShaderLibrary: Display: ShaderCodeLibraryPakFileMountedCallback: PakFile 'C:/UE_4.27/FeaturePacks/TP_PuzzleBP.upack' (chunk index -1, root 'root:/') mounted
[2021.09.02-07.42.59:525][  0]LogShaderLibrary: Display: ShaderCodeLibraryPakFileMountedCallback: pending pak file info (ChunkID:-1 Root:root:/ File:C:/UE_4.27/FeaturePacks/TP_PuzzleBP.upack)
[2021.09.02-07.42.59:525][  0]LogPakFile: OnPakFileMounted2Time == 0.000024
[2021.09.02-07.42.59:525][  0]LogPakFile: PakFile PrimaryIndexSize=183
[2021.09.02-07.42.59:525][  0]LogPakFile: PakFile PathHashIndexSize=101
[2021.09.02-07.42.59:525][  0]LogPakFile: PakFile FullDirectoryIndexSize=140
[2021.09.02-07.42.59:525][  0]LogShaderLibrary: Display: ShaderCodeLibraryPakFileMountedCallback: PakFile 'C:/UE_4.27/FeaturePacks/TP_Rolling.upack' (chunk index -1, root 'root:/') mounted
[2021.09.02-07.42.59:525][  0]LogShaderLibrary: Display: ShaderCodeLibraryPakFileMountedCallback: pending pak file info (ChunkID:-1 Root:root:/ File:C:/UE_4.27/FeaturePacks/TP_Rolling.upack)
[2021.09.02-07.42.59:525][  0]LogPakFile: OnPakFileMounted2Time == 0.000025
[2021.09.02-07.42.59:526][  0]LogPakFile: PakFile PrimaryIndexSize=185
[2021.09.02-07.42.59:526][  0]LogPakFile: PakFile PathHashIndexSize=101
[2021.09.02-07.42.59:526][  0]LogPakFile: PakFile FullDirectoryIndexSize=144
[2021.09.02-07.42.59:526][  0]LogShaderLibrary: Display: ShaderCodeLibraryPakFileMountedCallback: PakFile 'C:/UE_4.27/FeaturePacks/TP_RollingBP.upack' (chunk index -1, root 'root:/') mounted
[2021.09.02-07.42.59:526][  0]LogShaderLibrary: Display: ShaderCodeLibraryPakFileMountedCallback: pending pak file info (ChunkID:-1 Root:root:/ File:C:/UE_4.27/FeaturePacks/TP_RollingBP.upack)
[2021.09.02-07.42.59:526][  0]LogPakFile: OnPakFileMounted2Time == 0.000024
[2021.09.02-07.42.59:526][  0]LogPakFile: PakFile PrimaryIndexSize=188
[2021.09.02-07.42.59:526][  0]LogPakFile: PakFile PathHashIndexSize=101
[2021.09.02-07.42.59:526][  0]LogPakFile: PakFile FullDirectoryIndexSize=150
[2021.09.02-07.42.59:526][  0]LogShaderLibrary: Display: ShaderCodeLibraryPakFileMountedCallback: PakFile 'C:/UE_4.27/FeaturePacks/TP_SideScroller.upack' (chunk index -1, root 'root:/') mounted
[2021.09.02-07.42.59:526][  0]LogShaderLibrary: Display: ShaderCodeLibraryPakFileMountedCallback: pending pak file info (ChunkID:-1 Root:root:/ File:C:/UE_4.27/FeaturePacks/TP_SideScroller.upack)
[2021.09.02-07.42.59:526][  0]LogPakFile: OnPakFileMounted2Time == 0.000023
[2021.09.02-07.42.59:527][  0]LogPakFile: PakFile PrimaryIndexSize=190
[2021.09.02-07.42.59:527][  0]LogPakFile: PakFile PathHashIndexSize=101
[2021.09.02-07.42.59:527][  0]LogPakFile: PakFile FullDirectoryIndexSize=154
[2021.09.02-07.42.59:527][  0]LogShaderLibrary: Display: ShaderCodeLibraryPakFileMountedCallback: PakFile 'C:/UE_4.27/FeaturePacks/TP_SideScrollerBP.upack' (chunk index -1, root 'root:/') mounted
[2021.09.02-07.42.59:527][  0]LogShaderLibrary: Display: ShaderCodeLibraryPakFileMountedCallback: pending pak file info (ChunkID:-1 Root:root:/ File:C:/UE_4.27/FeaturePacks/TP_SideScrollerBP.upack)
[2021.09.02-07.42.59:527][  0]LogPakFile: OnPakFileMounted2Time == 0.000027
[2021.09.02-07.42.59:527][  0]LogPakFile: PakFile PrimaryIndexSize=187
[2021.09.02-07.42.59:527][  0]LogPakFile: PakFile PathHashIndexSize=101
[2021.09.02-07.42.59:527][  0]LogPakFile: PakFile FullDirectoryIndexSize=148
[2021.09.02-07.42.59:527][  0]LogShaderLibrary: Display: ShaderCodeLibraryPakFileMountedCallback: PakFile 'C:/UE_4.27/FeaturePacks/TP_ThirdPerson.upack' (chunk index -1, root 'root:/') mounted
[2021.09.02-07.42.59:527][  0]LogShaderLibrary: Display: ShaderCodeLibraryPakFileMountedCallback: pending pak file info (ChunkID:-1 Root:root:/ File:C:/UE_4.27/FeaturePacks/TP_ThirdPerson.upack)
[2021.09.02-07.42.59:527][  0]LogPakFile: OnPakFileMounted2Time == 0.000025
[2021.09.02-07.42.59:528][  0]LogPakFile: PakFile PrimaryIndexSize=189
[2021.09.02-07.42.59:528][  0]LogPakFile: PakFile PathHashIndexSize=101
[2021.09.02-07.42.59:528][  0]LogPakFile: PakFile FullDirectoryIndexSize=152
[2021.09.02-07.42.59:528][  0]LogShaderLibrary: Display: ShaderCodeLibraryPakFileMountedCallback: PakFile 'C:/UE_4.27/FeaturePacks/TP_ThirdPersonBP.upack' (chunk index -1, root 'root:/') mounted
[2021.09.02-07.42.59:528][  0]LogShaderLibrary: Display: ShaderCodeLibraryPakFileMountedCallback: pending pak file info (ChunkID:-1 Root:root:/ File:C:/UE_4.27/FeaturePacks/TP_ThirdPersonBP.upack)
[2021.09.02-07.42.59:528][  0]LogPakFile: OnPakFileMounted2Time == 0.000023
[2021.09.02-07.42.59:528][  0]LogPakFile: PakFile PrimaryIndexSize=183
[2021.09.02-07.42.59:528][  0]LogPakFile: PakFile PathHashIndexSize=101
[2021.09.02-07.42.59:528][  0]LogPakFile: PakFile FullDirectoryIndexSize=140
[2021.09.02-07.42.59:528][  0]LogShaderLibrary: Display: ShaderCodeLibraryPakFileMountedCallback: PakFile 'C:/UE_4.27/FeaturePacks/TP_TopDown.upack' (chunk index -1, root 'root:/') mounted
[2021.09.02-07.42.59:528][  0]LogShaderLibrary: Display: ShaderCodeLibraryPakFileMountedCallback: pending pak file info (ChunkID:-1 Root:root:/ File:C:/UE_4.27/FeaturePacks/TP_TopDown.upack)
[2021.09.02-07.42.59:528][  0]LogPakFile: OnPakFileMounted2Time == 0.000028
[2021.09.02-07.42.59:528][  0]LogPakFile: PakFile PrimaryIndexSize=185
[2021.09.02-07.42.59:528][  0]LogPakFile: PakFile PathHashIndexSize=101
[2021.09.02-07.42.59:528][  0]LogPakFile: PakFile FullDirectoryIndexSize=144
[2021.09.02-07.42.59:528][  0]LogShaderLibrary: Display: ShaderCodeLibraryPakFileMountedCallback: PakFile 'C:/UE_4.27/FeaturePacks/TP_TopDownBP.upack' (chunk index -1, root 'root:/') mounted
[2021.09.02-07.42.59:528][  0]LogShaderLibrary: Display: ShaderCodeLibraryPakFileMountedCallback: pending pak file info (ChunkID:-1 Root:root:/ File:C:/UE_4.27/FeaturePacks/TP_TopDownBP.upack)
[2021.09.02-07.42.59:528][  0]LogPakFile: OnPakFileMounted2Time == 0.000025
[2021.09.02-07.42.59:529][  0]LogPakFile: PakFile PrimaryIndexSize=185
[2021.09.02-07.42.59:529][  0]LogPakFile: PakFile PathHashIndexSize=101
[2021.09.02-07.42.59:529][  0]LogPakFile: PakFile FullDirectoryIndexSize=144
[2021.09.02-07.42.59:529][  0]LogShaderLibrary: Display: ShaderCodeLibraryPakFileMountedCallback: PakFile 'C:/UE_4.27/FeaturePacks/TP_TwinStick.upack' (chunk index -1, root 'root:/') mounted
[2021.09.02-07.42.59:529][  0]LogShaderLibrary: Display: ShaderCodeLibraryPakFileMountedCallback: pending pak file info (ChunkID:-1 Root:root:/ File:C:/UE_4.27/FeaturePacks/TP_TwinStick.upack)
[2021.09.02-07.42.59:529][  0]LogPakFile: OnPakFileMounted2Time == 0.000023
[2021.09.02-07.42.59:529][  0]LogPakFile: PakFile PrimaryIndexSize=187
[2021.09.02-07.42.59:529][  0]LogPakFile: PakFile PathHashIndexSize=101
[2021.09.02-07.42.59:529][  0]LogPakFile: PakFile FullDirectoryIndexSize=148
[2021.09.02-07.42.59:529][  0]LogShaderLibrary: Display: ShaderCodeLibraryPakFileMountedCallback: PakFile 'C:/UE_4.27/FeaturePacks/TP_TwinStickBP.upack' (chunk index -1, root 'root:/') mounted
[2021.09.02-07.42.59:529][  0]LogShaderLibrary: Display: ShaderCodeLibraryPakFileMountedCallback: pending pak file info (ChunkID:-1 Root:root:/ File:C:/UE_4.27/FeaturePacks/TP_TwinStickBP.upack)
[2021.09.02-07.42.59:529][  0]LogPakFile: OnPakFileMounted2Time == 0.000025
[2021.09.02-07.42.59:530][  0]LogPakFile: PakFile PrimaryIndexSize=183
[2021.09.02-07.42.59:530][  0]LogPakFile: PakFile PathHashIndexSize=101
[2021.09.02-07.42.59:530][  0]LogPakFile: PakFile FullDirectoryIndexSize=140
[2021.09.02-07.42.59:530][  0]LogShaderLibrary: Display: ShaderCodeLibraryPakFileMountedCallback: PakFile 'C:/UE_4.27/FeaturePacks/TP_Vehicle.upack' (chunk index -1, root 'root:/') mounted
[2021.09.02-07.42.59:530][  0]LogShaderLibrary: Display: ShaderCodeLibraryPakFileMountedCallback: pending pak file info (ChunkID:-1 Root:root:/ File:C:/UE_4.27/FeaturePacks/TP_Vehicle.upack)
[2021.09.02-07.42.59:530][  0]LogPakFile: OnPakFileMounted2Time == 0.000040
[2021.09.02-07.42.59:530][  0]LogPakFile: PakFile PrimaryIndexSize=186
[2021.09.02-07.42.59:531][  0]LogPakFile: PakFile PathHashIndexSize=101
[2021.09.02-07.42.59:531][  0]LogPakFile: PakFile FullDirectoryIndexSize=146
[2021.09.02-07.42.59:531][  0]LogShaderLibrary: Display: ShaderCodeLibraryPakFileMountedCallback: PakFile 'C:/UE_4.27/FeaturePacks/TP_VehicleAdv.upack' (chunk index -1, root 'root:/') mounted
[2021.09.02-07.42.59:531][  0]LogShaderLibrary: Display: ShaderCodeLibraryPakFileMountedCallback: pending pak file info (ChunkID:-1 Root:root:/ File:C:/UE_4.27/FeaturePacks/TP_VehicleAdv.upack)
[2021.09.02-07.42.59:531][  0]LogPakFile: OnPakFileMounted2Time == 0.000026
[2021.09.02-07.42.59:531][  0]LogPakFile: PakFile PrimaryIndexSize=188
[2021.09.02-07.42.59:531][  0]LogPakFile: PakFile PathHashIndexSize=101
[2021.09.02-07.42.59:531][  0]LogPakFile: PakFile FullDirectoryIndexSize=150
[2021.09.02-07.42.59:531][  0]LogShaderLibrary: Display: ShaderCodeLibraryPakFileMountedCallback: PakFile 'C:/UE_4.27/FeaturePacks/TP_VehicleAdvBP.upack' (chunk index -1, root 'root:/') mounted
[2021.09.02-07.42.59:531][  0]LogShaderLibrary: Display: ShaderCodeLibraryPakFileMountedCallback: pending pak file info (ChunkID:-1 Root:root:/ File:C:/UE_4.27/FeaturePacks/TP_VehicleAdvBP.upack)
[2021.09.02-07.42.59:531][  0]LogPakFile: OnPakFileMounted2Time == 0.000026
[2021.09.02-07.42.59:531][  0]LogPakFile: PakFile PrimaryIndexSize=185
[2021.09.02-07.42.59:531][  0]LogPakFile: PakFile PathHashIndexSize=101
[2021.09.02-07.42.59:531][  0]LogPakFile: PakFile FullDirectoryIndexSize=144
[2021.09.02-07.42.59:531][  0]LogShaderLibrary: Display: ShaderCodeLibraryPakFileMountedCallback: PakFile 'C:/UE_4.27/FeaturePacks/TP_VehicleBP.upack' (chunk index -1, root 'root:/') mounted
[2021.09.02-07.42.59:531][  0]LogShaderLibrary: Display: ShaderCodeLibraryPakFileMountedCallback: pending pak file info (ChunkID:-1 Root:root:/ File:C:/UE_4.27/FeaturePacks/TP_VehicleBP.upack)
[2021.09.02-07.42.59:531][  0]LogPakFile: OnPakFileMounted2Time == 0.000028
[2021.09.02-07.42.59:532][  0]LogPakFile: PakFile PrimaryIndexSize=192
[2021.09.02-07.42.59:532][  0]LogPakFile: PakFile PathHashIndexSize=101
[2021.09.02-07.42.59:532][  0]LogPakFile: PakFile FullDirectoryIndexSize=158
[2021.09.02-07.42.59:532][  0]LogShaderLibrary: Display: ShaderCodeLibraryPakFileMountedCallback: PakFile 'C:/UE_4.27/FeaturePacks/TP_VirtualRealityBP.upack' (chunk index -1, root 'root:/') mounted
[2021.09.02-07.42.59:532][  0]LogShaderLibrary: Display: ShaderCodeLibraryPakFileMountedCallback: pending pak file info (ChunkID:-1 Root:root:/ File:C:/UE_4.27/FeaturePacks/TP_VirtualRealityBP.upack)
[2021.09.02-07.42.59:532][  0]LogPakFile: OnPakFileMounted2Time == 0.000024
[2021.09.02-07.42.59:586][  0]LogNativeClassHierarchy: Verbose: Native class hierarchy populated in 0.0084 seconds. Added 3801 classes and 910 folders.
[2021.09.02-07.42.59:586][  0]LogNativeClassHierarchy: Verbose: Native class hierarchy updated for 'SceneOutliner' in 0.0002 seconds. Added 2 classes and 0 folders.
[2021.09.02-07.42.59:606][  0]LogSlate: Took 0.000128 seconds to synchronously load lazily loaded font '../../../Engine/Content/Slate/Fonts/Roboto-Regular.ttf' (155K)
[2021.09.02-07.42.59:606][  0]LogSlate: Took 0.000097 seconds to synchronously load lazily loaded font '../../../Engine/Content/Editor/Slate/Fonts/FontAwesome.ttf' (139K)
[2021.09.02-07.42.59:607][  0]LogSlate: Took 0.000093 seconds to synchronously load lazily loaded font '../../../Engine/Content/Slate/Fonts/Roboto-Bold.ttf' (160K)
[2021.09.02-07.42.59:680][  0]LogRenderer: Reallocating scene render targets to support 808x432 Format 10 NumSamples 1 (Frame:1).
[2021.09.02-07.42.59:736][  0]LogNativeClassHierarchy: Verbose: Native class hierarchy updated for 'HierarchicalLODOutliner' in 0.0002 seconds. Added 0 classes and 0 folders.
[2021.09.02-07.42.59:736][  0]LogLoad: (Engine Initialization) Total time: 5.42 seconds
[2021.09.02-07.42.59:736][  0]LogLoad: (Engine Initialization) Total Blueprint compile time: 0.00 seconds
[2021.09.02-07.42.59:774][  0]LogAssetRegistry: Asset discovery search completed in 2.9839 seconds
[2021.09.02-07.42.59:778][  0]LogCollectionManager: Fixed up redirectors for 0 collections in 0.000003 seconds (updated 0 objects)
[2021.09.02-07.42.59:779][  0]LogContentStreaming: Texture pool size now 1000 MB
[2021.09.02-07.42.59:852][  7]LogSlate: Took 0.000129 seconds to synchronously load lazily loaded font '../../../Engine/Content/Slate/Fonts/Roboto-Light.ttf' (167K)
